[00:39:05.044] [INFO ] - Starting the browser... (Browser:) 
[00:39:05.082] [INFO ] - Setting up Chrome driver... (Browser:) 
[00:39:13.812] [INFO ] - Setting screen size of Browser to NORMAL... (Browser:) 
[00:39:13.813] [INFO ] - Setting screen resolution to [ScreenResolution{height=768, width=1280}]... (Browser:) 
[00:39:14.952] [INFO ] - Finding elements available on the page. (PageFactory:) 
[00:39:14.966] [INFO ] - Finding element signInLink using locator By.linkText: Sign in. (PageFactory:) 
[00:39:15.003] [INFO ] - Navigating to [http://automationpractice.com/index.php]... (DriverListner:) 
[00:39:22.923] [INFO ] - Finding elements available on the page. (PageFactory:) 
[00:39:22.924] [INFO ] - Finding element signInLink using locator By.linkText: Sign in. (PageFactory:) 
[00:39:23.687] [INFO ] - Clicking on Element... (DriverListner:) 
[00:39:25.615] [INFO ] - Finding elements available on the page. (PageFactory:) 
[00:39:25.617] [INFO ] - Finding element createAccountButton using locator By.id: SubmitCreate. (PageFactory:) 
[00:39:25.618] [INFO ] - Finding element emailId using locator By.id: email_create. (PageFactory:) 
[00:39:25.619] [INFO ] - Finding element password using locator By.id: passwd. (PageFactory:) 
[00:39:25.621] [INFO ] - Finding element signInButton using locator By.id: SubmitLogin. (PageFactory:) 
[00:39:25.622] [INFO ] - Finding element signInEmail using locator By.id: email. (PageFactory:) 
[00:39:26.379] [INFO ] - Clicking on Element... (DriverListner:) 
[00:39:27.850] [INFO ] - Writing text [jacqui.balistreri@yahoo.com]... (DriverListner:) 
[00:39:28.832] [INFO ] - Clicking on Element... (DriverListner:) 
[00:39:28.972] [INFO ] - Finding elements available on the page. (PageFactory:) 
[00:39:28.973] [INFO ] - Finding element addressLine1 using locator By.id: address1. (PageFactory:) 
[00:39:28.974] [INFO ] - Finding element addressLine2 using locator By.id: address2. (PageFactory:) 
[00:39:28.975] [INFO ] - Finding element city using locator By.id: city. (PageFactory:) 
[00:39:28.976] [INFO ] - Finding element company using locator By.id: company. (PageFactory:) 
[00:39:28.978] [INFO ] - Finding element country using locator By.id: id_country. (PageFactory:) 
[00:39:28.979] [INFO ] - Finding element day using locator By.cssSelector: #uniform-days > #days. (PageFactory:) 
[00:39:28.980] [INFO ] - Finding element firstName using locator By.name: customer_firstname. (PageFactory:) 
[00:39:28.981] [INFO ] - Finding element lastName using locator By.name: customer_lastname. (PageFactory:) 
[00:39:28.982] [INFO ] - Finding element mobilePhone using locator By.id: phone_mobile. (PageFactory:) 
[00:39:28.985] [INFO ] - Finding element month using locator By.cssSelector: #months. (PageFactory:) 
[00:39:28.986] [INFO ] - Finding element mrRadioBtn using locator By.cssSelector: #uniform-id_gender1. (PageFactory:) 
[00:39:28.988] [INFO ] - Finding element mrsRadioBtn using locator By.cssSelector: #uniform-id_gender2. (PageFactory:) 
[00:39:28.989] [INFO ] - Finding element password using locator By.id: passwd. (PageFactory:) 
[00:39:28.990] [INFO ] - Finding element receiveOffers using locator By.id: optin. (PageFactory:) 
[00:39:28.991] [INFO ] - Finding element registerButton using locator By.id: submitAccount. (PageFactory:) 
[00:39:28.992] [INFO ] - Finding element signUp using locator By.id: newsletter. (PageFactory:) 
[00:39:28.993] [INFO ] - Finding element state using locator By.id: uniform-id_state. (PageFactory:) 
[00:39:28.996] [INFO ] - Finding element year using locator By.cssSelector: #years. (PageFactory:) 
[00:39:28.998] [INFO ] - Finding element zipCode using locator By.id: postcode. (PageFactory:) 
[00:39:31.867] [INFO ] - Clicking on Element... (DriverListner:) 
[00:39:33.850] [INFO ] - Writing text [Millard]... (DriverListner:) 
[00:39:34.742] [INFO ] - Writing text [Gerhold]... (DriverListner:) 
[00:39:35.597] [INFO ] - Writing text [Pass@123]... (DriverListner:) 
