[00:34:26.142] [INFO ] - Starting the browser... (Browser:212) 
[00:34:26.177] [INFO ] - Setting up Chrome driver... (Browser:75) 
[00:34:34.094] [INFO ] - Setting screen size of Browser to NORMAL... (Browser:253) 
[00:34:34.096] [INFO ] - Setting screen resolution to [ScreenResolution{height=768, width=1280}]... (Browser:264) 
[00:34:35.235] [INFO ] - Finding elements available on the page. (PageFactory:51) 
[00:34:35.245] [INFO ] - Finding element signInLink using locator By.linkText: Sign in. (PageFactory:83) 
[00:34:35.276] [INFO ] - Navigating to [http://automationpractice.com/index.php]... (DriverListner:299) 
[00:34:42.205] [TRACE] - Navigated to url [http://automationpractice.com/index.php]... (DriverListner:154) 
[00:34:42.208] [INFO ] - Finding elements available on the page. (PageFactory:51) 
[00:34:42.209] [INFO ] - Finding element signInLink using locator By.linkText: Sign in. (PageFactory:83) 
[00:34:42.217] [TRACE] - Finding element by [By.linkText: Sign in] (DriverListner:236) 
[00:34:42.265] [TRACE] - Element found using [By.linkText: Sign in]... (DriverListner:91) 
[00:34:42.937] [INFO ] - Clicking on Element... (DriverListner:224) 
[00:34:45.040] [TRACE] - Clicked on element... (DriverListner:79) 
[00:34:45.136] [INFO ] - Finding elements available on the page. (PageFactory:51) 
[00:34:45.138] [INFO ] - Finding element createAccountButton using locator By.id: SubmitCreate. (PageFactory:83) 
[00:34:45.139] [INFO ] - Finding element emailId using locator By.id: email_create. (PageFactory:83) 
[00:34:45.141] [INFO ] - Finding element password using locator By.id: passwd. (PageFactory:83) 
[00:34:45.142] [INFO ] - Finding element signInButton using locator By.id: SubmitLogin. (PageFactory:83) 
[00:34:45.143] [INFO ] - Finding element signInEmail using locator By.id: email. (PageFactory:83) 
[00:34:45.285] [TRACE] - Finding element by [By.id: email_create] (DriverListner:236) 
[00:34:45.407] [TRACE] - Element found using [By.id: email_create]... (DriverListner:91) 
[00:34:46.056] [INFO ] - Clicking on Element... (DriverListner:224) 
[00:34:46.202] [TRACE] - Clicked on element... (DriverListner:79) 
[00:34:46.206] [TRACE] - Finding element by [By.id: email_create] (DriverListner:236) 
[00:34:46.247] [TRACE] - Element found using [By.id: email_create]... (DriverListner:91) 
[00:34:47.026] [TRACE] - Finding element by [By.id: email_create] (DriverListner:236) 
[00:34:47.048] [TRACE] - Element found using [By.id: email_create]... (DriverListner:91) 
[00:34:47.593] [INFO ] - Writing text [sabine.bernhard@gmail.com]... (DriverListner:212) 
[00:34:47.879] [TRACE] - Text [sabine.bernhard@gmail.com] has been entered... (DriverListner:67) 
[00:34:47.879] [TRACE] - Finding element by [By.id: SubmitCreate] (DriverListner:236) 
[00:34:47.922] [TRACE] - Element found using [By.id: SubmitCreate]... (DriverListner:91) 
[00:34:48.558] [INFO ] - Clicking on Element... (DriverListner:224) 
[00:34:48.718] [TRACE] - Clicked on element... (DriverListner:79) 
[00:34:48.723] [INFO ] - Finding elements available on the page. (PageFactory:51) 
[00:34:48.724] [INFO ] - Finding element addressLine1 using locator By.id: address1. (PageFactory:83) 
[00:34:48.725] [INFO ] - Finding element addressLine2 using locator By.id: address2. (PageFactory:83) 
[00:34:48.726] [INFO ] - Finding element city using locator By.id: city. (PageFactory:83) 
[00:34:48.727] [INFO ] - Finding element company using locator By.id: company. (PageFactory:83) 
[00:34:48.730] [INFO ] - Finding element country using locator By.id: id_country. (PageFactory:83) 
[00:34:48.731] [INFO ] - Finding element day using locator By.cssSelector: #days. (PageFactory:83) 
[00:34:48.732] [INFO ] - Finding element firstName using locator By.name: customer_firstname. (PageFactory:83) 
[00:34:48.733] [INFO ] - Finding element lastName using locator By.name: customer_lastname. (PageFactory:83) 
[00:34:48.734] [INFO ] - Finding element mobilePhone using locator By.id: phone_mobile. (PageFactory:83) 
[00:34:48.736] [INFO ] - Finding element month using locator By.cssSelector: #months. (PageFactory:83) 
[00:34:48.737] [INFO ] - Finding element mrRadioBtn using locator By.cssSelector: #uniform-id_gender1. (PageFactory:83) 
[00:34:48.738] [INFO ] - Finding element mrsRadioBtn using locator By.cssSelector: #uniform-id_gender2. (PageFactory:83) 
[00:34:48.739] [INFO ] - Finding element password using locator By.id: passwd. (PageFactory:83) 
[00:34:48.740] [INFO ] - Finding element receiveOffers using locator By.id: optin. (PageFactory:83) 
[00:34:48.741] [INFO ] - Finding element registerButton using locator By.id: submitAccount. (PageFactory:83) 
[00:34:48.742] [INFO ] - Finding element signUp using locator By.id: newsletter. (PageFactory:83) 
[00:34:48.743] [INFO ] - Finding element state using locator By.id: uniform-id_state. (PageFactory:83) 
[00:34:48.745] [INFO ] - Finding element year using locator By.cssSelector: #years. (PageFactory:83) 
[00:34:48.746] [INFO ] - Finding element zipCode using locator By.id: postcode. (PageFactory:83) 
[00:34:48.749] [TRACE] - Finding element by [By.cssSelector: #uniform-id_gender1] (DriverListner:236) 
[00:34:50.952] [TRACE] - Element found using [By.cssSelector: #uniform-id_gender1]... (DriverListner:91) 
[00:34:51.590] [INFO ] - Clicking on Element... (DriverListner:224) 
[00:34:51.709] [TRACE] - Clicked on element... (DriverListner:79) 
[00:34:53.075] [TRACE] - Finding element by [By.name: customer_firstname] (DriverListner:236) 
[00:34:53.121] [TRACE] - Element found using [By.name: customer_firstname]... (DriverListner:91) 
[00:34:53.729] [INFO ] - Writing text [Mario]... (DriverListner:212) 
[00:34:53.945] [TRACE] - Text [Mario] has been entered... (DriverListner:67) 
[00:34:53.946] [TRACE] - Finding element by [By.name: customer_lastname] (DriverListner:236) 
[00:34:53.982] [TRACE] - Element found using [By.name: customer_lastname]... (DriverListner:91) 
[00:34:54.585] [INFO ] - Writing text [Oberbrunner]... (DriverListner:212) 
[00:34:54.817] [TRACE] - Text [Oberbrunner] has been entered... (DriverListner:67) 
[00:34:54.818] [TRACE] - Finding element by [By.id: passwd] (DriverListner:236) 
[00:34:54.853] [TRACE] - Element found using [By.id: passwd]... (DriverListner:91) 
[00:34:55.455] [INFO ] - Writing text [Pass@123]... (DriverListner:212) 
[00:34:55.671] [TRACE] - Text [Pass@123] has been entered... (DriverListner:67) 
[00:34:55.673] [TRACE] - Finding element by [By.cssSelector: #days] (DriverListner:236) 
[00:34:55.710] [TRACE] - Element found using [By.cssSelector: #days]... (DriverListner:91) 
[00:34:56.250] [TRACE] - Finding element by [By.cssSelector: #days] (DriverListner:236) 
[00:34:56.265] [TRACE] - Element found using [By.cssSelector: #days]... (DriverListner:91) 
[00:34:56.788] [TRACE] - Finding element by [By.cssSelector: #days] (DriverListner:236) 
[00:34:56.804] [TRACE] - Element found using [By.cssSelector: #days]... (DriverListner:91) 
[00:34:57.325] [TRACE] - Finding element by [By.cssSelector: #days] (DriverListner:236) 
[00:34:57.341] [TRACE] - Element found using [By.cssSelector: #days]... (DriverListner:91) 
[00:34:57.864] [TRACE] - Finding element by [By.cssSelector: #days] (DriverListner:236) 
[00:34:57.881] [TRACE] - Element found using [By.cssSelector: #days]... (DriverListner:91) 
[00:34:58.403] [TRACE] - Finding element by [By.cssSelector: #days] (DriverListner:236) 
[00:34:58.420] [TRACE] - Element found using [By.cssSelector: #days]... (DriverListner:91) 
[00:34:58.943] [TRACE] - Finding element by [By.cssSelector: #days] (DriverListner:236) 
[00:34:58.961] [TRACE] - Element found using [By.cssSelector: #days]... (DriverListner:91) 
[00:34:59.504] [TRACE] - Finding element by [By.cssSelector: #days] (DriverListner:236) 
[00:34:59.520] [TRACE] - Element found using [By.cssSelector: #days]... (DriverListner:91) 
[00:35:00.043] [TRACE] - Finding element by [By.cssSelector: #days] (DriverListner:236) 
[00:35:00.063] [TRACE] - Element found using [By.cssSelector: #days]... (DriverListner:91) 
[00:35:00.589] [TRACE] - Finding element by [By.cssSelector: #days] (DriverListner:236) 
[00:35:00.605] [TRACE] - Element found using [By.cssSelector: #days]... (DriverListner:91) 
[00:35:01.131] [TRACE] - Finding element by [By.cssSelector: #days] (DriverListner:236) 
[00:35:01.148] [TRACE] - Element found using [By.cssSelector: #days]... (DriverListner:91) 
[00:35:01.671] [TRACE] - Finding element by [By.cssSelector: #days] (DriverListner:236) 
[00:35:01.688] [TRACE] - Element found using [By.cssSelector: #days]... (DriverListner:91) 
[00:35:02.211] [TRACE] - Finding element by [By.cssSelector: #days] (DriverListner:236) 
[00:35:02.227] [TRACE] - Element found using [By.cssSelector: #days]... (DriverListner:91) 
[00:35:02.750] [TRACE] - Finding element by [By.cssSelector: #days] (DriverListner:236) 
[00:35:02.765] [TRACE] - Element found using [By.cssSelector: #days]... (DriverListner:91) 
[00:35:03.290] [TRACE] - Finding element by [By.cssSelector: #days] (DriverListner:236) 
[00:35:03.304] [TRACE] - Element found using [By.cssSelector: #days]... (DriverListner:91) 
[00:35:03.828] [TRACE] - Finding element by [By.cssSelector: #days] (DriverListner:236) 
[00:35:03.844] [TRACE] - Element found using [By.cssSelector: #days]... (DriverListner:91) 
[00:35:04.367] [TRACE] - Finding element by [By.cssSelector: #days] (DriverListner:236) 
[00:35:04.382] [TRACE] - Element found using [By.cssSelector: #days]... (DriverListner:91) 
[00:35:04.904] [TRACE] - Finding element by [By.cssSelector: #days] (DriverListner:236) 
[00:35:04.919] [TRACE] - Element found using [By.cssSelector: #days]... (DriverListner:91) 
[00:35:05.442] [TRACE] - Finding element by [By.cssSelector: #days] (DriverListner:236) 
[00:35:05.457] [TRACE] - Element found using [By.cssSelector: #days]... (DriverListner:91) 
[00:35:05.982] [TRACE] - Finding element by [By.cssSelector: #days] (DriverListner:236) 
[00:35:06.000] [TRACE] - Element found using [By.cssSelector: #days]... (DriverListner:91) 
[00:35:06.523] [TRACE] - Finding element by [By.cssSelector: #days] (DriverListner:236) 
[00:35:06.539] [TRACE] - Element found using [By.cssSelector: #days]... (DriverListner:91) 
[00:35:07.060] [TRACE] - Finding element by [By.cssSelector: #days] (DriverListner:236) 
[00:35:07.076] [TRACE] - Element found using [By.cssSelector: #days]... (DriverListner:91) 
[00:35:07.601] [TRACE] - Finding element by [By.cssSelector: #days] (DriverListner:236) 
[00:35:07.616] [TRACE] - Element found using [By.cssSelector: #days]... (DriverListner:91) 
[00:35:08.140] [TRACE] - Finding element by [By.cssSelector: #days] (DriverListner:236) 
[00:35:08.155] [TRACE] - Element found using [By.cssSelector: #days]... (DriverListner:91) 
[00:35:08.680] [TRACE] - Finding element by [By.cssSelector: #days] (DriverListner:236) 
[00:35:08.695] [TRACE] - Element found using [By.cssSelector: #days]... (DriverListner:91) 
[00:35:09.218] [TRACE] - Finding element by [By.cssSelector: #days] (DriverListner:236) 
[00:35:09.233] [TRACE] - Element found using [By.cssSelector: #days]... (DriverListner:91) 
[00:35:09.756] [TRACE] - Finding element by [By.cssSelector: #days] (DriverListner:236) 
[00:35:09.771] [TRACE] - Element found using [By.cssSelector: #days]... (DriverListner:91) 
[00:35:10.293] [TRACE] - Finding element by [By.cssSelector: #days] (DriverListner:236) 
[00:35:10.308] [TRACE] - Element found using [By.cssSelector: #days]... (DriverListner:91) 
[00:35:10.829] [TRACE] - Finding element by [By.cssSelector: #days] (DriverListner:236) 
[00:35:10.845] [TRACE] - Element found using [By.cssSelector: #days]... (DriverListner:91) 
[00:35:11.368] [TRACE] - Finding element by [By.cssSelector: #days] (DriverListner:236) 
[00:35:11.383] [TRACE] - Element found using [By.cssSelector: #days]... (DriverListner:91) 
[00:35:11.906] [TRACE] - Finding element by [By.cssSelector: #days] (DriverListner:236) 
[00:35:11.921] [TRACE] - Element found using [By.cssSelector: #days]... (DriverListner:91) 
[00:35:12.463] [TRACE] - Finding element by [By.cssSelector: #days] (DriverListner:236) 
[00:35:12.478] [TRACE] - Element found using [By.cssSelector: #days]... (DriverListner:91) 
[00:35:13.005] [TRACE] - Finding element by [By.cssSelector: #days] (DriverListner:236) 
[00:35:13.021] [TRACE] - Element found using [By.cssSelector: #days]... (DriverListner:91) 
[00:35:13.543] [TRACE] - Finding element by [By.cssSelector: #days] (DriverListner:236) 
[00:35:13.558] [TRACE] - Element found using [By.cssSelector: #days]... (DriverListner:91) 
[00:35:14.082] [TRACE] - Finding element by [By.cssSelector: #days] (DriverListner:236) 
[00:35:14.099] [TRACE] - Element found using [By.cssSelector: #days]... (DriverListner:91) 
[00:35:14.624] [TRACE] - Finding element by [By.cssSelector: #days] (DriverListner:236) 
[00:35:14.640] [TRACE] - Element found using [By.cssSelector: #days]... (DriverListner:91) 
[00:35:15.162] [TRACE] - Finding element by [By.cssSelector: #days] (DriverListner:236) 
[00:35:15.180] [TRACE] - Element found using [By.cssSelector: #days]... (DriverListner:91) 
[00:35:15.707] [TRACE] - Finding element by [By.cssSelector: #days] (DriverListner:236) 
[00:35:15.727] [TRACE] - Element found using [By.cssSelector: #days]... (DriverListner:91) 
[00:35:16.268] [TRACE] - Finding element by [By.cssSelector: #days] (DriverListner:236) 
[00:35:16.288] [TRACE] - Element found using [By.cssSelector: #days]... (DriverListner:91) 
[00:35:16.818] [TRACE] - Finding element by [By.cssSelector: #days] (DriverListner:236) 
[00:35:16.836] [TRACE] - Element found using [By.cssSelector: #days]... (DriverListner:91) 
[00:35:17.363] [TRACE] - Finding element by [By.cssSelector: #days] (DriverListner:236) 
[00:35:17.380] [TRACE] - Element found using [By.cssSelector: #days]... (DriverListner:91) 
[00:35:18.179] [TRACE] - Finding element by [By.cssSelector: #days] (DriverListner:236) 
[00:35:18.199] [TRACE] - Element found using [By.cssSelector: #days]... (DriverListner:91) 
[00:35:18.724] [TRACE] - Finding element by [By.cssSelector: #days] (DriverListner:236) 
[00:35:18.741] [TRACE] - Element found using [By.cssSelector: #days]... (DriverListner:91) 
[00:35:19.267] [TRACE] - Finding element by [By.cssSelector: #days] (DriverListner:236) 
[00:35:19.333] [TRACE] - Element found using [By.cssSelector: #days]... (DriverListner:91) 
[00:35:19.900] [TRACE] - Finding element by [By.cssSelector: #days] (DriverListner:236) 
[00:35:19.919] [TRACE] - Element found using [By.cssSelector: #days]... (DriverListner:91) 
[00:35:20.444] [TRACE] - Finding element by [By.cssSelector: #days] (DriverListner:236) 
[00:35:20.469] [TRACE] - Element found using [By.cssSelector: #days]... (DriverListner:91) 
[00:35:20.996] [TRACE] - Finding element by [By.cssSelector: #days] (DriverListner:236) 
[00:35:21.012] [TRACE] - Element found using [By.cssSelector: #days]... (DriverListner:91) 
[00:35:21.538] [TRACE] - Finding element by [By.cssSelector: #days] (DriverListner:236) 
[00:35:21.554] [TRACE] - Element found using [By.cssSelector: #days]... (DriverListner:91) 
[00:35:22.079] [TRACE] - Finding element by [By.cssSelector: #days] (DriverListner:236) 
[00:35:22.120] [TRACE] - Element found using [By.cssSelector: #days]... (DriverListner:91) 
[00:35:22.653] [TRACE] - Finding element by [By.cssSelector: #days] (DriverListner:236) 
[00:35:22.683] [TRACE] - Element found using [By.cssSelector: #days]... (DriverListner:91) 
[00:35:23.219] [TRACE] - Finding element by [By.cssSelector: #days] (DriverListner:236) 
[00:35:23.237] [TRACE] - Element found using [By.cssSelector: #days]... (DriverListner:91) 
[00:35:23.765] [TRACE] - Finding element by [By.cssSelector: #days] (DriverListner:236) 
[00:35:23.914] [TRACE] - Element found using [By.cssSelector: #days]... (DriverListner:91) 
[00:35:24.443] [TRACE] - Finding element by [By.cssSelector: #days] (DriverListner:236) 
[00:35:24.461] [TRACE] - Element found using [By.cssSelector: #days]... (DriverListner:91) 
[00:35:24.984] [TRACE] - Finding element by [By.cssSelector: #days] (DriverListner:236) 
[00:35:25.004] [TRACE] - Element found using [By.cssSelector: #days]... (DriverListner:91) 
[00:35:25.574] [TRACE] - Finding element by [By.cssSelector: #days] (DriverListner:236) 
[00:35:25.591] [TRACE] - Element found using [By.cssSelector: #days]... (DriverListner:91) 
[00:35:26.121] [TRACE] - Finding element by [By.cssSelector: #days] (DriverListner:236) 
[00:35:26.137] [TRACE] - Element found using [By.cssSelector: #days]... (DriverListner:91) 
[00:35:26.666] [TRACE] - Finding element by [By.cssSelector: #days] (DriverListner:236) 
[00:35:26.681] [TRACE] - Element found using [By.cssSelector: #days]... (DriverListner:91) 
[00:35:27.205] [TRACE] - Finding element by [By.cssSelector: #days] (DriverListner:236) 
[00:35:27.222] [TRACE] - Element found using [By.cssSelector: #days]... (DriverListner:91) 
[00:35:27.744] [TRACE] - Finding element by [By.cssSelector: #days] (DriverListner:236) 
[00:35:27.759] [TRACE] - Element found using [By.cssSelector: #days]... (DriverListner:91) 
[00:35:28.284] [TRACE] - Finding element by [By.cssSelector: #days] (DriverListner:236) 
[00:35:28.300] [TRACE] - Element found using [By.cssSelector: #days]... (DriverListner:91) 
[00:35:28.827] [TRACE] - Finding element by [By.cssSelector: #days] (DriverListner:236) 
[00:35:28.864] [TRACE] - Element found using [By.cssSelector: #days]... (DriverListner:91) 
[00:35:29.400] [TRACE] - Finding element by [By.cssSelector: #days] (DriverListner:236) 
[00:35:29.422] [TRACE] - Element found using [By.cssSelector: #days]... (DriverListner:91) 
[00:35:29.954] [TRACE] - Finding element by [By.cssSelector: #days] (DriverListner:236) 
[00:35:29.969] [TRACE] - Element found using [By.cssSelector: #days]... (DriverListner:91) 
[00:35:30.494] [TRACE] - Finding element by [By.cssSelector: #days] (DriverListner:236) 
[00:35:30.523] [TRACE] - Element found using [By.cssSelector: #days]... (DriverListner:91) 
[00:35:31.068] [TRACE] - Finding element by [By.cssSelector: #days] (DriverListner:236) 
[00:35:31.096] [TRACE] - Element found using [By.cssSelector: #days]... (DriverListner:91) 
[00:35:31.628] [TRACE] - Finding element by [By.cssSelector: #days] (DriverListner:236) 
[00:35:31.643] [TRACE] - Element found using [By.cssSelector: #days]... (DriverListner:91) 
[00:35:32.168] [TRACE] - Finding element by [By.cssSelector: #days] (DriverListner:236) 
[00:35:32.184] [TRACE] - Element found using [By.cssSelector: #days]... (DriverListner:91) 
[00:35:32.705] [TRACE] - Finding element by [By.cssSelector: #days] (DriverListner:236) 
[00:35:32.729] [TRACE] - Element found using [By.cssSelector: #days]... (DriverListner:91) 
[00:35:33.262] [TRACE] - Finding element by [By.cssSelector: #days] (DriverListner:236) 
[00:35:33.287] [TRACE] - Element found using [By.cssSelector: #days]... (DriverListner:91) 
[00:35:33.822] [TRACE] - Finding element by [By.cssSelector: #days] (DriverListner:236) 
[00:35:33.838] [TRACE] - Element found using [By.cssSelector: #days]... (DriverListner:91) 
[00:35:34.364] [TRACE] - Finding element by [By.cssSelector: #days] (DriverListner:236) 
[00:35:34.379] [TRACE] - Element found using [By.cssSelector: #days]... (DriverListner:91) 
[00:35:34.901] [TRACE] - Finding element by [By.cssSelector: #days] (DriverListner:236) 
[00:35:34.917] [TRACE] - Element found using [By.cssSelector: #days]... (DriverListner:91) 
[00:35:35.440] [TRACE] - Finding element by [By.cssSelector: #days] (DriverListner:236) 
[00:35:35.455] [TRACE] - Element found using [By.cssSelector: #days]... (DriverListner:91) 
[00:35:35.978] [TRACE] - Finding element by [By.cssSelector: #days] (DriverListner:236) 
[00:35:35.994] [TRACE] - Element found using [By.cssSelector: #days]... (DriverListner:91) 
[00:35:36.516] [TRACE] - Finding element by [By.cssSelector: #days] (DriverListner:236) 
[00:35:36.532] [TRACE] - Element found using [By.cssSelector: #days]... (DriverListner:91) 
[00:35:37.053] [TRACE] - Finding element by [By.cssSelector: #days] (DriverListner:236) 
[00:35:37.077] [TRACE] - Element found using [By.cssSelector: #days]... (DriverListner:91) 
[00:35:37.606] [TRACE] - Finding element by [By.cssSelector: #days] (DriverListner:236) 
[00:35:37.628] [TRACE] - Element found using [By.cssSelector: #days]... (DriverListner:91) 
[00:35:38.161] [TRACE] - Finding element by [By.cssSelector: #days] (DriverListner:236) 
[00:35:38.176] [TRACE] - Element found using [By.cssSelector: #days]... (DriverListner:91) 
[00:35:38.701] [TRACE] - Finding element by [By.cssSelector: #days] (DriverListner:236) 
[00:35:38.716] [TRACE] - Element found using [By.cssSelector: #days]... (DriverListner:91) 
[00:35:39.239] [TRACE] - Finding element by [By.cssSelector: #days] (DriverListner:236) 
[00:35:39.254] [TRACE] - Element found using [By.cssSelector: #days]... (DriverListner:91) 
[00:35:39.779] [TRACE] - Finding element by [By.cssSelector: #days] (DriverListner:236) 
[00:35:39.794] [TRACE] - Element found using [By.cssSelector: #days]... (DriverListner:91) 
[00:35:40.318] [TRACE] - Finding element by [By.cssSelector: #days] (DriverListner:236) 
[00:35:40.333] [TRACE] - Element found using [By.cssSelector: #days]... (DriverListner:91) 
[00:35:40.860] [TRACE] - Finding element by [By.cssSelector: #days] (DriverListner:236) 
[00:35:40.875] [TRACE] - Element found using [By.cssSelector: #days]... (DriverListner:91) 
[00:35:41.398] [TRACE] - Finding element by [By.cssSelector: #days] (DriverListner:236) 
[00:35:41.414] [TRACE] - Element found using [By.cssSelector: #days]... (DriverListner:91) 
[00:35:41.939] [TRACE] - Finding element by [By.cssSelector: #days] (DriverListner:236) 
[00:35:41.955] [TRACE] - Element found using [By.cssSelector: #days]... (DriverListner:91) 
[00:35:42.479] [TRACE] - Finding element by [By.cssSelector: #days] (DriverListner:236) 
[00:35:42.495] [TRACE] - Element found using [By.cssSelector: #days]... (DriverListner:91) 
[00:35:43.017] [TRACE] - Finding element by [By.cssSelector: #days] (DriverListner:236) 
[00:35:43.033] [TRACE] - Element found using [By.cssSelector: #days]... (DriverListner:91) 
[00:35:43.557] [TRACE] - Finding element by [By.cssSelector: #days] (DriverListner:236) 
[00:35:43.582] [TRACE] - Element found using [By.cssSelector: #days]... (DriverListner:91) 
[00:35:44.117] [TRACE] - Finding element by [By.cssSelector: #days] (DriverListner:236) 
[00:35:44.132] [TRACE] - Element found using [By.cssSelector: #days]... (DriverListner:91) 
[00:35:44.674] [TRACE] - Finding element by [By.cssSelector: #days] (DriverListner:236) 
[00:35:44.689] [TRACE] - Element found using [By.cssSelector: #days]... (DriverListner:91) 
[00:35:45.214] [TRACE] - Finding element by [By.cssSelector: #days] (DriverListner:236) 
[00:35:45.230] [TRACE] - Element found using [By.cssSelector: #days]... (DriverListner:91) 
[00:35:45.754] [TRACE] - Finding element by [By.cssSelector: #days] (DriverListner:236) 
[00:35:45.770] [TRACE] - Element found using [By.cssSelector: #days]... (DriverListner:91) 
[00:35:46.296] [TRACE] - Finding element by [By.cssSelector: #days] (DriverListner:236) 
[00:35:46.312] [TRACE] - Element found using [By.cssSelector: #days]... (DriverListner:91) 
[00:35:46.836] [TRACE] - Finding element by [By.cssSelector: #days] (DriverListner:236) 
[00:35:46.851] [TRACE] - Element found using [By.cssSelector: #days]... (DriverListner:91) 
[00:35:47.376] [TRACE] - Finding element by [By.cssSelector: #days] (DriverListner:236) 
[00:35:47.393] [TRACE] - Element found using [By.cssSelector: #days]... (DriverListner:91) 
[00:35:47.927] [TRACE] - Finding element by [By.cssSelector: #days] (DriverListner:236) 
[00:35:47.942] [TRACE] - Element found using [By.cssSelector: #days]... (DriverListner:91) 
[00:35:48.466] [TRACE] - Finding element by [By.cssSelector: #days] (DriverListner:236) 
[00:35:48.482] [TRACE] - Element found using [By.cssSelector: #days]... (DriverListner:91) 
[00:35:49.007] [TRACE] - Finding element by [By.cssSelector: #days] (DriverListner:236) 
[00:35:49.027] [TRACE] - Element found using [By.cssSelector: #days]... (DriverListner:91) 
[00:35:49.552] [TRACE] - Finding element by [By.cssSelector: #days] (DriverListner:236) 
[00:35:49.567] [TRACE] - Element found using [By.cssSelector: #days]... (DriverListner:91) 
[00:35:50.091] [TRACE] - Finding element by [By.cssSelector: #days] (DriverListner:236) 
[00:35:50.106] [TRACE] - Element found using [By.cssSelector: #days]... (DriverListner:91) 
[00:35:50.628] [TRACE] - Finding element by [By.cssSelector: #days] (DriverListner:236) 
[00:35:50.646] [TRACE] - Element found using [By.cssSelector: #days]... (DriverListner:91) 
[00:35:51.169] [TRACE] - Finding element by [By.cssSelector: #days] (DriverListner:236) 
[00:35:51.185] [TRACE] - Element found using [By.cssSelector: #days]... (DriverListner:91) 
[00:35:51.706] [TRACE] - Finding element by [By.cssSelector: #days] (DriverListner:236) 
[00:35:51.725] [TRACE] - Element found using [By.cssSelector: #days]... (DriverListner:91) 
[00:35:52.252] [TRACE] - Finding element by [By.cssSelector: #days] (DriverListner:236) 
[00:35:52.272] [TRACE] - Element found using [By.cssSelector: #days]... (DriverListner:91) 
[00:35:52.805] [TRACE] - Finding element by [By.cssSelector: #days] (DriverListner:236) 
[00:35:52.822] [TRACE] - Element found using [By.cssSelector: #days]... (DriverListner:91) 
[00:35:53.348] [TRACE] - Finding element by [By.cssSelector: #days] (DriverListner:236) 
[00:35:53.364] [TRACE] - Element found using [By.cssSelector: #days]... (DriverListner:91) 
[00:35:53.888] [TRACE] - Finding element by [By.cssSelector: #days] (DriverListner:236) 
[00:35:53.906] [TRACE] - Element found using [By.cssSelector: #days]... (DriverListner:91) 
[00:35:54.432] [TRACE] - Finding element by [By.cssSelector: #days] (DriverListner:236) 
[00:35:54.452] [TRACE] - Element found using [By.cssSelector: #days]... (DriverListner:91) 
[00:35:54.980] [TRACE] - Finding element by [By.cssSelector: #days] (DriverListner:236) 
[00:35:55.020] [TRACE] - Element found using [By.cssSelector: #days]... (DriverListner:91) 
[00:35:55.552] [TRACE] - Finding element by [By.cssSelector: #days] (DriverListner:236) 
[00:35:55.571] [TRACE] - Element found using [By.cssSelector: #days]... (DriverListner:91) 
[00:35:56.100] [TRACE] - Finding element by [By.cssSelector: #days] (DriverListner:236) 
[00:35:56.115] [TRACE] - Element found using [By.cssSelector: #days]... (DriverListner:91) 
[00:35:56.160] [TRACE] - Finding element by [By.linkText: Sign out] (DriverListner:236) 
