[00:24:28.026] [INFO ] - Starting the browser... (Browser:212) 
[00:24:28.062] [INFO ] - Setting up Chrome driver... (Browser:75) 
[00:24:36.620] [INFO ] - Setting screen size of Browser to NORMAL... (Browser:253) 
[00:24:36.621] [INFO ] - Setting screen resolution to [ScreenResolution{height=768, width=1280}]... (Browser:264) 
[00:24:37.789] [INFO ] - Finding elements available on the page. (PageFactory:51) 
[00:24:37.809] [INFO ] - Finding element signInLink using locator By.linkText: Sign in. (PageFactory:83) 
[00:24:37.847] [INFO ] - Navigating to [http://automationpractice.com/index.php]... (DriverListner:299) 
[00:24:45.232] [TRACE] - Navigated to url [http://automationpractice.com/index.php]... (DriverListner:154) 
[00:24:45.237] [INFO ] - Finding elements available on the page. (PageFactory:51) 
[00:24:45.238] [INFO ] - Finding element signInLink using locator By.linkText: Sign in. (PageFactory:83) 
[00:24:45.249] [TRACE] - Finding element by [By.linkText: Sign in] (DriverListner:236) 
[00:24:45.308] [TRACE] - Element found using [By.linkText: Sign in]... (DriverListner:91) 
[00:24:45.992] [INFO ] - Clicking on Element... (DriverListner:224) 
[00:24:48.546] [TRACE] - Clicked on element... (DriverListner:79) 
[00:24:48.602] [INFO ] - Finding elements available on the page. (PageFactory:51) 
[00:24:48.604] [INFO ] - Finding element createAccountButton using locator By.id: SubmitCreate. (PageFactory:83) 
[00:24:48.606] [INFO ] - Finding element emailId using locator By.id: email_create. (PageFactory:83) 
[00:24:48.607] [INFO ] - Finding element password using locator By.id: passwd. (PageFactory:83) 
[00:24:48.609] [INFO ] - Finding element signInButton using locator By.id: SubmitLogin. (PageFactory:83) 
[00:24:48.610] [INFO ] - Finding element signInEmail using locator By.id: email. (PageFactory:83) 
[00:24:48.699] [TRACE] - Finding element by [By.id: email_create] (DriverListner:236) 
[00:24:48.754] [TRACE] - Element found using [By.id: email_create]... (DriverListner:91) 
[00:24:49.401] [INFO ] - Clicking on Element... (DriverListner:224) 
[00:24:49.548] [TRACE] - Clicked on element... (DriverListner:79) 
[00:24:49.552] [TRACE] - Finding element by [By.id: email_create] (DriverListner:236) 
[00:24:49.588] [TRACE] - Element found using [By.id: email_create]... (DriverListner:91) 
[00:24:50.328] [TRACE] - Finding element by [By.id: email_create] (DriverListner:236) 
[00:24:50.353] [TRACE] - Element found using [By.id: email_create]... (DriverListner:91) 
[00:24:50.893] [INFO ] - Writing text [shane.wehner@gmail.com]... (DriverListner:212) 
[00:24:51.152] [TRACE] - Text [shane.wehner@gmail.com] has been entered... (DriverListner:67) 
[00:24:51.152] [TRACE] - Finding element by [By.id: SubmitCreate] (DriverListner:236) 
[00:24:51.192] [TRACE] - Element found using [By.id: SubmitCreate]... (DriverListner:91) 
[00:24:51.836] [INFO ] - Clicking on Element... (DriverListner:224) 
[00:24:51.980] [TRACE] - Clicked on element... (DriverListner:79) 
[00:24:51.983] [INFO ] - Finding elements available on the page. (PageFactory:51) 
[00:24:51.984] [INFO ] - Finding element addressLine1 using locator By.id: address1. (PageFactory:83) 
[00:24:51.985] [INFO ] - Finding element addressLine2 using locator By.id: address2. (PageFactory:83) 
[00:24:51.986] [INFO ] - Finding element city using locator By.id: city. (PageFactory:83) 
[00:24:51.987] [INFO ] - Finding element company using locator By.id: company. (PageFactory:83) 
[00:24:51.988] [INFO ] - Finding element country using locator By.id: id_country. (PageFactory:83) 
[00:24:51.989] [INFO ] - Finding element parentOfDay using locator By.id: uniform-days. (PageFactory:83) 
[00:24:51.990] [INFO ] - Finding element day using locator By.id: days. (PageFactory:83) 
[00:24:51.991] [TRACE] - Finding element by [By.id: uniform-days] (DriverListner:236) 
[00:24:54.386] [TRACE] - Element found using [By.id: uniform-days]... (DriverListner:91) 
[00:24:55.011] [TRACE] - Finding element by [By.id: days] (DriverListner:236) 
[00:24:55.074] [TRACE] - Element found using [By.id: days]... (DriverListner:91) 
[00:24:55.076] [INFO ] - Finding element firstName using locator By.name: customer_firstname. (PageFactory:83) 
[00:24:55.078] [INFO ] - Finding element lastName using locator By.name: customer_lastname. (PageFactory:83) 
[00:24:55.083] [INFO ] - Finding element mobilePhone using locator By.id: phone_mobile. (PageFactory:83) 
[00:24:55.085] [INFO ] - Finding element parentOfMonths using locator By.id: uniform-months. (PageFactory:83) 
[00:24:55.087] [INFO ] - Finding element month using locator By.id: months. (PageFactory:83) 
[00:24:55.088] [TRACE] - Finding element by [By.id: uniform-months] (DriverListner:236) 
[00:24:55.156] [TRACE] - Element found using [By.id: uniform-months]... (DriverListner:91) 
[00:24:55.859] [TRACE] - Finding element by [By.id: months] (DriverListner:236) 
[00:24:55.921] [TRACE] - Element found using [By.id: months]... (DriverListner:91) 
[00:24:55.922] [INFO ] - Finding element mrRadioBtn using locator By.id: id_gender1. (PageFactory:83) 
[00:24:55.924] [INFO ] - Finding element mrsRadioBtn using locator By.id: id_gender2. (PageFactory:83) 
[00:24:55.926] [INFO ] - Finding element parentOfDay using locator By.id: uniform-days. (PageFactory:83) 
[00:24:55.928] [INFO ] - Finding element parentOfMonths using locator By.id: uniform-months. (PageFactory:83) 
[00:24:55.929] [INFO ] - Finding element parentOfYears using locator By.id: uniform-years. (PageFactory:83) 
[00:24:55.930] [INFO ] - Finding element password using locator By.id: passwd. (PageFactory:83) 
[00:24:55.932] [INFO ] - Finding element receiveOffers using locator By.id: optin. (PageFactory:83) 
[00:24:55.933] [INFO ] - Finding element registerButton using locator By.id: submitAccount. (PageFactory:83) 
[00:24:55.935] [INFO ] - Finding element signUp using locator By.id: newsletter. (PageFactory:83) 
[00:24:55.937] [INFO ] - Finding element state using locator By.id: uniform-id_state. (PageFactory:83) 
[00:24:55.938] [INFO ] - Finding element year using locator By.id: years. (PageFactory:83) 
[00:24:55.939] [TRACE] - Finding element by [By.id: uniform-years] (DriverListner:236) 
[00:24:56.000] [TRACE] - Element found using [By.id: uniform-years]... (DriverListner:91) 
[00:24:56.689] [TRACE] - Finding element by [By.id: years] (DriverListner:236) 
[00:24:56.755] [TRACE] - Element found using [By.id: years]... (DriverListner:91) 
[00:24:56.756] [INFO ] - Finding element zipCode using locator By.id: postcode. (PageFactory:83) 
[00:24:56.762] [TRACE] - Finding element by [By.id: id_gender1] (DriverListner:236) 
[00:24:56.826] [TRACE] - Element found using [By.id: id_gender1]... (DriverListner:91) 
[00:24:57.395] [TRACE] - Finding element by [By.id: id_gender1] (DriverListner:236) 
[00:24:57.414] [TRACE] - Element found using [By.id: id_gender1]... (DriverListner:91) 
[00:24:57.936] [TRACE] - Finding element by [By.id: id_gender1] (DriverListner:236) 
[00:24:57.970] [TRACE] - Element found using [By.id: id_gender1]... (DriverListner:91) 
[00:24:58.522] [TRACE] - Finding element by [By.id: id_gender1] (DriverListner:236) 
[00:24:58.559] [TRACE] - Element found using [By.id: id_gender1]... (DriverListner:91) 
[00:24:59.120] [TRACE] - Finding element by [By.id: id_gender1] (DriverListner:236) 
[00:24:59.154] [TRACE] - Element found using [By.id: id_gender1]... (DriverListner:91) 
[00:24:59.703] [TRACE] - Finding element by [By.id: id_gender1] (DriverListner:236) 
[00:24:59.739] [TRACE] - Element found using [By.id: id_gender1]... (DriverListner:91) 
[00:25:00.289] [TRACE] - Finding element by [By.id: id_gender1] (DriverListner:236) 
[00:25:00.323] [TRACE] - Element found using [By.id: id_gender1]... (DriverListner:91) 
[00:25:00.866] [TRACE] - Finding element by [By.id: id_gender1] (DriverListner:236) 
[00:25:00.900] [TRACE] - Element found using [By.id: id_gender1]... (DriverListner:91) 
[00:25:01.432] [TRACE] - Finding element by [By.id: id_gender1] (DriverListner:236) 
[00:25:01.470] [TRACE] - Element found using [By.id: id_gender1]... (DriverListner:91) 
[00:25:02.015] [TRACE] - Finding element by [By.id: id_gender1] (DriverListner:236) 
[00:25:02.055] [TRACE] - Element found using [By.id: id_gender1]... (DriverListner:91) 
[00:25:02.604] [TRACE] - Finding element by [By.id: id_gender1] (DriverListner:236) 
[00:25:02.635] [TRACE] - Element found using [By.id: id_gender1]... (DriverListner:91) 
[00:25:03.182] [TRACE] - Finding element by [By.id: id_gender1] (DriverListner:236) 
[00:25:03.213] [TRACE] - Element found using [By.id: id_gender1]... (DriverListner:91) 
[00:25:03.761] [TRACE] - Finding element by [By.id: id_gender1] (DriverListner:236) 
[00:25:03.782] [TRACE] - Element found using [By.id: id_gender1]... (DriverListner:91) 
[00:25:04.317] [TRACE] - Finding element by [By.id: id_gender1] (DriverListner:236) 
[00:25:04.356] [TRACE] - Element found using [By.id: id_gender1]... (DriverListner:91) 
[00:25:04.913] [TRACE] - Finding element by [By.id: id_gender1] (DriverListner:236) 
[00:25:04.951] [TRACE] - Element found using [By.id: id_gender1]... (DriverListner:91) 
[00:25:05.486] [TRACE] - Finding element by [By.id: id_gender1] (DriverListner:236) 
[00:25:05.502] [TRACE] - Element found using [By.id: id_gender1]... (DriverListner:91) 
[00:25:06.029] [TRACE] - Finding element by [By.id: id_gender1] (DriverListner:236) 
[00:25:06.104] [TRACE] - Element found using [By.id: id_gender1]... (DriverListner:91) 
[00:25:06.684] [TRACE] - Finding element by [By.id: id_gender1] (DriverListner:236) 
[00:25:06.719] [TRACE] - Element found using [By.id: id_gender1]... (DriverListner:91) 
[00:25:07.272] [TRACE] - Finding element by [By.id: id_gender1] (DriverListner:236) 
[00:25:07.290] [TRACE] - Element found using [By.id: id_gender1]... (DriverListner:91) 
[00:25:07.814] [TRACE] - Finding element by [By.id: id_gender1] (DriverListner:236) 
[00:25:07.829] [TRACE] - Element found using [By.id: id_gender1]... (DriverListner:91) 
[00:25:08.354] [TRACE] - Finding element by [By.id: id_gender1] (DriverListner:236) 
[00:25:08.395] [TRACE] - Element found using [By.id: id_gender1]... (DriverListner:91) 
[00:25:08.940] [TRACE] - Finding element by [By.id: id_gender1] (DriverListner:236) 
[00:25:08.981] [TRACE] - Element found using [By.id: id_gender1]... (DriverListner:91) 
[00:25:09.510] [TRACE] - Finding element by [By.id: id_gender1] (DriverListner:236) 
[00:25:09.551] [TRACE] - Element found using [By.id: id_gender1]... (DriverListner:91) 
[00:25:10.080] [TRACE] - Finding element by [By.id: id_gender1] (DriverListner:236) 
[00:25:10.112] [TRACE] - Element found using [By.id: id_gender1]... (DriverListner:91) 
[00:25:10.677] [TRACE] - Finding element by [By.id: id_gender1] (DriverListner:236) 
[00:25:10.710] [TRACE] - Element found using [By.id: id_gender1]... (DriverListner:91) 
[00:25:11.236] [TRACE] - Finding element by [By.id: id_gender1] (DriverListner:236) 
[00:25:11.269] [TRACE] - Element found using [By.id: id_gender1]... (DriverListner:91) 
[00:25:11.818] [TRACE] - Finding element by [By.id: id_gender1] (DriverListner:236) 
[00:25:11.849] [TRACE] - Element found using [By.id: id_gender1]... (DriverListner:91) 
[00:25:12.394] [TRACE] - Finding element by [By.id: id_gender1] (DriverListner:236) 
[00:25:12.426] [TRACE] - Element found using [By.id: id_gender1]... (DriverListner:91) 
[00:25:12.970] [TRACE] - Finding element by [By.id: id_gender1] (DriverListner:236) 
[00:25:13.003] [TRACE] - Element found using [By.id: id_gender1]... (DriverListner:91) 
[00:25:13.546] [TRACE] - Finding element by [By.id: id_gender1] (DriverListner:236) 
[00:25:13.580] [TRACE] - Element found using [By.id: id_gender1]... (DriverListner:91) 
[00:25:14.132] [TRACE] - Finding element by [By.id: id_gender1] (DriverListner:236) 
[00:25:14.163] [TRACE] - Element found using [By.id: id_gender1]... (DriverListner:91) 
[00:25:14.708] [TRACE] - Finding element by [By.id: id_gender1] (DriverListner:236) 
[00:25:14.738] [TRACE] - Element found using [By.id: id_gender1]... (DriverListner:91) 
[00:25:15.287] [TRACE] - Finding element by [By.id: id_gender1] (DriverListner:236) 
[00:25:15.323] [TRACE] - Element found using [By.id: id_gender1]... (DriverListner:91) 
[00:25:15.878] [TRACE] - Finding element by [By.id: id_gender1] (DriverListner:236) 
[00:25:15.908] [TRACE] - Element found using [By.id: id_gender1]... (DriverListner:91) 
[00:25:16.465] [TRACE] - Finding element by [By.id: id_gender1] (DriverListner:236) 
[00:25:16.497] [TRACE] - Element found using [By.id: id_gender1]... (DriverListner:91) 
[00:25:17.045] [TRACE] - Finding element by [By.id: id_gender1] (DriverListner:236) 
[00:25:17.077] [TRACE] - Element found using [By.id: id_gender1]... (DriverListner:91) 
[00:25:17.622] [TRACE] - Finding element by [By.id: id_gender1] (DriverListner:236) 
[00:25:17.647] [TRACE] - Element found using [By.id: id_gender1]... (DriverListner:91) 
[00:25:18.179] [TRACE] - Finding element by [By.id: id_gender1] (DriverListner:236) 
[00:25:18.196] [TRACE] - Element found using [By.id: id_gender1]... (DriverListner:91) 
[00:25:18.737] [TRACE] - Finding element by [By.id: id_gender1] (DriverListner:236) 
[00:25:18.771] [TRACE] - Element found using [By.id: id_gender1]... (DriverListner:91) 
[00:25:19.324] [TRACE] - Finding element by [By.id: id_gender1] (DriverListner:236) 
[00:25:19.358] [TRACE] - Element found using [By.id: id_gender1]... (DriverListner:91) 
[00:25:19.903] [TRACE] - Finding element by [By.id: id_gender1] (DriverListner:236) 
[00:25:19.934] [TRACE] - Element found using [By.id: id_gender1]... (DriverListner:91) 
[00:25:20.481] [TRACE] - Finding element by [By.id: id_gender1] (DriverListner:236) 
[00:25:20.513] [TRACE] - Element found using [By.id: id_gender1]... (DriverListner:91) 
[00:25:21.059] [TRACE] - Finding element by [By.id: id_gender1] (DriverListner:236) 
[00:25:21.093] [TRACE] - Element found using [By.id: id_gender1]... (DriverListner:91) 
[00:25:21.640] [TRACE] - Finding element by [By.id: id_gender1] (DriverListner:236) 
[00:25:21.670] [TRACE] - Element found using [By.id: id_gender1]... (DriverListner:91) 
[00:25:22.215] [TRACE] - Finding element by [By.id: id_gender1] (DriverListner:236) 
[00:25:22.245] [TRACE] - Element found using [By.id: id_gender1]... (DriverListner:91) 
[00:25:22.801] [TRACE] - Finding element by [By.id: id_gender1] (DriverListner:236) 
[00:25:22.832] [TRACE] - Element found using [By.id: id_gender1]... (DriverListner:91) 
[00:25:23.377] [TRACE] - Finding element by [By.id: id_gender1] (DriverListner:236) 
[00:25:23.409] [TRACE] - Element found using [By.id: id_gender1]... (DriverListner:91) 
[00:25:23.956] [TRACE] - Finding element by [By.id: id_gender1] (DriverListner:236) 
[00:25:23.986] [TRACE] - Element found using [By.id: id_gender1]... (DriverListner:91) 
[00:25:24.533] [TRACE] - Finding element by [By.id: id_gender1] (DriverListner:236) 
[00:25:24.567] [TRACE] - Element found using [By.id: id_gender1]... (DriverListner:91) 
[00:25:25.115] [TRACE] - Finding element by [By.id: id_gender1] (DriverListner:236) 
[00:25:25.150] [TRACE] - Element found using [By.id: id_gender1]... (DriverListner:91) 
[00:25:25.692] [TRACE] - Finding element by [By.id: id_gender1] (DriverListner:236) 
[00:25:25.722] [TRACE] - Element found using [By.id: id_gender1]... (DriverListner:91) 
[00:25:26.272] [TRACE] - Finding element by [By.id: id_gender1] (DriverListner:236) 
[00:25:26.304] [TRACE] - Element found using [By.id: id_gender1]... (DriverListner:91) 
[00:25:26.848] [TRACE] - Finding element by [By.id: id_gender1] (DriverListner:236) 
[00:25:26.879] [TRACE] - Element found using [By.id: id_gender1]... (DriverListner:91) 
[00:25:27.425] [TRACE] - Finding element by [By.id: id_gender1] (DriverListner:236) 
[00:25:27.457] [TRACE] - Element found using [By.id: id_gender1]... (DriverListner:91) 
[00:25:28.000] [TRACE] - Finding element by [By.id: id_gender1] (DriverListner:236) 
[00:25:28.031] [TRACE] - Element found using [By.id: id_gender1]... (DriverListner:91) 
[00:25:28.578] [TRACE] - Finding element by [By.id: id_gender1] (DriverListner:236) 
[00:25:28.609] [TRACE] - Element found using [By.id: id_gender1]... (DriverListner:91) 
[00:25:29.155] [TRACE] - Finding element by [By.id: id_gender1] (DriverListner:236) 
[00:25:29.185] [TRACE] - Element found using [By.id: id_gender1]... (DriverListner:91) 
[00:25:29.731] [TRACE] - Finding element by [By.id: id_gender1] (DriverListner:236) 
[00:25:29.761] [TRACE] - Element found using [By.id: id_gender1]... (DriverListner:91) 
[00:25:30.317] [TRACE] - Finding element by [By.id: id_gender1] (DriverListner:236) 
[00:25:30.349] [TRACE] - Element found using [By.id: id_gender1]... (DriverListner:91) 
[00:25:30.896] [TRACE] - Finding element by [By.id: id_gender1] (DriverListner:236) 
[00:25:30.929] [TRACE] - Element found using [By.id: id_gender1]... (DriverListner:91) 
[00:25:31.475] [TRACE] - Finding element by [By.id: id_gender1] (DriverListner:236) 
[00:25:31.506] [TRACE] - Element found using [By.id: id_gender1]... (DriverListner:91) 
[00:25:32.050] [TRACE] - Finding element by [By.id: id_gender1] (DriverListner:236) 
[00:25:32.089] [TRACE] - Element found using [By.id: id_gender1]... (DriverListner:91) 
[00:25:32.634] [TRACE] - Finding element by [By.id: id_gender1] (DriverListner:236) 
[00:25:32.663] [TRACE] - Element found using [By.id: id_gender1]... (DriverListner:91) 
[00:25:33.208] [TRACE] - Finding element by [By.id: id_gender1] (DriverListner:236) 
[00:25:33.240] [TRACE] - Element found using [By.id: id_gender1]... (DriverListner:91) 
[00:25:33.788] [TRACE] - Finding element by [By.id: id_gender1] (DriverListner:236) 
[00:25:33.820] [TRACE] - Element found using [By.id: id_gender1]... (DriverListner:91) 
[00:25:34.364] [TRACE] - Finding element by [By.id: id_gender1] (DriverListner:236) 
[00:25:34.394] [TRACE] - Element found using [By.id: id_gender1]... (DriverListner:91) 
[00:25:34.940] [TRACE] - Finding element by [By.id: id_gender1] (DriverListner:236) 
[00:25:34.976] [TRACE] - Element found using [By.id: id_gender1]... (DriverListner:91) 
[00:25:35.523] [TRACE] - Finding element by [By.id: id_gender1] (DriverListner:236) 
[00:25:35.553] [TRACE] - Element found using [By.id: id_gender1]... (DriverListner:91) 
[00:25:36.101] [TRACE] - Finding element by [By.id: id_gender1] (DriverListner:236) 
[00:25:36.132] [TRACE] - Element found using [By.id: id_gender1]... (DriverListner:91) 
[00:25:36.675] [TRACE] - Finding element by [By.id: id_gender1] (DriverListner:236) 
[00:25:36.705] [TRACE] - Element found using [By.id: id_gender1]... (DriverListner:91) 
[00:25:37.260] [TRACE] - Finding element by [By.id: id_gender1] (DriverListner:236) 
[00:25:37.290] [TRACE] - Element found using [By.id: id_gender1]... (DriverListner:91) 
[00:25:37.835] [TRACE] - Finding element by [By.id: id_gender1] (DriverListner:236) 
[00:25:37.852] [TRACE] - Element found using [By.id: id_gender1]... (DriverListner:91) 
[00:25:38.381] [TRACE] - Finding element by [By.id: id_gender1] (DriverListner:236) 
[00:25:38.414] [TRACE] - Element found using [By.id: id_gender1]... (DriverListner:91) 
[00:25:38.958] [TRACE] - Finding element by [By.id: id_gender1] (DriverListner:236) 
[00:25:38.988] [TRACE] - Element found using [By.id: id_gender1]... (DriverListner:91) 
[00:25:39.535] [TRACE] - Finding element by [By.id: id_gender1] (DriverListner:236) 
[00:25:39.566] [TRACE] - Element found using [By.id: id_gender1]... (DriverListner:91) 
[00:25:40.113] [TRACE] - Finding element by [By.id: id_gender1] (DriverListner:236) 
[00:25:40.146] [TRACE] - Element found using [By.id: id_gender1]... (DriverListner:91) 
[00:25:40.690] [TRACE] - Finding element by [By.id: id_gender1] (DriverListner:236) 
[00:25:40.720] [TRACE] - Element found using [By.id: id_gender1]... (DriverListner:91) 
[00:25:41.268] [TRACE] - Finding element by [By.id: id_gender1] (DriverListner:236) 
[00:25:41.298] [TRACE] - Element found using [By.id: id_gender1]... (DriverListner:91) 
[00:25:41.842] [TRACE] - Finding element by [By.id: id_gender1] (DriverListner:236) 
[00:25:41.873] [TRACE] - Element found using [By.id: id_gender1]... (DriverListner:91) 
[00:25:42.418] [TRACE] - Finding element by [By.id: id_gender1] (DriverListner:236) 
[00:25:42.463] [TRACE] - Element found using [By.id: id_gender1]... (DriverListner:91) 
[00:25:43.008] [TRACE] - Finding element by [By.id: id_gender1] (DriverListner:236) 
[00:25:43.049] [TRACE] - Element found using [By.id: id_gender1]... (DriverListner:91) 
[00:25:43.590] [TRACE] - Finding element by [By.id: id_gender1] (DriverListner:236) 
[00:25:43.620] [TRACE] - Element found using [By.id: id_gender1]... (DriverListner:91) 
[00:25:44.166] [TRACE] - Finding element by [By.id: id_gender1] (DriverListner:236) 
[00:25:44.197] [TRACE] - Element found using [By.id: id_gender1]... (DriverListner:91) 
[00:25:44.754] [TRACE] - Finding element by [By.id: id_gender1] (DriverListner:236) 
[00:25:44.785] [TRACE] - Element found using [By.id: id_gender1]... (DriverListner:91) 
[00:25:45.331] [TRACE] - Finding element by [By.id: id_gender1] (DriverListner:236) 
[00:25:45.365] [TRACE] - Element found using [By.id: id_gender1]... (DriverListner:91) 
[00:25:45.917] [TRACE] - Finding element by [By.id: id_gender1] (DriverListner:236) 
[00:25:45.948] [TRACE] - Element found using [By.id: id_gender1]... (DriverListner:91) 
[00:25:46.493] [TRACE] - Finding element by [By.id: id_gender1] (DriverListner:236) 
[00:25:46.523] [TRACE] - Element found using [By.id: id_gender1]... (DriverListner:91) 
[00:25:47.069] [TRACE] - Finding element by [By.id: id_gender1] (DriverListner:236) 
[00:25:47.085] [TRACE] - Element found using [By.id: id_gender1]... (DriverListner:91) 
[00:25:47.611] [TRACE] - Finding element by [By.id: id_gender1] (DriverListner:236) 
[00:25:47.642] [TRACE] - Element found using [By.id: id_gender1]... (DriverListner:91) 
[00:25:48.207] [TRACE] - Finding element by [By.id: id_gender1] (DriverListner:236) 
[00:25:48.243] [TRACE] - Element found using [By.id: id_gender1]... (DriverListner:91) 
[00:25:48.790] [TRACE] - Finding element by [By.id: id_gender1] (DriverListner:236) 
[00:25:48.824] [TRACE] - Element found using [By.id: id_gender1]... (DriverListner:91) 
[00:25:49.369] [TRACE] - Finding element by [By.id: id_gender1] (DriverListner:236) 
[00:25:49.386] [TRACE] - Element found using [By.id: id_gender1]... (DriverListner:91) 
[00:25:49.913] [TRACE] - Finding element by [By.id: id_gender1] (DriverListner:236) 
[00:25:49.943] [TRACE] - Element found using [By.id: id_gender1]... (DriverListner:91) 
[00:25:50.488] [TRACE] - Finding element by [By.id: id_gender1] (DriverListner:236) 
[00:25:50.518] [TRACE] - Element found using [By.id: id_gender1]... (DriverListner:91) 
[00:25:51.063] [TRACE] - Finding element by [By.id: id_gender1] (DriverListner:236) 
[00:25:51.094] [TRACE] - Element found using [By.id: id_gender1]... (DriverListner:91) 
[00:25:51.640] [TRACE] - Finding element by [By.id: id_gender1] (DriverListner:236) 
[00:25:51.670] [TRACE] - Element found using [By.id: id_gender1]... (DriverListner:91) 
[00:25:52.215] [TRACE] - Finding element by [By.id: id_gender1] (DriverListner:236) 
[00:25:52.245] [TRACE] - Element found using [By.id: id_gender1]... (DriverListner:91) 
[00:25:52.800] [TRACE] - Finding element by [By.id: id_gender1] (DriverListner:236) 
[00:25:52.837] [TRACE] - Element found using [By.id: id_gender1]... (DriverListner:91) 
[00:25:53.381] [TRACE] - Finding element by [By.id: id_gender1] (DriverListner:236) 
[00:25:53.412] [TRACE] - Element found using [By.id: id_gender1]... (DriverListner:91) 
[00:25:53.963] [TRACE] - Finding element by [By.id: id_gender1] (DriverListner:236) 
[00:25:53.996] [TRACE] - Element found using [By.id: id_gender1]... (DriverListner:91) 
[00:25:54.547] [TRACE] - Finding element by [By.id: id_gender1] (DriverListner:236) 
[00:25:54.574] [TRACE] - Element found using [By.id: id_gender1]... (DriverListner:91) 
[00:25:55.113] [TRACE] - Finding element by [By.id: id_gender1] (DriverListner:236) 
[00:25:55.133] [TRACE] - Element found using [By.id: id_gender1]... (DriverListner:91) 
[00:25:55.661] [TRACE] - Finding element by [By.id: id_gender1] (DriverListner:236) 
[00:25:55.680] [TRACE] - Element found using [By.id: id_gender1]... (DriverListner:91) 
[00:25:56.219] [TRACE] - Finding element by [By.id: id_gender1] (DriverListner:236) 
[00:25:56.242] [TRACE] - Element found using [By.id: id_gender1]... (DriverListner:91) 
[00:25:56.774] [TRACE] - Finding element by [By.id: id_gender1] (DriverListner:236) 
[00:25:56.790] [TRACE] - Element found using [By.id: id_gender1]... (DriverListner:91) 
[00:25:56.835] [TRACE] - Finding element by [By.linkText: Sign out] (DriverListner:236) 
