[00:36:40.306] [INFO ] - Starting the browser... (Browser:212) 
[00:36:40.343] [INFO ] - Setting up Chrome driver... (Browser:75) 
[00:36:49.080] [INFO ] - Setting screen size of Browser to NORMAL... (Browser:253) 
[00:36:49.081] [INFO ] - Setting screen resolution to [ScreenResolution{height=768, width=1280}]... (Browser:264) 
[00:36:50.222] [INFO ] - Finding elements available on the page. (PageFactory:51) 
[00:36:50.233] [INFO ] - Finding element signInLink using locator By.linkText: Sign in. (PageFactory:83) 
[00:36:50.265] [INFO ] - Navigating to [http://automationpractice.com/index.php]... (DriverListner:299) 
[00:36:56.964] [TRACE] - Navigated to url [http://automationpractice.com/index.php]... (DriverListner:154) 
[00:36:56.968] [INFO ] - Finding elements available on the page. (PageFactory:51) 
[00:36:56.969] [INFO ] - Finding element signInLink using locator By.linkText: Sign in. (PageFactory:83) 
[00:36:56.980] [TRACE] - Finding element by [By.linkText: Sign in] (DriverListner:236) 
[00:36:57.028] [TRACE] - Element found using [By.linkText: Sign in]... (DriverListner:91) 
[00:36:57.716] [INFO ] - Clicking on Element... (DriverListner:224) 
[00:36:59.707] [TRACE] - Clicked on element... (DriverListner:79) 
[00:36:59.759] [INFO ] - Finding elements available on the page. (PageFactory:51) 
[00:36:59.762] [INFO ] - Finding element createAccountButton using locator By.id: SubmitCreate. (PageFactory:83) 
[00:36:59.764] [INFO ] - Finding element emailId using locator By.id: email_create. (PageFactory:83) 
[00:36:59.765] [INFO ] - Finding element password using locator By.id: passwd. (PageFactory:83) 
[00:36:59.767] [INFO ] - Finding element signInButton using locator By.id: SubmitLogin. (PageFactory:83) 
[00:36:59.768] [INFO ] - Finding element signInEmail using locator By.id: email. (PageFactory:83) 
[00:36:59.866] [TRACE] - Finding element by [By.id: email_create] (DriverListner:236) 
[00:36:59.917] [TRACE] - Element found using [By.id: email_create]... (DriverListner:91) 
[00:37:00.586] [INFO ] - Clicking on Element... (DriverListner:224) 
[00:37:00.780] [TRACE] - Clicked on element... (DriverListner:79) 
[00:37:00.782] [TRACE] - Finding element by [By.id: email_create] (DriverListner:236) 
[00:37:00.826] [TRACE] - Element found using [By.id: email_create]... (DriverListner:91) 
[00:37:01.647] [TRACE] - Finding element by [By.id: email_create] (DriverListner:236) 
[00:37:01.672] [TRACE] - Element found using [By.id: email_create]... (DriverListner:91) 
[00:37:02.212] [INFO ] - Writing text [ardath.walsh@hotmail.com]... (DriverListner:212) 
[00:37:02.510] [TRACE] - Text [ardath.walsh@hotmail.com] has been entered... (DriverListner:67) 
[00:37:02.511] [TRACE] - Finding element by [By.id: SubmitCreate] (DriverListner:236) 
[00:37:02.549] [TRACE] - Element found using [By.id: SubmitCreate]... (DriverListner:91) 
[00:37:03.173] [INFO ] - Clicking on Element... (DriverListner:224) 
[00:37:03.358] [TRACE] - Clicked on element... (DriverListner:79) 
[00:37:03.361] [INFO ] - Finding elements available on the page. (PageFactory:51) 
[00:37:03.362] [INFO ] - Finding element addressLine1 using locator By.id: address1. (PageFactory:83) 
[00:37:03.363] [INFO ] - Finding element addressLine2 using locator By.id: address2. (PageFactory:83) 
[00:37:03.364] [INFO ] - Finding element city using locator By.id: city. (PageFactory:83) 
[00:37:03.365] [INFO ] - Finding element company using locator By.id: company. (PageFactory:83) 
[00:37:03.367] [INFO ] - Finding element country using locator By.id: id_country. (PageFactory:83) 
[00:37:03.368] [INFO ] - Finding element day using locator By.cssSelector: #uniform-days > #days. (PageFactory:83) 
[00:37:03.370] [INFO ] - Finding element firstName using locator By.name: customer_firstname. (PageFactory:83) 
[00:37:03.371] [INFO ] - Finding element lastName using locator By.name: customer_lastname. (PageFactory:83) 
[00:37:03.372] [INFO ] - Finding element mobilePhone using locator By.id: phone_mobile. (PageFactory:83) 
[00:37:03.374] [INFO ] - Finding element month using locator By.cssSelector: #months. (PageFactory:83) 
[00:37:03.375] [INFO ] - Finding element mrRadioBtn using locator By.cssSelector: #uniform-id_gender1. (PageFactory:83) 
[00:37:03.376] [INFO ] - Finding element mrsRadioBtn using locator By.cssSelector: #uniform-id_gender2. (PageFactory:83) 
[00:37:03.377] [INFO ] - Finding element password using locator By.id: passwd. (PageFactory:83) 
[00:37:03.378] [INFO ] - Finding element receiveOffers using locator By.id: optin. (PageFactory:83) 
[00:37:03.379] [INFO ] - Finding element registerButton using locator By.id: submitAccount. (PageFactory:83) 
[00:37:03.380] [INFO ] - Finding element signUp using locator By.id: newsletter. (PageFactory:83) 
[00:37:03.381] [INFO ] - Finding element state using locator By.id: uniform-id_state. (PageFactory:83) 
[00:37:03.382] [INFO ] - Finding element year using locator By.cssSelector: #years. (PageFactory:83) 
[00:37:03.383] [INFO ] - Finding element zipCode using locator By.id: postcode. (PageFactory:83) 
[00:37:03.387] [TRACE] - Finding element by [By.cssSelector: #uniform-id_gender1] (DriverListner:236) 
[00:37:05.613] [TRACE] - Element found using [By.cssSelector: #uniform-id_gender1]... (DriverListner:91) 
[00:37:06.232] [INFO ] - Clicking on Element... (DriverListner:224) 
[00:37:06.387] [TRACE] - Clicked on element... (DriverListner:79) 
[00:37:07.802] [TRACE] - Finding element by [By.name: customer_firstname] (DriverListner:236) 
[00:37:07.844] [TRACE] - Element found using [By.name: customer_firstname]... (DriverListner:91) 
[00:37:08.453] [INFO ] - Writing text [Doug]... (DriverListner:212) 
[00:37:08.667] [TRACE] - Text [Doug] has been entered... (DriverListner:67) 
[00:37:08.668] [TRACE] - Finding element by [By.name: customer_lastname] (DriverListner:236) 
[00:37:08.710] [TRACE] - Element found using [By.name: customer_lastname]... (DriverListner:91) 
[00:37:09.323] [INFO ] - Writing text [Stracke]... (DriverListner:212) 
[00:37:09.599] [TRACE] - Text [Stracke] has been entered... (DriverListner:67) 
[00:37:09.601] [TRACE] - Finding element by [By.id: passwd] (DriverListner:236) 
[00:37:09.649] [TRACE] - Element found using [By.id: passwd]... (DriverListner:91) 
[00:37:10.275] [INFO ] - Writing text [Pass@123]... (DriverListner:212) 
[00:37:10.514] [TRACE] - Text [Pass@123] has been entered... (DriverListner:67) 
[00:37:10.516] [TRACE] - Finding element by [By.cssSelector: #uniform-days > #days] (DriverListner:236) 
[00:37:10.554] [TRACE] - Element found using [By.cssSelector: #uniform-days > #days]... (DriverListner:91) 
[00:37:11.108] [TRACE] - Finding element by [By.cssSelector: #uniform-days > #days] (DriverListner:236) 
[00:37:11.129] [TRACE] - Element found using [By.cssSelector: #uniform-days > #days]... (DriverListner:91) 
[00:37:11.653] [TRACE] - Finding element by [By.cssSelector: #uniform-days > #days] (DriverListner:236) 
[00:37:11.668] [TRACE] - Element found using [By.cssSelector: #uniform-days > #days]... (DriverListner:91) 
[00:37:12.190] [TRACE] - Finding element by [By.cssSelector: #uniform-days > #days] (DriverListner:236) 
[00:37:12.206] [TRACE] - Element found using [By.cssSelector: #uniform-days > #days]... (DriverListner:91) 
[00:37:12.730] [TRACE] - Finding element by [By.cssSelector: #uniform-days > #days] (DriverListner:236) 
[00:37:12.746] [TRACE] - Element found using [By.cssSelector: #uniform-days > #days]... (DriverListner:91) 
[00:37:13.269] [TRACE] - Finding element by [By.cssSelector: #uniform-days > #days] (DriverListner:236) 
[00:37:13.285] [TRACE] - Element found using [By.cssSelector: #uniform-days > #days]... (DriverListner:91) 
[00:37:13.807] [TRACE] - Finding element by [By.cssSelector: #uniform-days > #days] (DriverListner:236) 
[00:37:13.824] [TRACE] - Element found using [By.cssSelector: #uniform-days > #days]... (DriverListner:91) 
[00:37:14.346] [TRACE] - Finding element by [By.cssSelector: #uniform-days > #days] (DriverListner:236) 
[00:37:14.361] [TRACE] - Element found using [By.cssSelector: #uniform-days > #days]... (DriverListner:91) 
[00:37:14.885] [TRACE] - Finding element by [By.cssSelector: #uniform-days > #days] (DriverListner:236) 
[00:37:14.904] [TRACE] - Element found using [By.cssSelector: #uniform-days > #days]... (DriverListner:91) 
[00:37:15.429] [TRACE] - Finding element by [By.cssSelector: #uniform-days > #days] (DriverListner:236) 
[00:37:15.445] [TRACE] - Element found using [By.cssSelector: #uniform-days > #days]... (DriverListner:91) 
[00:37:15.969] [TRACE] - Finding element by [By.cssSelector: #uniform-days > #days] (DriverListner:236) 
[00:37:15.985] [TRACE] - Element found using [By.cssSelector: #uniform-days > #days]... (DriverListner:91) 
[00:37:16.511] [TRACE] - Finding element by [By.cssSelector: #uniform-days > #days] (DriverListner:236) 
[00:37:16.527] [TRACE] - Element found using [By.cssSelector: #uniform-days > #days]... (DriverListner:91) 
[00:37:17.052] [TRACE] - Finding element by [By.cssSelector: #uniform-days > #days] (DriverListner:236) 
[00:37:17.067] [TRACE] - Element found using [By.cssSelector: #uniform-days > #days]... (DriverListner:91) 
[00:37:17.609] [TRACE] - Finding element by [By.cssSelector: #uniform-days > #days] (DriverListner:236) 
[00:37:17.629] [TRACE] - Element found using [By.cssSelector: #uniform-days > #days]... (DriverListner:91) 
[00:37:18.156] [TRACE] - Finding element by [By.cssSelector: #uniform-days > #days] (DriverListner:236) 
[00:37:18.172] [TRACE] - Element found using [By.cssSelector: #uniform-days > #days]... (DriverListner:91) 
[00:37:18.696] [TRACE] - Finding element by [By.cssSelector: #uniform-days > #days] (DriverListner:236) 
[00:37:18.712] [TRACE] - Element found using [By.cssSelector: #uniform-days > #days]... (DriverListner:91) 
[00:37:19.234] [TRACE] - Finding element by [By.cssSelector: #uniform-days > #days] (DriverListner:236) 
[00:37:19.252] [TRACE] - Element found using [By.cssSelector: #uniform-days > #days]... (DriverListner:91) 
[00:37:19.773] [TRACE] - Finding element by [By.cssSelector: #uniform-days > #days] (DriverListner:236) 
[00:37:19.788] [TRACE] - Element found using [By.cssSelector: #uniform-days > #days]... (DriverListner:91) 
[00:37:20.311] [TRACE] - Finding element by [By.cssSelector: #uniform-days > #days] (DriverListner:236) 
[00:37:20.328] [TRACE] - Element found using [By.cssSelector: #uniform-days > #days]... (DriverListner:91) 
[00:37:20.851] [TRACE] - Finding element by [By.cssSelector: #uniform-days > #days] (DriverListner:236) 
[00:37:20.867] [TRACE] - Element found using [By.cssSelector: #uniform-days > #days]... (DriverListner:91) 
[00:37:21.390] [TRACE] - Finding element by [By.cssSelector: #uniform-days > #days] (DriverListner:236) 
[00:37:21.406] [TRACE] - Element found using [By.cssSelector: #uniform-days > #days]... (DriverListner:91) 
[00:37:21.930] [TRACE] - Finding element by [By.cssSelector: #uniform-days > #days] (DriverListner:236) 
[00:37:21.947] [TRACE] - Element found using [By.cssSelector: #uniform-days > #days]... (DriverListner:91) 
[00:37:22.469] [TRACE] - Finding element by [By.cssSelector: #uniform-days > #days] (DriverListner:236) 
[00:37:22.484] [TRACE] - Element found using [By.cssSelector: #uniform-days > #days]... (DriverListner:91) 
[00:37:23.008] [TRACE] - Finding element by [By.cssSelector: #uniform-days > #days] (DriverListner:236) 
[00:37:23.023] [TRACE] - Element found using [By.cssSelector: #uniform-days > #days]... (DriverListner:91) 
[00:37:23.547] [TRACE] - Finding element by [By.cssSelector: #uniform-days > #days] (DriverListner:236) 
[00:37:23.562] [TRACE] - Element found using [By.cssSelector: #uniform-days > #days]... (DriverListner:91) 
[00:37:24.084] [TRACE] - Finding element by [By.cssSelector: #uniform-days > #days] (DriverListner:236) 
[00:37:24.099] [TRACE] - Element found using [By.cssSelector: #uniform-days > #days]... (DriverListner:91) 
[00:37:24.623] [TRACE] - Finding element by [By.cssSelector: #uniform-days > #days] (DriverListner:236) 
[00:37:24.638] [TRACE] - Element found using [By.cssSelector: #uniform-days > #days]... (DriverListner:91) 
[00:37:25.160] [TRACE] - Finding element by [By.cssSelector: #uniform-days > #days] (DriverListner:236) 
[00:37:25.175] [TRACE] - Element found using [By.cssSelector: #uniform-days > #days]... (DriverListner:91) 
[00:37:25.698] [TRACE] - Finding element by [By.cssSelector: #uniform-days > #days] (DriverListner:236) 
[00:37:25.713] [TRACE] - Element found using [By.cssSelector: #uniform-days > #days]... (DriverListner:91) 
[00:37:26.240] [TRACE] - Finding element by [By.cssSelector: #uniform-days > #days] (DriverListner:236) 
[00:37:26.255] [TRACE] - Element found using [By.cssSelector: #uniform-days > #days]... (DriverListner:91) 
[00:37:26.777] [TRACE] - Finding element by [By.cssSelector: #uniform-days > #days] (DriverListner:236) 
[00:37:26.793] [TRACE] - Element found using [By.cssSelector: #uniform-days > #days]... (DriverListner:91) 
[00:37:27.315] [TRACE] - Finding element by [By.cssSelector: #uniform-days > #days] (DriverListner:236) 
[00:37:27.331] [TRACE] - Element found using [By.cssSelector: #uniform-days > #days]... (DriverListner:91) 
[00:37:27.855] [TRACE] - Finding element by [By.cssSelector: #uniform-days > #days] (DriverListner:236) 
[00:37:27.875] [TRACE] - Element found using [By.cssSelector: #uniform-days > #days]... (DriverListner:91) 
[00:37:28.406] [TRACE] - Finding element by [By.cssSelector: #uniform-days > #days] (DriverListner:236) 
[00:37:28.421] [TRACE] - Element found using [By.cssSelector: #uniform-days > #days]... (DriverListner:91) 
[00:37:28.961] [TRACE] - Finding element by [By.cssSelector: #uniform-days > #days] (DriverListner:236) 
[00:37:28.980] [TRACE] - Element found using [By.cssSelector: #uniform-days > #days]... (DriverListner:91) 
[00:37:29.505] [TRACE] - Finding element by [By.cssSelector: #uniform-days > #days] (DriverListner:236) 
[00:37:29.526] [TRACE] - Element found using [By.cssSelector: #uniform-days > #days]... (DriverListner:91) 
[00:37:30.064] [TRACE] - Finding element by [By.cssSelector: #uniform-days > #days] (DriverListner:236) 
[00:37:30.085] [TRACE] - Element found using [By.cssSelector: #uniform-days > #days]... (DriverListner:91) 
[00:37:30.617] [TRACE] - Finding element by [By.cssSelector: #uniform-days > #days] (DriverListner:236) 
[00:37:30.632] [TRACE] - Element found using [By.cssSelector: #uniform-days > #days]... (DriverListner:91) 
[00:37:31.154] [TRACE] - Finding element by [By.cssSelector: #uniform-days > #days] (DriverListner:236) 
[00:37:31.169] [TRACE] - Element found using [By.cssSelector: #uniform-days > #days]... (DriverListner:91) 
[00:37:31.690] [TRACE] - Finding element by [By.cssSelector: #uniform-days > #days] (DriverListner:236) 
[00:37:31.705] [TRACE] - Element found using [By.cssSelector: #uniform-days > #days]... (DriverListner:91) 
[00:37:32.229] [TRACE] - Finding element by [By.cssSelector: #uniform-days > #days] (DriverListner:236) 
[00:37:32.243] [TRACE] - Element found using [By.cssSelector: #uniform-days > #days]... (DriverListner:91) 
[00:37:32.768] [TRACE] - Finding element by [By.cssSelector: #uniform-days > #days] (DriverListner:236) 
[00:37:32.784] [TRACE] - Element found using [By.cssSelector: #uniform-days > #days]... (DriverListner:91) 
[00:37:33.309] [TRACE] - Finding element by [By.cssSelector: #uniform-days > #days] (DriverListner:236) 
[00:37:33.327] [TRACE] - Element found using [By.cssSelector: #uniform-days > #days]... (DriverListner:91) 
[00:37:33.852] [TRACE] - Finding element by [By.cssSelector: #uniform-days > #days] (DriverListner:236) 
[00:37:33.868] [TRACE] - Element found using [By.cssSelector: #uniform-days > #days]... (DriverListner:91) 
[00:37:34.390] [TRACE] - Finding element by [By.cssSelector: #uniform-days > #days] (DriverListner:236) 
[00:37:34.405] [TRACE] - Element found using [By.cssSelector: #uniform-days > #days]... (DriverListner:91) 
[00:37:34.928] [TRACE] - Finding element by [By.cssSelector: #uniform-days > #days] (DriverListner:236) 
[00:37:34.947] [TRACE] - Element found using [By.cssSelector: #uniform-days > #days]... (DriverListner:91) 
[00:37:35.493] [TRACE] - Finding element by [By.cssSelector: #uniform-days > #days] (DriverListner:236) 
[00:37:35.508] [TRACE] - Element found using [By.cssSelector: #uniform-days > #days]... (DriverListner:91) 
[00:37:36.030] [TRACE] - Finding element by [By.cssSelector: #uniform-days > #days] (DriverListner:236) 
[00:37:36.045] [TRACE] - Element found using [By.cssSelector: #uniform-days > #days]... (DriverListner:91) 
[00:37:36.567] [TRACE] - Finding element by [By.cssSelector: #uniform-days > #days] (DriverListner:236) 
[00:37:36.582] [TRACE] - Element found using [By.cssSelector: #uniform-days > #days]... (DriverListner:91) 
[00:37:37.104] [TRACE] - Finding element by [By.cssSelector: #uniform-days > #days] (DriverListner:236) 
[00:37:37.119] [TRACE] - Element found using [By.cssSelector: #uniform-days > #days]... (DriverListner:91) 
[00:37:37.642] [TRACE] - Finding element by [By.cssSelector: #uniform-days > #days] (DriverListner:236) 
[00:37:37.657] [TRACE] - Element found using [By.cssSelector: #uniform-days > #days]... (DriverListner:91) 
[00:37:38.180] [TRACE] - Finding element by [By.cssSelector: #uniform-days > #days] (DriverListner:236) 
[00:37:38.195] [TRACE] - Element found using [By.cssSelector: #uniform-days > #days]... (DriverListner:91) 
[00:37:38.720] [TRACE] - Finding element by [By.cssSelector: #uniform-days > #days] (DriverListner:236) 
[00:37:38.736] [TRACE] - Element found using [By.cssSelector: #uniform-days > #days]... (DriverListner:91) 
[00:37:39.257] [TRACE] - Finding element by [By.cssSelector: #uniform-days > #days] (DriverListner:236) 
[00:37:39.272] [TRACE] - Element found using [By.cssSelector: #uniform-days > #days]... (DriverListner:91) 
[00:37:39.795] [TRACE] - Finding element by [By.cssSelector: #uniform-days > #days] (DriverListner:236) 
[00:37:39.810] [TRACE] - Element found using [By.cssSelector: #uniform-days > #days]... (DriverListner:91) 
[00:37:40.333] [TRACE] - Finding element by [By.cssSelector: #uniform-days > #days] (DriverListner:236) 
[00:37:40.350] [TRACE] - Element found using [By.cssSelector: #uniform-days > #days]... (DriverListner:91) 
[00:37:40.874] [TRACE] - Finding element by [By.cssSelector: #uniform-days > #days] (DriverListner:236) 
[00:37:40.889] [TRACE] - Element found using [By.cssSelector: #uniform-days > #days]... (DriverListner:91) 
[00:37:41.412] [TRACE] - Finding element by [By.cssSelector: #uniform-days > #days] (DriverListner:236) 
[00:37:41.430] [TRACE] - Element found using [By.cssSelector: #uniform-days > #days]... (DriverListner:91) 
[00:37:41.956] [TRACE] - Finding element by [By.cssSelector: #uniform-days > #days] (DriverListner:236) 
[00:37:41.971] [TRACE] - Element found using [By.cssSelector: #uniform-days > #days]... (DriverListner:91) 
[00:37:42.495] [TRACE] - Finding element by [By.cssSelector: #uniform-days > #days] (DriverListner:236) 
[00:37:42.510] [TRACE] - Element found using [By.cssSelector: #uniform-days > #days]... (DriverListner:91) 
[00:37:43.037] [TRACE] - Finding element by [By.cssSelector: #uniform-days > #days] (DriverListner:236) 
[00:37:43.052] [TRACE] - Element found using [By.cssSelector: #uniform-days > #days]... (DriverListner:91) 
[00:37:43.577] [TRACE] - Finding element by [By.cssSelector: #uniform-days > #days] (DriverListner:236) 
[00:37:43.592] [TRACE] - Element found using [By.cssSelector: #uniform-days > #days]... (DriverListner:91) 
[00:37:44.114] [TRACE] - Finding element by [By.cssSelector: #uniform-days > #days] (DriverListner:236) 
[00:37:44.133] [TRACE] - Element found using [By.cssSelector: #uniform-days > #days]... (DriverListner:91) 
[00:37:44.654] [TRACE] - Finding element by [By.cssSelector: #uniform-days > #days] (DriverListner:236) 
[00:37:44.669] [TRACE] - Element found using [By.cssSelector: #uniform-days > #days]... (DriverListner:91) 
[00:37:45.193] [TRACE] - Finding element by [By.cssSelector: #uniform-days > #days] (DriverListner:236) 
[00:37:45.212] [TRACE] - Element found using [By.cssSelector: #uniform-days > #days]... (DriverListner:91) 
[00:37:45.752] [TRACE] - Finding element by [By.cssSelector: #uniform-days > #days] (DriverListner:236) 
[00:37:45.768] [TRACE] - Element found using [By.cssSelector: #uniform-days > #days]... (DriverListner:91) 
[00:37:46.290] [TRACE] - Finding element by [By.cssSelector: #uniform-days > #days] (DriverListner:236) 
[00:37:46.305] [TRACE] - Element found using [By.cssSelector: #uniform-days > #days]... (DriverListner:91) 
[00:37:46.826] [TRACE] - Finding element by [By.cssSelector: #uniform-days > #days] (DriverListner:236) 
[00:37:46.842] [TRACE] - Element found using [By.cssSelector: #uniform-days > #days]... (DriverListner:91) 
[00:37:47.365] [TRACE] - Finding element by [By.cssSelector: #uniform-days > #days] (DriverListner:236) 
[00:37:47.382] [TRACE] - Element found using [By.cssSelector: #uniform-days > #days]... (DriverListner:91) 
[00:37:47.905] [TRACE] - Finding element by [By.cssSelector: #uniform-days > #days] (DriverListner:236) 
[00:37:47.920] [TRACE] - Element found using [By.cssSelector: #uniform-days > #days]... (DriverListner:91) 
[00:37:48.443] [TRACE] - Finding element by [By.cssSelector: #uniform-days > #days] (DriverListner:236) 
[00:37:48.458] [TRACE] - Element found using [By.cssSelector: #uniform-days > #days]... (DriverListner:91) 
[00:37:48.980] [TRACE] - Finding element by [By.cssSelector: #uniform-days > #days] (DriverListner:236) 
[00:37:48.997] [TRACE] - Element found using [By.cssSelector: #uniform-days > #days]... (DriverListner:91) 
[00:37:49.519] [TRACE] - Finding element by [By.cssSelector: #uniform-days > #days] (DriverListner:236) 
[00:37:49.535] [TRACE] - Element found using [By.cssSelector: #uniform-days > #days]... (DriverListner:91) 
[00:37:50.057] [TRACE] - Finding element by [By.cssSelector: #uniform-days > #days] (DriverListner:236) 
[00:37:50.072] [TRACE] - Element found using [By.cssSelector: #uniform-days > #days]... (DriverListner:91) 
[00:37:50.595] [TRACE] - Finding element by [By.cssSelector: #uniform-days > #days] (DriverListner:236) 
[00:37:50.610] [TRACE] - Element found using [By.cssSelector: #uniform-days > #days]... (DriverListner:91) 
[00:37:51.131] [TRACE] - Finding element by [By.cssSelector: #uniform-days > #days] (DriverListner:236) 
[00:37:51.146] [TRACE] - Element found using [By.cssSelector: #uniform-days > #days]... (DriverListner:91) 
[00:37:51.668] [TRACE] - Finding element by [By.cssSelector: #uniform-days > #days] (DriverListner:236) 
[00:37:51.683] [TRACE] - Element found using [By.cssSelector: #uniform-days > #days]... (DriverListner:91) 
[00:37:52.208] [TRACE] - Finding element by [By.cssSelector: #uniform-days > #days] (DriverListner:236) 
[00:37:52.223] [TRACE] - Element found using [By.cssSelector: #uniform-days > #days]... (DriverListner:91) 
[00:37:52.745] [TRACE] - Finding element by [By.cssSelector: #uniform-days > #days] (DriverListner:236) 
[00:37:52.760] [TRACE] - Element found using [By.cssSelector: #uniform-days > #days]... (DriverListner:91) 
[00:37:53.283] [TRACE] - Finding element by [By.cssSelector: #uniform-days > #days] (DriverListner:236) 
[00:37:53.300] [TRACE] - Element found using [By.cssSelector: #uniform-days > #days]... (DriverListner:91) 
[00:37:53.822] [TRACE] - Finding element by [By.cssSelector: #uniform-days > #days] (DriverListner:236) 
[00:37:53.837] [TRACE] - Element found using [By.cssSelector: #uniform-days > #days]... (DriverListner:91) 
[00:37:54.361] [TRACE] - Finding element by [By.cssSelector: #uniform-days > #days] (DriverListner:236) 
[00:37:54.379] [TRACE] - Element found using [By.cssSelector: #uniform-days > #days]... (DriverListner:91) 
[00:37:54.900] [TRACE] - Finding element by [By.cssSelector: #uniform-days > #days] (DriverListner:236) 
[00:37:54.915] [TRACE] - Element found using [By.cssSelector: #uniform-days > #days]... (DriverListner:91) 
[00:37:55.436] [TRACE] - Finding element by [By.cssSelector: #uniform-days > #days] (DriverListner:236) 
[00:37:55.452] [TRACE] - Element found using [By.cssSelector: #uniform-days > #days]... (DriverListner:91) 
[00:37:55.973] [TRACE] - Finding element by [By.cssSelector: #uniform-days > #days] (DriverListner:236) 
[00:37:55.990] [TRACE] - Element found using [By.cssSelector: #uniform-days > #days]... (DriverListner:91) 
[00:37:56.517] [TRACE] - Finding element by [By.cssSelector: #uniform-days > #days] (DriverListner:236) 
[00:37:56.532] [TRACE] - Element found using [By.cssSelector: #uniform-days > #days]... (DriverListner:91) 
[00:37:57.054] [TRACE] - Finding element by [By.cssSelector: #uniform-days > #days] (DriverListner:236) 
[00:37:57.069] [TRACE] - Element found using [By.cssSelector: #uniform-days > #days]... (DriverListner:91) 
[00:37:57.590] [TRACE] - Finding element by [By.cssSelector: #uniform-days > #days] (DriverListner:236) 
[00:37:57.605] [TRACE] - Element found using [By.cssSelector: #uniform-days > #days]... (DriverListner:91) 
[00:37:58.127] [TRACE] - Finding element by [By.cssSelector: #uniform-days > #days] (DriverListner:236) 
[00:37:58.142] [TRACE] - Element found using [By.cssSelector: #uniform-days > #days]... (DriverListner:91) 
[00:37:58.663] [TRACE] - Finding element by [By.cssSelector: #uniform-days > #days] (DriverListner:236) 
[00:37:58.679] [TRACE] - Element found using [By.cssSelector: #uniform-days > #days]... (DriverListner:91) 
[00:37:59.200] [TRACE] - Finding element by [By.cssSelector: #uniform-days > #days] (DriverListner:236) 
[00:37:59.215] [TRACE] - Element found using [By.cssSelector: #uniform-days > #days]... (DriverListner:91) 
[00:37:59.740] [TRACE] - Finding element by [By.cssSelector: #uniform-days > #days] (DriverListner:236) 
[00:37:59.755] [TRACE] - Element found using [By.cssSelector: #uniform-days > #days]... (DriverListner:91) 
[00:38:00.277] [TRACE] - Finding element by [By.cssSelector: #uniform-days > #days] (DriverListner:236) 
[00:38:00.303] [TRACE] - Element found using [By.cssSelector: #uniform-days > #days]... (DriverListner:91) 
[00:38:00.829] [TRACE] - Finding element by [By.cssSelector: #uniform-days > #days] (DriverListner:236) 
[00:38:00.848] [TRACE] - Element found using [By.cssSelector: #uniform-days > #days]... (DriverListner:91) 
[00:38:01.376] [TRACE] - Finding element by [By.cssSelector: #uniform-days > #days] (DriverListner:236) 
[00:38:01.410] [TRACE] - Element found using [By.cssSelector: #uniform-days > #days]... (DriverListner:91) 
[00:38:01.958] [TRACE] - Finding element by [By.cssSelector: #uniform-days > #days] (DriverListner:236) 
[00:38:01.978] [TRACE] - Element found using [By.cssSelector: #uniform-days > #days]... (DriverListner:91) 
[00:38:02.506] [TRACE] - Finding element by [By.cssSelector: #uniform-days > #days] (DriverListner:236) 
[00:38:02.522] [TRACE] - Element found using [By.cssSelector: #uniform-days > #days]... (DriverListner:91) 
[00:38:03.048] [TRACE] - Finding element by [By.cssSelector: #uniform-days > #days] (DriverListner:236) 
[00:38:03.065] [TRACE] - Element found using [By.cssSelector: #uniform-days > #days]... (DriverListner:91) 
[00:38:03.590] [TRACE] - Finding element by [By.cssSelector: #uniform-days > #days] (DriverListner:236) 
[00:38:03.608] [TRACE] - Element found using [By.cssSelector: #uniform-days > #days]... (DriverListner:91) 
[00:38:04.135] [TRACE] - Finding element by [By.cssSelector: #uniform-days > #days] (DriverListner:236) 
[00:38:04.152] [TRACE] - Element found using [By.cssSelector: #uniform-days > #days]... (DriverListner:91) 
[00:38:04.675] [TRACE] - Finding element by [By.cssSelector: #uniform-days > #days] (DriverListner:236) 
[00:38:04.783] [TRACE] - Element found using [By.cssSelector: #uniform-days > #days]... (DriverListner:91) 
[00:38:05.337] [TRACE] - Finding element by [By.cssSelector: #uniform-days > #days] (DriverListner:236) 
[00:38:05.354] [TRACE] - Element found using [By.cssSelector: #uniform-days > #days]... (DriverListner:91) 
[00:38:05.882] [TRACE] - Finding element by [By.cssSelector: #uniform-days > #days] (DriverListner:236) 
[00:38:05.900] [TRACE] - Element found using [By.cssSelector: #uniform-days > #days]... (DriverListner:91) 
[00:38:06.431] [TRACE] - Finding element by [By.cssSelector: #uniform-days > #days] (DriverListner:236) 
[00:38:06.455] [TRACE] - Element found using [By.cssSelector: #uniform-days > #days]... (DriverListner:91) 
[00:38:06.986] [TRACE] - Finding element by [By.cssSelector: #uniform-days > #days] (DriverListner:236) 
[00:38:07.003] [TRACE] - Element found using [By.cssSelector: #uniform-days > #days]... (DriverListner:91) 
[00:38:07.526] [TRACE] - Finding element by [By.cssSelector: #uniform-days > #days] (DriverListner:236) 
[00:38:07.543] [TRACE] - Element found using [By.cssSelector: #uniform-days > #days]... (DriverListner:91) 
[00:38:08.065] [TRACE] - Finding element by [By.cssSelector: #uniform-days > #days] (DriverListner:236) 
[00:38:08.085] [TRACE] - Element found using [By.cssSelector: #uniform-days > #days]... (DriverListner:91) 
[00:38:08.609] [TRACE] - Finding element by [By.cssSelector: #uniform-days > #days] (DriverListner:236) 
[00:38:08.632] [TRACE] - Element found using [By.cssSelector: #uniform-days > #days]... (DriverListner:91) 
[00:38:09.162] [TRACE] - Finding element by [By.cssSelector: #uniform-days > #days] (DriverListner:236) 
[00:38:09.178] [TRACE] - Element found using [By.cssSelector: #uniform-days > #days]... (DriverListner:91) 
[00:38:09.706] [TRACE] - Finding element by [By.cssSelector: #uniform-days > #days] (DriverListner:236) 
[00:38:09.721] [TRACE] - Element found using [By.cssSelector: #uniform-days > #days]... (DriverListner:91) 
[00:38:10.246] [TRACE] - Finding element by [By.cssSelector: #uniform-days > #days] (DriverListner:236) 
[00:38:10.261] [TRACE] - Element found using [By.cssSelector: #uniform-days > #days]... (DriverListner:91) 
[00:38:10.785] [TRACE] - Finding element by [By.cssSelector: #uniform-days > #days] (DriverListner:236) 
[00:38:10.800] [TRACE] - Element found using [By.cssSelector: #uniform-days > #days]... (DriverListner:91) 
[00:38:10.853] [TRACE] - Finding element by [By.linkText: Sign out] (DriverListner:236) 
