[23:42:05.598] [INFO ] - Starting the browser... (Browser:) 
[23:42:05.632] [INFO ] - Setting up Chrome driver... (Browser:) 
[23:42:12.465] [INFO ] - Setting screen size of Browser to NORMAL... (Browser:) 
[23:42:12.466] [INFO ] - Setting screen resolution to [ScreenResolution{height=768, width=1280}]... (Browser:) 
[23:42:13.637] [INFO ] - Finding elements available on the page. (PageFactory:) 
[23:42:13.656] [INFO ] - Finding element signInLink using locator By.linkText: Sign in. (PageFactory:) 
[23:42:13.693] [INFO ] - Navigating to [http://automationpractice.com/index.php]... (DriverListner:) 
[23:42:27.480] [INFO ] - Finding elements available on the page. (PageFactory:) 
[23:42:27.480] [INFO ] - Finding element signInLink using locator By.linkText: Sign in. (PageFactory:) 
[23:42:28.237] [INFO ] - Clicking on Element... (DriverListner:) 
[23:42:30.978] [INFO ] - Finding elements available on the page. (PageFactory:) 
[23:42:30.979] [INFO ] - Finding element createAccountButton using locator By.id: SubmitCreate. (PageFactory:) 
[23:42:30.981] [INFO ] - Finding element emailId using locator By.id: email_create. (PageFactory:) 
[23:42:30.982] [INFO ] - Finding element password using locator By.id: passwd. (PageFactory:) 
[23:42:30.983] [INFO ] - Finding element signInButton using locator By.id: SubmitLogin. (PageFactory:) 
[23:42:30.984] [INFO ] - Finding element signInEmail using locator By.id: email. (PageFactory:) 
[23:42:31.772] [INFO ] - Clicking on Element... (DriverListner:) 
[23:42:33.430] [INFO ] - Writing text [lean.gutmann@yahoo.com]... (DriverListner:) 
[23:42:34.430] [INFO ] - Clicking on Element... (DriverListner:) 
[23:42:34.698] [INFO ] - Finding elements available on the page. (PageFactory:) 
[23:42:34.699] [INFO ] - Finding element addressLine1 using locator By.id: address1. (PageFactory:) 
[23:42:34.700] [INFO ] - Finding element addressLine2 using locator By.id: address2. (PageFactory:) 
[23:42:34.701] [INFO ] - Finding element city using locator By.id: city. (PageFactory:) 
[23:42:34.702] [INFO ] - Finding element company using locator By.id: company. (PageFactory:) 
[23:42:34.703] [INFO ] - Finding element country using locator By.id: id_country. (PageFactory:) 
[23:42:34.704] [INFO ] - Finding element day using locator By.id: days. (PageFactory:) 
[23:42:34.705] [INFO ] - Finding element firstName using locator By.name: customer_firstname. (PageFactory:) 
[23:42:34.706] [INFO ] - Finding element lastName using locator By.name: customer_lastname. (PageFactory:) 
[23:42:34.708] [INFO ] - Finding element mobilePhone using locator By.id: phone_mobile. (PageFactory:) 
[23:42:34.711] [INFO ] - Finding element month using locator By.id: months. (PageFactory:) 
[23:42:34.713] [INFO ] - Finding element mrRadioBtn using locator By.id: id_gender1. (PageFactory:) 
[23:42:34.714] [INFO ] - Finding element mrsRadioBtn using locator By.id: id_gender2. (PageFactory:) 
[23:42:34.715] [INFO ] - Finding element password using locator By.id: passwd. (PageFactory:) 
[23:42:34.716] [INFO ] - Finding element receiveOffers using locator By.id: optin. (PageFactory:) 
[23:42:34.717] [INFO ] - Finding element registerButton using locator By.id: submitAccount. (PageFactory:) 
[23:42:34.718] [INFO ] - Finding element signUp using locator By.id: newsletter. (PageFactory:) 
[23:42:34.719] [INFO ] - Finding element state using locator By.id: uniform-id_state. (PageFactory:) 
[23:42:34.720] [INFO ] - Finding element year using locator By.id: years. (PageFactory:) 
[23:42:34.722] [INFO ] - Finding element zipCode using locator By.id: postcode. (PageFactory:) 
[23:42:37.172] [INFO ] - Clicking on Element... (DriverListner:) 
[23:42:39.174] [INFO ] - Writing text [Sibyl]... (DriverListner:) 
[23:42:40.082] [INFO ] - Writing text [Rutherford]... (DriverListner:) 
[23:42:41.039] [INFO ] - Writing text [Pass@123]... (DriverListner:) 
[23:43:41.798] [INFO ] - Finding elements available on the page. (PageFactory:) 
[23:43:41.799] [INFO ] - Finding element signInLink using locator By.linkText: Sign in. (PageFactory:) 
