[00:24:28.026] [INFO ] - Starting the browser... (Browser:) 
[00:24:28.062] [INFO ] - Setting up Chrome driver... (Browser:) 
[00:24:36.620] [INFO ] - Setting screen size of Browser to NORMAL... (Browser:) 
[00:24:36.621] [INFO ] - Setting screen resolution to [ScreenResolution{height=768, width=1280}]... (Browser:) 
[00:24:37.789] [INFO ] - Finding elements available on the page. (PageFactory:) 
[00:24:37.809] [INFO ] - Finding element signInLink using locator By.linkText: Sign in. (PageFactory:) 
[00:24:37.847] [INFO ] - Navigating to [http://automationpractice.com/index.php]... (DriverListner:) 
[00:24:45.237] [INFO ] - Finding elements available on the page. (PageFactory:) 
[00:24:45.238] [INFO ] - Finding element signInLink using locator By.linkText: Sign in. (PageFactory:) 
[00:24:45.992] [INFO ] - Clicking on Element... (DriverListner:) 
[00:24:48.602] [INFO ] - Finding elements available on the page. (PageFactory:) 
[00:24:48.604] [INFO ] - Finding element createAccountButton using locator By.id: SubmitCreate. (PageFactory:) 
[00:24:48.606] [INFO ] - Finding element emailId using locator By.id: email_create. (PageFactory:) 
[00:24:48.607] [INFO ] - Finding element password using locator By.id: passwd. (PageFactory:) 
[00:24:48.609] [INFO ] - Finding element signInButton using locator By.id: SubmitLogin. (PageFactory:) 
[00:24:48.610] [INFO ] - Finding element signInEmail using locator By.id: email. (PageFactory:) 
[00:24:49.401] [INFO ] - Clicking on Element... (DriverListner:) 
[00:24:50.893] [INFO ] - Writing text [shane.wehner@gmail.com]... (DriverListner:) 
[00:24:51.836] [INFO ] - Clicking on Element... (DriverListner:) 
[00:24:51.983] [INFO ] - Finding elements available on the page. (PageFactory:) 
[00:24:51.984] [INFO ] - Finding element addressLine1 using locator By.id: address1. (PageFactory:) 
[00:24:51.985] [INFO ] - Finding element addressLine2 using locator By.id: address2. (PageFactory:) 
[00:24:51.986] [INFO ] - Finding element city using locator By.id: city. (PageFactory:) 
[00:24:51.987] [INFO ] - Finding element company using locator By.id: company. (PageFactory:) 
[00:24:51.988] [INFO ] - Finding element country using locator By.id: id_country. (PageFactory:) 
[00:24:51.989] [INFO ] - Finding element parentOfDay using locator By.id: uniform-days. (PageFactory:) 
[00:24:51.990] [INFO ] - Finding element day using locator By.id: days. (PageFactory:) 
[00:24:55.076] [INFO ] - Finding element firstName using locator By.name: customer_firstname. (PageFactory:) 
[00:24:55.078] [INFO ] - Finding element lastName using locator By.name: customer_lastname. (PageFactory:) 
[00:24:55.083] [INFO ] - Finding element mobilePhone using locator By.id: phone_mobile. (PageFactory:) 
[00:24:55.085] [INFO ] - Finding element parentOfMonths using locator By.id: uniform-months. (PageFactory:) 
[00:24:55.087] [INFO ] - Finding element month using locator By.id: months. (PageFactory:) 
[00:24:55.922] [INFO ] - Finding element mrRadioBtn using locator By.id: id_gender1. (PageFactory:) 
[00:24:55.924] [INFO ] - Finding element mrsRadioBtn using locator By.id: id_gender2. (PageFactory:) 
[00:24:55.926] [INFO ] - Finding element parentOfDay using locator By.id: uniform-days. (PageFactory:) 
[00:24:55.928] [INFO ] - Finding element parentOfMonths using locator By.id: uniform-months. (PageFactory:) 
[00:24:55.929] [INFO ] - Finding element parentOfYears using locator By.id: uniform-years. (PageFactory:) 
[00:24:55.930] [INFO ] - Finding element password using locator By.id: passwd. (PageFactory:) 
[00:24:55.932] [INFO ] - Finding element receiveOffers using locator By.id: optin. (PageFactory:) 
[00:24:55.933] [INFO ] - Finding element registerButton using locator By.id: submitAccount. (PageFactory:) 
[00:24:55.935] [INFO ] - Finding element signUp using locator By.id: newsletter. (PageFactory:) 
[00:24:55.937] [INFO ] - Finding element state using locator By.id: uniform-id_state. (PageFactory:) 
[00:24:55.938] [INFO ] - Finding element year using locator By.id: years. (PageFactory:) 
[00:24:56.756] [INFO ] - Finding element zipCode using locator By.id: postcode. (PageFactory:) 
