[00:07:07.977] [INFO ] - Starting the browser... (Browser:212) 
[00:07:08.015] [INFO ] - Setting up Chrome driver... (Browser:75) 
[00:07:16.808] [INFO ] - Setting screen size of Browser to NORMAL... (Browser:253) 
[00:07:16.809] [INFO ] - Setting screen resolution to [ScreenResolution{height=768, width=1280}]... (Browser:264) 
[00:07:17.965] [INFO ] - Finding elements available on the page. (PageFactory:51) 
[00:07:17.987] [INFO ] - Finding element signInLink using locator By.linkText: Sign in. (PageFactory:83) 
[00:07:18.030] [INFO ] - Navigating to [http://automationpractice.com/index.php]... (DriverListner:299) 
[00:07:37.823] [TRACE] - Navigated to url [http://automationpractice.com/index.php]... (DriverListner:154) 
[00:07:37.828] [INFO ] - Finding elements available on the page. (PageFactory:51) 
[00:07:37.829] [INFO ] - Finding element signInLink using locator By.linkText: Sign in. (PageFactory:83) 
[00:07:37.839] [TRACE] - Finding element by [By.linkText: Sign in] (DriverListner:236) 
[00:07:37.916] [TRACE] - Element found using [By.linkText: Sign in]... (DriverListner:91) 
[00:07:38.630] [INFO ] - Clicking on Element... (DriverListner:224) 
[00:07:40.858] [TRACE] - Clicked on element... (DriverListner:79) 
[00:07:40.909] [INFO ] - Finding elements available on the page. (PageFactory:51) 
[00:07:40.914] [INFO ] - Finding element createAccountButton using locator By.id: SubmitCreate. (PageFactory:83) 
[00:07:40.916] [INFO ] - Finding element emailId using locator By.id: email_create. (PageFactory:83) 
[00:07:40.917] [INFO ] - Finding element password using locator By.id: passwd. (PageFactory:83) 
[00:07:40.918] [INFO ] - Finding element signInButton using locator By.id: SubmitLogin. (PageFactory:83) 
[00:07:40.919] [INFO ] - Finding element signInEmail using locator By.id: email. (PageFactory:83) 
[00:07:40.997] [TRACE] - Finding element by [By.id: email_create] (DriverListner:236) 
[00:07:41.037] [TRACE] - Element found using [By.id: email_create]... (DriverListner:91) 
[00:07:41.668] [INFO ] - Clicking on Element... (DriverListner:224) 
[00:07:41.916] [TRACE] - Clicked on element... (DriverListner:79) 
[00:07:41.921] [TRACE] - Finding element by [By.id: email_create] (DriverListner:236) 
[00:07:41.956] [TRACE] - Element found using [By.id: email_create]... (DriverListner:91) 
[00:07:42.747] [TRACE] - Finding element by [By.id: email_create] (DriverListner:236) 
[00:07:42.771] [TRACE] - Element found using [By.id: email_create]... (DriverListner:91) 
[00:07:43.318] [INFO ] - Writing text [wilbur.stamm@hotmail.com]... (DriverListner:212) 
[00:07:43.694] [TRACE] - Text [wilbur.stamm@hotmail.com] has been entered... (DriverListner:67) 
[00:07:43.695] [TRACE] - Finding element by [By.id: SubmitCreate] (DriverListner:236) 
[00:07:43.728] [TRACE] - Element found using [By.id: SubmitCreate]... (DriverListner:91) 
[00:07:44.362] [INFO ] - Clicking on Element... (DriverListner:224) 
[00:07:44.626] [TRACE] - Clicked on element... (DriverListner:79) 
[00:07:44.629] [INFO ] - Finding elements available on the page. (PageFactory:51) 
[00:07:44.630] [INFO ] - Finding element addressLine1 using locator By.id: address1. (PageFactory:83) 
[00:07:44.631] [INFO ] - Finding element addressLine2 using locator By.id: address2. (PageFactory:83) 
[00:07:44.633] [INFO ] - Finding element city using locator By.id: city. (PageFactory:83) 
[00:07:44.634] [INFO ] - Finding element company using locator By.id: company. (PageFactory:83) 
[00:07:44.635] [INFO ] - Finding element country using locator By.id: id_country. (PageFactory:83) 
[00:07:44.636] [INFO ] - Finding element parentOfDay using locator By.id: uniform-days. (PageFactory:83) 
[00:07:44.637] [INFO ] - Finding element day using locator By.id: days. (PageFactory:83) 
[00:07:44.638] [TRACE] - Finding element by [By.id: uniform-days] (DriverListner:236) 
[00:07:48.292] [TRACE] - Element found using [By.id: uniform-days]... (DriverListner:91) 
[00:07:48.928] [TRACE] - Finding element by [By.id: days] (DriverListner:236) 
[00:07:48.993] [TRACE] - Element found using [By.id: days]... (DriverListner:91) 
[00:07:48.995] [INFO ] - Finding element firstName using locator By.name: customer_firstname. (PageFactory:83) 
[00:07:48.997] [INFO ] - Finding element lastName using locator By.name: customer_lastname. (PageFactory:83) 
[00:07:49.001] [INFO ] - Finding element mobilePhone using locator By.id: phone_mobile. (PageFactory:83) 
[00:07:49.004] [INFO ] - Finding element parentOfMonths using locator By.id: uniform-months. (PageFactory:83) 
[00:07:49.006] [INFO ] - Finding element month using locator By.id: months. (PageFactory:83) 
[00:07:49.007] [TRACE] - Finding element by [By.id: uniform-months] (DriverListner:236) 
[00:07:49.058] [TRACE] - Element found using [By.id: uniform-months]... (DriverListner:91) 
[00:07:49.688] [TRACE] - Finding element by [By.id: months] (DriverListner:236) 
[00:07:49.752] [TRACE] - Element found using [By.id: months]... (DriverListner:91) 
[00:07:49.753] [INFO ] - Finding element mrRadioBtn using locator By.id: id_gender1. (PageFactory:83) 
[00:07:49.755] [INFO ] - Finding element mrsRadioBtn using locator By.id: id_gender2. (PageFactory:83) 
[00:07:49.756] [INFO ] - Finding element parentOfDay using locator By.id: uniform-days. (PageFactory:83) 
[00:07:49.758] [INFO ] - Finding element parentOfMonths using locator By.id: uniform-months. (PageFactory:83) 
[00:07:49.760] [INFO ] - Finding element parentOfYears using locator By.id: uniform-years. (PageFactory:83) 
[00:07:49.761] [INFO ] - Finding element password using locator By.id: passwd. (PageFactory:83) 
[00:07:49.763] [INFO ] - Finding element receiveOffers using locator By.id: optin. (PageFactory:83) 
[00:07:49.764] [INFO ] - Finding element registerButton using locator By.id: submitAccount. (PageFactory:83) 
[00:07:49.766] [INFO ] - Finding element signUp using locator By.id: newsletter. (PageFactory:83) 
[00:07:49.767] [INFO ] - Finding element state using locator By.id: uniform-id_state. (PageFactory:83) 
[00:07:49.769] [INFO ] - Finding element year using locator By.id: years. (PageFactory:83) 
[00:07:49.770] [TRACE] - Finding element by [By.id: uniform-years] (DriverListner:236) 
[00:07:49.831] [TRACE] - Element found using [By.id: uniform-years]... (DriverListner:91) 
[00:07:50.521] [TRACE] - Finding element by [By.id: years] (DriverListner:236) 
[00:07:50.583] [TRACE] - Element found using [By.id: years]... (DriverListner:91) 
[00:07:50.585] [INFO ] - Finding element zipCode using locator By.id: postcode. (PageFactory:83) 
[00:07:50.591] [TRACE] - Finding element by [By.id: id_gender1] (DriverListner:236) 
[00:07:50.651] [TRACE] - Element found using [By.id: id_gender1]... (DriverListner:91) 
[00:07:51.228] [TRACE] - Finding element by [By.id: id_gender1] (DriverListner:236) 
[00:07:51.266] [TRACE] - Element found using [By.id: id_gender1]... (DriverListner:91) 
[00:07:51.814] [TRACE] - Finding element by [By.id: id_gender1] (DriverListner:236) 
[00:07:51.846] [TRACE] - Element found using [By.id: id_gender1]... (DriverListner:91) 
[00:07:52.392] [TRACE] - Finding element by [By.id: id_gender1] (DriverListner:236) 
[00:07:52.414] [TRACE] - Element found using [By.id: id_gender1]... (DriverListner:91) 
[00:07:52.960] [TRACE] - Finding element by [By.id: id_gender1] (DriverListner:236) 
[00:07:52.993] [TRACE] - Element found using [By.id: id_gender1]... (DriverListner:91) 
[00:07:53.541] [TRACE] - Finding element by [By.id: id_gender1] (DriverListner:236) 
[00:07:53.574] [TRACE] - Element found using [By.id: id_gender1]... (DriverListner:91) 
[00:07:54.123] [TRACE] - Finding element by [By.id: id_gender1] (DriverListner:236) 
[00:07:54.155] [TRACE] - Element found using [By.id: id_gender1]... (DriverListner:91) 
[00:07:54.701] [TRACE] - Finding element by [By.id: id_gender1] (DriverListner:236) 
[00:07:54.734] [TRACE] - Element found using [By.id: id_gender1]... (DriverListner:91) 
[00:07:55.283] [TRACE] - Finding element by [By.id: id_gender1] (DriverListner:236) 
[00:07:55.319] [TRACE] - Element found using [By.id: id_gender1]... (DriverListner:91) 
[00:07:55.864] [TRACE] - Finding element by [By.id: id_gender1] (DriverListner:236) 
[00:07:55.898] [TRACE] - Element found using [By.id: id_gender1]... (DriverListner:91) 
[00:07:56.427] [TRACE] - Finding element by [By.id: id_gender1] (DriverListner:236) 
[00:07:56.472] [TRACE] - Element found using [By.id: id_gender1]... (DriverListner:91) 
[00:07:57.004] [TRACE] - Finding element by [By.id: id_gender1] (DriverListner:236) 
[00:07:57.039] [TRACE] - Element found using [By.id: id_gender1]... (DriverListner:91) 
[00:07:57.575] [TRACE] - Finding element by [By.id: id_gender1] (DriverListner:236) 
[00:07:57.603] [TRACE] - Element found using [By.id: id_gender1]... (DriverListner:91) 
[00:07:58.167] [TRACE] - Finding element by [By.id: id_gender1] (DriverListner:236) 
[00:07:58.190] [TRACE] - Element found using [By.id: id_gender1]... (DriverListner:91) 
[00:07:58.720] [TRACE] - Finding element by [By.id: id_gender1] (DriverListner:236) 
[00:07:58.741] [TRACE] - Element found using [By.id: id_gender1]... (DriverListner:91) 
[00:07:59.269] [TRACE] - Finding element by [By.id: id_gender1] (DriverListner:236) 
[00:07:59.287] [TRACE] - Element found using [By.id: id_gender1]... (DriverListner:91) 
[00:07:59.814] [TRACE] - Finding element by [By.id: id_gender1] (DriverListner:236) 
[00:07:59.831] [TRACE] - Element found using [By.id: id_gender1]... (DriverListner:91) 
[00:08:00.357] [TRACE] - Finding element by [By.id: id_gender1] (DriverListner:236) 
[00:08:00.377] [TRACE] - Element found using [By.id: id_gender1]... (DriverListner:91) 
[00:08:00.903] [TRACE] - Finding element by [By.id: id_gender1] (DriverListner:236) 
[00:08:00.923] [TRACE] - Element found using [By.id: id_gender1]... (DriverListner:91) 
[00:08:01.447] [TRACE] - Finding element by [By.id: id_gender1] (DriverListner:236) 
[00:08:01.479] [TRACE] - Element found using [By.id: id_gender1]... (DriverListner:91) 
[00:08:02.026] [TRACE] - Finding element by [By.id: id_gender1] (DriverListner:236) 
[00:08:02.057] [TRACE] - Element found using [By.id: id_gender1]... (DriverListner:91) 
[00:08:02.601] [TRACE] - Finding element by [By.id: id_gender1] (DriverListner:236) 
[00:08:02.621] [TRACE] - Element found using [By.id: id_gender1]... (DriverListner:91) 
[00:08:03.145] [TRACE] - Finding element by [By.id: id_gender1] (DriverListner:236) 
[00:08:03.185] [TRACE] - Element found using [By.id: id_gender1]... (DriverListner:91) 
[00:08:03.745] [TRACE] - Finding element by [By.id: id_gender1] (DriverListner:236) 
[00:08:03.762] [TRACE] - Element found using [By.id: id_gender1]... (DriverListner:91) 
[00:08:04.293] [TRACE] - Finding element by [By.id: id_gender1] (DriverListner:236) 
[00:08:04.310] [TRACE] - Element found using [By.id: id_gender1]... (DriverListner:91) 
[00:08:04.842] [TRACE] - Finding element by [By.id: id_gender1] (DriverListner:236) 
[00:08:04.861] [TRACE] - Element found using [By.id: id_gender1]... (DriverListner:91) 
[00:08:05.386] [TRACE] - Finding element by [By.id: id_gender1] (DriverListner:236) 
[00:08:05.403] [TRACE] - Element found using [By.id: id_gender1]... (DriverListner:91) 
[00:08:05.928] [TRACE] - Finding element by [By.id: id_gender1] (DriverListner:236) 
[00:08:05.943] [TRACE] - Element found using [By.id: id_gender1]... (DriverListner:91) 
[00:08:06.466] [TRACE] - Finding element by [By.id: id_gender1] (DriverListner:236) 
[00:08:06.483] [TRACE] - Element found using [By.id: id_gender1]... (DriverListner:91) 
[00:08:07.012] [TRACE] - Finding element by [By.id: id_gender1] (DriverListner:236) 
[00:08:07.044] [TRACE] - Element found using [By.id: id_gender1]... (DriverListner:91) 
[00:08:07.599] [TRACE] - Finding element by [By.id: id_gender1] (DriverListner:236) 
[00:08:07.618] [TRACE] - Element found using [By.id: id_gender1]... (DriverListner:91) 
[00:08:08.142] [TRACE] - Finding element by [By.id: id_gender1] (DriverListner:236) 
[00:08:08.159] [TRACE] - Element found using [By.id: id_gender1]... (DriverListner:91) 
[00:08:08.687] [TRACE] - Finding element by [By.id: id_gender1] (DriverListner:236) 
[00:08:08.719] [TRACE] - Element found using [By.id: id_gender1]... (DriverListner:91) 
[00:08:09.270] [TRACE] - Finding element by [By.id: id_gender1] (DriverListner:236) 
[00:08:09.305] [TRACE] - Element found using [By.id: id_gender1]... (DriverListner:91) 
[00:08:09.856] [TRACE] - Finding element by [By.id: id_gender1] (DriverListner:236) 
[00:08:09.888] [TRACE] - Element found using [By.id: id_gender1]... (DriverListner:91) 
[00:08:10.434] [TRACE] - Finding element by [By.id: id_gender1] (DriverListner:236) 
[00:08:10.470] [TRACE] - Element found using [By.id: id_gender1]... (DriverListner:91) 
[00:08:11.021] [TRACE] - Finding element by [By.id: id_gender1] (DriverListner:236) 
[00:08:11.086] [TRACE] - Element found using [By.id: id_gender1]... (DriverListner:91) 
[00:08:11.628] [TRACE] - Finding element by [By.id: id_gender1] (DriverListner:236) 
[00:08:11.646] [TRACE] - Element found using [By.id: id_gender1]... (DriverListner:91) 
[00:08:12.180] [TRACE] - Finding element by [By.id: id_gender1] (DriverListner:236) 
[00:08:12.204] [TRACE] - Element found using [By.id: id_gender1]... (DriverListner:91) 
[00:08:12.730] [TRACE] - Finding element by [By.id: id_gender1] (DriverListner:236) 
[00:08:12.756] [TRACE] - Element found using [By.id: id_gender1]... (DriverListner:91) 
[00:08:13.291] [TRACE] - Finding element by [By.id: id_gender1] (DriverListner:236) 
[00:08:13.308] [TRACE] - Element found using [By.id: id_gender1]... (DriverListner:91) 
[00:08:13.834] [TRACE] - Finding element by [By.id: id_gender1] (DriverListner:236) 
[00:08:13.849] [TRACE] - Element found using [By.id: id_gender1]... (DriverListner:91) 
[00:08:14.371] [TRACE] - Finding element by [By.id: id_gender1] (DriverListner:236) 
[00:08:14.387] [TRACE] - Element found using [By.id: id_gender1]... (DriverListner:91) 
[00:08:14.911] [TRACE] - Finding element by [By.id: id_gender1] (DriverListner:236) 
[00:08:14.952] [TRACE] - Element found using [By.id: id_gender1]... (DriverListner:91) 
[00:08:15.488] [TRACE] - Finding element by [By.id: id_gender1] (DriverListner:236) 
[00:08:15.504] [TRACE] - Element found using [By.id: id_gender1]... (DriverListner:91) 
[00:08:16.029] [TRACE] - Finding element by [By.id: id_gender1] (DriverListner:236) 
[00:08:16.061] [TRACE] - Element found using [By.id: id_gender1]... (DriverListner:91) 
[00:08:16.626] [TRACE] - Finding element by [By.id: id_gender1] (DriverListner:236) 
[00:08:16.658] [TRACE] - Element found using [By.id: id_gender1]... (DriverListner:91) 
[00:08:17.205] [TRACE] - Finding element by [By.id: id_gender1] (DriverListner:236) 
[00:08:17.237] [TRACE] - Element found using [By.id: id_gender1]... (DriverListner:91) 
[00:08:17.790] [TRACE] - Finding element by [By.id: id_gender1] (DriverListner:236) 
[00:08:17.819] [TRACE] - Element found using [By.id: id_gender1]... (DriverListner:91) 
[00:08:18.350] [TRACE] - Finding element by [By.id: id_gender1] (DriverListner:236) 
[00:08:18.380] [TRACE] - Element found using [By.id: id_gender1]... (DriverListner:91) 
[00:08:18.924] [TRACE] - Finding element by [By.id: id_gender1] (DriverListner:236) 
[00:08:18.955] [TRACE] - Element found using [By.id: id_gender1]... (DriverListner:91) 
[00:08:19.505] [TRACE] - Finding element by [By.id: id_gender1] (DriverListner:236) 
[00:08:19.548] [TRACE] - Element found using [By.id: id_gender1]... (DriverListner:91) 
[00:08:20.097] [TRACE] - Finding element by [By.id: id_gender1] (DriverListner:236) 
[00:08:20.129] [TRACE] - Element found using [By.id: id_gender1]... (DriverListner:91) 
[00:08:20.674] [TRACE] - Finding element by [By.id: id_gender1] (DriverListner:236) 
[00:08:20.694] [TRACE] - Element found using [By.id: id_gender1]... (DriverListner:91) 
[00:08:21.221] [TRACE] - Finding element by [By.id: id_gender1] (DriverListner:236) 
[00:08:21.256] [TRACE] - Element found using [By.id: id_gender1]... (DriverListner:91) 
[00:08:21.801] [TRACE] - Finding element by [By.id: id_gender1] (DriverListner:236) 
[00:08:21.831] [TRACE] - Element found using [By.id: id_gender1]... (DriverListner:91) 
[00:08:22.377] [TRACE] - Finding element by [By.id: id_gender1] (DriverListner:236) 
[00:08:22.408] [TRACE] - Element found using [By.id: id_gender1]... (DriverListner:91) 
[00:08:22.954] [TRACE] - Finding element by [By.id: id_gender1] (DriverListner:236) 
[00:08:23.025] [TRACE] - Element found using [By.id: id_gender1]... (DriverListner:91) 
[00:08:23.642] [TRACE] - Finding element by [By.id: id_gender1] (DriverListner:236) 
[00:08:23.660] [TRACE] - Element found using [By.id: id_gender1]... (DriverListner:91) 
[00:08:24.185] [TRACE] - Finding element by [By.id: id_gender1] (DriverListner:236) 
[00:08:24.219] [TRACE] - Element found using [By.id: id_gender1]... (DriverListner:91) 
[00:08:24.769] [TRACE] - Finding element by [By.id: id_gender1] (DriverListner:236) 
[00:08:24.801] [TRACE] - Element found using [By.id: id_gender1]... (DriverListner:91) 
[00:08:25.349] [TRACE] - Finding element by [By.id: id_gender1] (DriverListner:236) 
[00:08:25.367] [TRACE] - Element found using [By.id: id_gender1]... (DriverListner:91) 
[00:08:25.891] [TRACE] - Finding element by [By.id: id_gender1] (DriverListner:236) 
[00:08:25.922] [TRACE] - Element found using [By.id: id_gender1]... (DriverListner:91) 
[00:08:26.472] [TRACE] - Finding element by [By.id: id_gender1] (DriverListner:236) 
[00:08:26.489] [TRACE] - Element found using [By.id: id_gender1]... (DriverListner:91) 
[00:08:27.014] [TRACE] - Finding element by [By.id: id_gender1] (DriverListner:236) 
[00:08:27.057] [TRACE] - Element found using [By.id: id_gender1]... (DriverListner:91) 
[00:08:27.588] [TRACE] - Finding element by [By.id: id_gender1] (DriverListner:236) 
[00:08:27.605] [TRACE] - Element found using [By.id: id_gender1]... (DriverListner:91) 
[00:08:28.130] [TRACE] - Finding element by [By.id: id_gender1] (DriverListner:236) 
[00:08:28.150] [TRACE] - Element found using [By.id: id_gender1]... (DriverListner:91) 
[00:08:28.676] [TRACE] - Finding element by [By.id: id_gender1] (DriverListner:236) 
[00:08:28.693] [TRACE] - Element found using [By.id: id_gender1]... (DriverListner:91) 
[00:08:29.216] [TRACE] - Finding element by [By.id: id_gender1] (DriverListner:236) 
[00:08:29.247] [TRACE] - Element found using [By.id: id_gender1]... (DriverListner:91) 
[00:08:29.793] [TRACE] - Finding element by [By.id: id_gender1] (DriverListner:236) 
[00:08:29.838] [TRACE] - Element found using [By.id: id_gender1]... (DriverListner:91) 
[00:08:30.374] [TRACE] - Finding element by [By.id: id_gender1] (DriverListner:236) 
[00:08:30.410] [TRACE] - Element found using [By.id: id_gender1]... (DriverListner:91) 
[00:08:30.973] [TRACE] - Finding element by [By.id: id_gender1] (DriverListner:236) 
[00:08:31.011] [TRACE] - Element found using [By.id: id_gender1]... (DriverListner:91) 
[00:08:31.567] [TRACE] - Finding element by [By.id: id_gender1] (DriverListner:236) 
[00:08:31.706] [TRACE] - Element found using [By.id: id_gender1]... (DriverListner:91) 
[00:08:32.257] [TRACE] - Finding element by [By.id: id_gender1] (DriverListner:236) 
[00:08:32.273] [TRACE] - Element found using [By.id: id_gender1]... (DriverListner:91) 
[00:08:32.799] [TRACE] - Finding element by [By.id: id_gender1] (DriverListner:236) 
[00:08:32.822] [TRACE] - Element found using [By.id: id_gender1]... (DriverListner:91) 
[00:08:33.348] [TRACE] - Finding element by [By.id: id_gender1] (DriverListner:236) 
[00:08:33.366] [TRACE] - Element found using [By.id: id_gender1]... (DriverListner:91) 
[00:08:33.891] [TRACE] - Finding element by [By.id: id_gender1] (DriverListner:236) 
[00:08:33.924] [TRACE] - Element found using [By.id: id_gender1]... (DriverListner:91) 
[00:08:34.472] [TRACE] - Finding element by [By.id: id_gender1] (DriverListner:236) 
[00:08:34.488] [TRACE] - Element found using [By.id: id_gender1]... (DriverListner:91) 
[00:08:35.015] [TRACE] - Finding element by [By.id: id_gender1] (DriverListner:236) 
[00:08:35.032] [TRACE] - Element found using [By.id: id_gender1]... (DriverListner:91) 
[00:08:35.556] [TRACE] - Finding element by [By.id: id_gender1] (DriverListner:236) 
[00:08:35.572] [TRACE] - Element found using [By.id: id_gender1]... (DriverListner:91) 
[00:08:36.094] [TRACE] - Finding element by [By.id: id_gender1] (DriverListner:236) 
[00:08:36.110] [TRACE] - Element found using [By.id: id_gender1]... (DriverListner:91) 
[00:08:36.635] [TRACE] - Finding element by [By.id: id_gender1] (DriverListner:236) 
[00:08:36.671] [TRACE] - Element found using [By.id: id_gender1]... (DriverListner:91) 
[00:08:37.231] [TRACE] - Finding element by [By.id: id_gender1] (DriverListner:236) 
[00:08:37.262] [TRACE] - Element found using [By.id: id_gender1]... (DriverListner:91) 
[00:08:37.811] [TRACE] - Finding element by [By.id: id_gender1] (DriverListner:236) 
[00:08:37.847] [TRACE] - Element found using [By.id: id_gender1]... (DriverListner:91) 
[00:08:38.404] [TRACE] - Finding element by [By.id: id_gender1] (DriverListner:236) 
[00:08:38.435] [TRACE] - Element found using [By.id: id_gender1]... (DriverListner:91) 
[00:08:38.986] [TRACE] - Finding element by [By.id: id_gender1] (DriverListner:236) 
[00:08:39.020] [TRACE] - Element found using [By.id: id_gender1]... (DriverListner:91) 
[00:08:39.575] [TRACE] - Finding element by [By.id: id_gender1] (DriverListner:236) 
[00:08:39.592] [TRACE] - Element found using [By.id: id_gender1]... (DriverListner:91) 
[00:08:40.118] [TRACE] - Finding element by [By.id: id_gender1] (DriverListner:236) 
[00:08:40.136] [TRACE] - Element found using [By.id: id_gender1]... (DriverListner:91) 
[00:08:40.684] [TRACE] - Finding element by [By.id: id_gender1] (DriverListner:236) 
[00:08:40.701] [TRACE] - Element found using [By.id: id_gender1]... (DriverListner:91) 
[00:08:41.227] [TRACE] - Finding element by [By.id: id_gender1] (DriverListner:236) 
[00:08:41.243] [TRACE] - Element found using [By.id: id_gender1]... (DriverListner:91) 
[00:08:41.770] [TRACE] - Finding element by [By.id: id_gender1] (DriverListner:236) 
[00:08:41.790] [TRACE] - Element found using [By.id: id_gender1]... (DriverListner:91) 
[00:08:42.315] [TRACE] - Finding element by [By.id: id_gender1] (DriverListner:236) 
[00:08:42.330] [TRACE] - Element found using [By.id: id_gender1]... (DriverListner:91) 
[00:08:42.854] [TRACE] - Finding element by [By.id: id_gender1] (DriverListner:236) 
[00:08:42.886] [TRACE] - Element found using [By.id: id_gender1]... (DriverListner:91) 
[00:08:43.431] [TRACE] - Finding element by [By.id: id_gender1] (DriverListner:236) 
[00:08:43.462] [TRACE] - Element found using [By.id: id_gender1]... (DriverListner:91) 
[00:08:44.017] [TRACE] - Finding element by [By.id: id_gender1] (DriverListner:236) 
[00:08:44.034] [TRACE] - Element found using [By.id: id_gender1]... (DriverListner:91) 
[00:08:44.558] [TRACE] - Finding element by [By.id: id_gender1] (DriverListner:236) 
[00:08:44.591] [TRACE] - Element found using [By.id: id_gender1]... (DriverListner:91) 
[00:08:45.120] [TRACE] - Finding element by [By.id: id_gender1] (DriverListner:236) 
[00:08:45.138] [TRACE] - Element found using [By.id: id_gender1]... (DriverListner:91) 
[00:08:45.663] [TRACE] - Finding element by [By.id: id_gender1] (DriverListner:236) 
[00:08:45.679] [TRACE] - Element found using [By.id: id_gender1]... (DriverListner:91) 
[00:08:46.263] [TRACE] - Finding element by [By.id: id_gender1] (DriverListner:236) 
[00:08:46.423] [TRACE] - Element found using [By.id: id_gender1]... (DriverListner:91) 
[00:08:46.958] [TRACE] - Finding element by [By.id: id_gender1] (DriverListner:236) 
[00:08:46.974] [TRACE] - Element found using [By.id: id_gender1]... (DriverListner:91) 
[00:08:47.501] [TRACE] - Finding element by [By.id: id_gender1] (DriverListner:236) 
[00:08:47.521] [TRACE] - Element found using [By.id: id_gender1]... (DriverListner:91) 
[00:08:48.046] [TRACE] - Finding element by [By.id: id_gender1] (DriverListner:236) 
[00:08:48.070] [TRACE] - Element found using [By.id: id_gender1]... (DriverListner:91) 
[00:08:48.606] [TRACE] - Finding element by [By.id: id_gender1] (DriverListner:236) 
[00:08:48.997] [TRACE] - Element found using [By.id: id_gender1]... (DriverListner:91) 
[00:08:49.560] [TRACE] - Finding element by [By.id: id_gender1] (DriverListner:236) 
[00:08:49.599] [TRACE] - Element found using [By.id: id_gender1]... (DriverListner:91) 
[00:08:50.143] [TRACE] - Finding element by [By.id: id_gender1] (DriverListner:236) 
[00:08:50.169] [TRACE] - Element found using [By.id: id_gender1]... (DriverListner:91) 
[00:08:50.707] [TRACE] - Finding element by [By.id: id_gender1] (DriverListner:236) 
[00:08:50.740] [TRACE] - Element found using [By.id: id_gender1]... (DriverListner:91) 
[00:08:50.801] [TRACE] - Finding element by [By.linkText: Sign out] (DriverListner:236) 
[00:09:50.890] [ERROR] - Error occurred: no such element: Unable to locate element: {"method":"link text","selector":"Sign out"}
  (Session info: chrome=75.0.3770.100)
For documentation on this error, please visit: https://www.seleniumhq.org/exceptions/no_such_element.html
Build info: version: '3.141.59', revision: 'e82be7d358', time: '2018-11-14T08:17:03'
System info: host: 'FAISALKHATRI', ip: '10.0.75.1', os.name: 'Windows 10', os.arch: 'amd64', os.version: '10.0', java.version: '1.8.0_212'
Driver info: org.openqa.selenium.chrome.ChromeDriver
Capabilities {acceptInsecureCerts: false, browserName: chrome, browserVersion: 75.0.3770.100, chrome: {chromedriverVersion: 75.0.3770.8 (681f24ea911fe7..., userDataDir: C:\Users\ADMIN\AppData\Loca...}, goog:chromeOptions: {debuggerAddress: localhost:53916}, javascriptEnabled: true, networkConnectionEnabled: false, pageLoadStrategy: normal, platform: XP, platformName: XP, proxy: Proxy(), setWindowRect: true, strictFileInteractability: false, timeouts: {implicit: 0, pageLoad: 300000, script: 30000}, unhandledPromptBehavior: dismiss and notify}
Session ID: fc0f87ada3fbb5fa17a267d260c45207
*** Element info: {Using=link text, value=Sign out} (DriverListner:332) 
[00:09:50.893] [ERROR] - 	at: sun.reflect.NativeConstructorAccessorImpl.newInstance0(Native Method) (DriverListner:334) 
[00:09:50.894] [ERROR] - 	at: sun.reflect.NativeConstructorAccessorImpl.newInstance(NativeConstructorAccessorImpl.java:62) (DriverListner:334) 
[00:09:50.895] [ERROR] - 	at: sun.reflect.DelegatingConstructorAccessorImpl.newInstance(DelegatingConstructorAccessorImpl.java:45) (DriverListner:334) 
[00:09:50.896] [ERROR] - 	at: java.lang.reflect.Constructor.newInstance(Constructor.java:423) (DriverListner:334) 
[00:09:50.897] [ERROR] - 	at: org.openqa.selenium.remote.http.W3CHttpResponseCodec.createException(W3CHttpResponseCodec.java:187) (DriverListner:334) 
[00:09:50.897] [ERROR] - 	at: org.openqa.selenium.remote.http.W3CHttpResponseCodec.decode(W3CHttpResponseCodec.java:122) (DriverListner:334) 
[00:09:50.898] [ERROR] - 	at: org.openqa.selenium.remote.http.W3CHttpResponseCodec.decode(W3CHttpResponseCodec.java:49) (DriverListner:334) 
[00:09:50.899] [ERROR] - 	at: org.openqa.selenium.remote.HttpCommandExecutor.execute(HttpCommandExecutor.java:158) (DriverListner:334) 
[00:09:50.900] [ERROR] - 	at: org.openqa.selenium.remote.service.DriverCommandExecutor.execute(DriverCommandExecutor.java:83) (DriverListner:334) 
[00:09:50.900] [ERROR] - 	at: org.openqa.selenium.remote.RemoteWebDriver.execute(RemoteWebDriver.java:552) (DriverListner:334) 
[00:09:50.901] [ERROR] - 	at: org.openqa.selenium.remote.RemoteWebDriver.findElement(RemoteWebDriver.java:323) (DriverListner:334) 
[00:09:50.901] [ERROR] - 	at: org.openqa.selenium.remote.RemoteWebDriver.findElementByLinkText(RemoteWebDriver.java:380) (DriverListner:334) 
[00:09:50.902] [ERROR] - 	at: org.openqa.selenium.By$ByLinkText.findElement(By.java:220) (DriverListner:334) 
[00:09:50.903] [ERROR] - 	at: org.openqa.selenium.remote.RemoteWebDriver.findElement(RemoteWebDriver.java:315) (DriverListner:334) 
[00:09:50.903] [ERROR] - 	at: sun.reflect.GeneratedMethodAccessor7.invoke(Unknown Source) (DriverListner:334) 
[00:09:50.904] [ERROR] - 	at: sun.reflect.DelegatingMethodAccessorImpl.invoke(DelegatingMethodAccessorImpl.java:43) (DriverListner:334) 
[00:09:50.905] [ERROR] - 	at: java.lang.reflect.Method.invoke(Method.java:498) (DriverListner:334) 
[00:09:50.905] [ERROR] - 	at: org.openqa.selenium.support.events.EventFiringWebDriver.lambda$new$1(EventFiringWebDriver.java:105) (DriverListner:334) 
[00:09:50.906] [ERROR] - 	at: com.sun.proxy.$Proxy27.findElement(Unknown Source) (DriverListner:334) 
[00:09:50.907] [ERROR] - 	at: org.openqa.selenium.support.events.EventFiringWebDriver.findElement(EventFiringWebDriver.java:194) (DriverListner:334) 
[00:09:50.907] [ERROR] - 	at: org.openqa.selenium.support.ui.ExpectedConditions$7.apply(ExpectedConditions.java:205) (DriverListner:334) 
[00:09:50.908] [ERROR] - 	at: org.openqa.selenium.support.ui.ExpectedConditions$7.apply(ExpectedConditions.java:201) (DriverListner:334) 
[00:09:50.909] [ERROR] - 	at: org.openqa.selenium.support.ui.FluentWait.until(FluentWait.java:249) (DriverListner:334) 
[00:09:50.910] [ERROR] - 	at: com.github.wasiqb.coteafs.selenium.core.ElementAction.waitUntilLocatorVisible(ElementAction.java:451) (DriverListner:334) 
[00:09:50.911] [ERROR] - 	at: com.github.wasiqb.coteafs.selenium.core.ElementAction.waitUntilVisible(ElementAction.java:397) (DriverListner:334) 
[00:09:50.911] [ERROR] - 	at: com.github.wasiqb.coteafs.selenium.core.ElementAction.prepareForAction(ElementAction.java:424) (DriverListner:334) 
[00:09:50.912] [ERROR] - 	at: com.github.wasiqb.coteafs.selenium.core.ElementAction.perform(ElementAction.java:419) (DriverListner:334) 
[00:09:50.913] [ERROR] - 	at: com.github.wasiqb.coteafs.selenium.core.ElementAction.click(ElementAction.java:142) (DriverListner:334) 
[00:09:50.914] [ERROR] - 	at: com.wizonsoft.action.SignoutAction.signoutWebsite(SignoutAction.java:28) (DriverListner:334) 
[00:09:50.915] [ERROR] - 	at: com.wizonsoft.action.SignoutAction.perform(SignoutAction.java:23) (DriverListner:334) 
[00:09:50.915] [ERROR] - 	at: com.wizonsoft.tests.SignoutTests.testSignOut(SignoutTests.java:20) (DriverListner:334) 
[00:09:50.916] [ERROR] - 	at: sun.reflect.NativeMethodAccessorImpl.invoke0(Native Method) (DriverListner:334) 
[00:09:50.917] [ERROR] - 	at: sun.reflect.NativeMethodAccessorImpl.invoke(NativeMethodAccessorImpl.java:62) (DriverListner:334) 
[00:09:50.918] [ERROR] - 	at: sun.reflect.DelegatingMethodAccessorImpl.invoke(DelegatingMethodAccessorImpl.java:43) (DriverListner:334) 
[00:09:50.918] [ERROR] - 	at: java.lang.reflect.Method.invoke(Method.java:498) (DriverListner:334) 
[00:09:50.920] [ERROR] - 	at: org.testng.internal.MethodInvocationHelper.invokeMethod(MethodInvocationHelper.java:124) (DriverListner:334) 
[00:09:50.920] [ERROR] - 	at: org.testng.internal.Invoker.invokeMethod(Invoker.java:583) (DriverListner:334) 
[00:09:50.921] [ERROR] - 	at: org.testng.internal.Invoker.invokeTestMethod(Invoker.java:719) (DriverListner:334) 
[00:09:50.922] [ERROR] - 	at: org.testng.internal.Invoker.invokeTestMethods(Invoker.java:989) (DriverListner:334) 
[00:09:50.923] [ERROR] - 	at: org.testng.internal.TestMethodWorker.invokeTestMethods(TestMethodWorker.java:125) (DriverListner:334) 
[00:09:50.923] [ERROR] - 	at: org.testng.internal.TestMethodWorker.run(TestMethodWorker.java:109) (DriverListner:334) 
[00:09:50.924] [ERROR] - 	at: org.testng.TestRunner.privateRun(TestRunner.java:648) (DriverListner:334) 
[00:09:50.925] [ERROR] - 	at: org.testng.TestRunner.run(TestRunner.java:505) (DriverListner:334) 
[00:09:50.926] [ERROR] - 	at: org.testng.SuiteRunner.runTest(SuiteRunner.java:455) (DriverListner:334) 
[00:09:50.926] [ERROR] - 	at: org.testng.SuiteRunner.access$000(SuiteRunner.java:40) (DriverListner:334) 
[00:09:50.927] [ERROR] - 	at: org.testng.SuiteRunner$SuiteWorker.run(SuiteRunner.java:489) (DriverListner:334) 
[00:09:50.928] [ERROR] - 	at: org.testng.internal.thread.ThreadUtil$1.call(ThreadUtil.java:52) (DriverListner:334) 
[00:09:50.929] [ERROR] - 	at: java.util.concurrent.FutureTask.run(FutureTask.java:266) (DriverListner:334) 
[00:09:50.929] [ERROR] - 	at: java.util.concurrent.ThreadPoolExecutor.runWorker(ThreadPoolExecutor.java:1149) (DriverListner:334) 
[00:09:50.930] [ERROR] - 	at: java.util.concurrent.ThreadPoolExecutor$Worker.run(ThreadPoolExecutor.java:624) (DriverListner:334) 
[00:09:50.931] [ERROR] - 	at: java.lang.Thread.run(Thread.java:748) (DriverListner:334) 
[00:09:50.932] [ERROR] - Catching (DriverListner:336) no such element: Unable to locate element: {"method":"link text","selector":"Sign out"}
  (Session info: chrome=75.0.3770.100)
For documentation on this error, please visit: https://www.seleniumhq.org/exceptions/no_such_element.html
Build info: version: '3.141.59', revision: 'e82be7d358', time: '2018-11-14T08:17:03'
System info: host: 'FAISALKHATRI', ip: '10.0.75.1', os.name: 'Windows 10', os.arch: 'amd64', os.version: '10.0', java.version: '1.8.0_212'
Driver info: org.openqa.selenium.chrome.ChromeDriver
Capabilities {acceptInsecureCerts: false, browserName: chrome, browserVersion: 75.0.3770.100, chrome: {chromedriverVersion: 75.0.3770.8 (681f24ea911fe7..., userDataDir: C:\Users\ADMIN\AppData\Loca...}, goog:chromeOptions: {debuggerAddress: localhost:53916}, javascriptEnabled: true, networkConnectionEnabled: false, pageLoadStrategy: normal, platform: XP, platformName: XP, proxy: Proxy(), setWindowRect: true, strictFileInteractability: false, timeouts: {implicit: 0, pageLoad: 300000, script: 30000}, unhandledPromptBehavior: dismiss and notify}
Session ID: fc0f87ada3fbb5fa17a267d260c45207
*** Element info: {Using=link text, value=Sign out}
[00:09:50.956] [INFO ] - Stopping the browser... (Browser:232) 
