[23:42:05.598] [INFO ] - Starting the browser... (Browser:212) 
[23:42:05.632] [INFO ] - Setting up Chrome driver... (Browser:75) 
[23:42:12.465] [INFO ] - Setting screen size of Browser to NORMAL... (Browser:253) 
[23:42:12.466] [INFO ] - Setting screen resolution to [ScreenResolution{height=768, width=1280}]... (Browser:264) 
[23:42:13.637] [INFO ] - Finding elements available on the page. (PageFactory:51) 
[23:42:13.656] [INFO ] - Finding element signInLink using locator By.linkText: Sign in. (PageFactory:83) 
[23:42:13.693] [INFO ] - Navigating to [http://automationpractice.com/index.php]... (DriverListner:299) 
[23:42:27.459] [TRACE] - Navigated to url [http://automationpractice.com/index.php]... (DriverListner:154) 
[23:42:27.480] [INFO ] - Finding elements available on the page. (PageFactory:51) 
[23:42:27.480] [INFO ] - Finding element signInLink using locator By.linkText: Sign in. (PageFactory:83) 
[23:42:27.488] [TRACE] - Finding element by [By.linkText: Sign in] (DriverListner:236) 
[23:42:27.531] [TRACE] - Element found using [By.linkText: Sign in]... (DriverListner:91) 
[23:42:28.237] [INFO ] - Clicking on Element... (DriverListner:224) 
[23:42:30.896] [TRACE] - Clicked on element... (DriverListner:79) 
[23:42:30.978] [INFO ] - Finding elements available on the page. (PageFactory:51) 
[23:42:30.979] [INFO ] - Finding element createAccountButton using locator By.id: SubmitCreate. (PageFactory:83) 
[23:42:30.981] [INFO ] - Finding element emailId using locator By.id: email_create. (PageFactory:83) 
[23:42:30.982] [INFO ] - Finding element password using locator By.id: passwd. (PageFactory:83) 
[23:42:30.983] [INFO ] - Finding element signInButton using locator By.id: SubmitLogin. (PageFactory:83) 
[23:42:30.984] [INFO ] - Finding element signInEmail using locator By.id: email. (PageFactory:83) 
[23:42:31.068] [TRACE] - Finding element by [By.id: email_create] (DriverListner:236) 
[23:42:31.116] [TRACE] - Element found using [By.id: email_create]... (DriverListner:91) 
[23:42:31.772] [INFO ] - Clicking on Element... (DriverListner:224) 
[23:42:32.036] [TRACE] - Clicked on element... (DriverListner:79) 
[23:42:32.038] [TRACE] - Finding element by [By.id: email_create] (DriverListner:236) 
[23:42:32.073] [TRACE] - Element found using [By.id: email_create]... (DriverListner:91) 
[23:42:32.853] [TRACE] - Finding element by [By.id: email_create] (DriverListner:236) 
[23:42:32.877] [TRACE] - Element found using [By.id: email_create]... (DriverListner:91) 
[23:42:33.430] [INFO ] - Writing text [lean.gutmann@yahoo.com]... (DriverListner:212) 
[23:42:33.770] [TRACE] - Text [lean.gutmann@yahoo.com] has been entered... (DriverListner:67) 
[23:42:33.771] [TRACE] - Finding element by [By.id: SubmitCreate] (DriverListner:236) 
[23:42:33.803] [TRACE] - Element found using [By.id: SubmitCreate]... (DriverListner:91) 
[23:42:34.430] [INFO ] - Clicking on Element... (DriverListner:224) 
[23:42:34.692] [TRACE] - Clicked on element... (DriverListner:79) 
[23:42:34.698] [INFO ] - Finding elements available on the page. (PageFactory:51) 
[23:42:34.699] [INFO ] - Finding element addressLine1 using locator By.id: address1. (PageFactory:83) 
[23:42:34.700] [INFO ] - Finding element addressLine2 using locator By.id: address2. (PageFactory:83) 
[23:42:34.701] [INFO ] - Finding element city using locator By.id: city. (PageFactory:83) 
[23:42:34.702] [INFO ] - Finding element company using locator By.id: company. (PageFactory:83) 
[23:42:34.703] [INFO ] - Finding element country using locator By.id: id_country. (PageFactory:83) 
[23:42:34.704] [INFO ] - Finding element day using locator By.id: days. (PageFactory:83) 
[23:42:34.705] [INFO ] - Finding element firstName using locator By.name: customer_firstname. (PageFactory:83) 
[23:42:34.706] [INFO ] - Finding element lastName using locator By.name: customer_lastname. (PageFactory:83) 
[23:42:34.708] [INFO ] - Finding element mobilePhone using locator By.id: phone_mobile. (PageFactory:83) 
[23:42:34.711] [INFO ] - Finding element month using locator By.id: months. (PageFactory:83) 
[23:42:34.713] [INFO ] - Finding element mrRadioBtn using locator By.id: id_gender1. (PageFactory:83) 
[23:42:34.714] [INFO ] - Finding element mrsRadioBtn using locator By.id: id_gender2. (PageFactory:83) 
[23:42:34.715] [INFO ] - Finding element password using locator By.id: passwd. (PageFactory:83) 
[23:42:34.716] [INFO ] - Finding element receiveOffers using locator By.id: optin. (PageFactory:83) 
[23:42:34.717] [INFO ] - Finding element registerButton using locator By.id: submitAccount. (PageFactory:83) 
[23:42:34.718] [INFO ] - Finding element signUp using locator By.id: newsletter. (PageFactory:83) 
[23:42:34.719] [INFO ] - Finding element state using locator By.id: uniform-id_state. (PageFactory:83) 
[23:42:34.720] [INFO ] - Finding element year using locator By.id: years. (PageFactory:83) 
[23:42:34.722] [INFO ] - Finding element zipCode using locator By.id: postcode. (PageFactory:83) 
[23:42:34.725] [TRACE] - Finding element by [By.id: id_gender1] (DriverListner:236) 
[23:42:36.496] [TRACE] - Element found using [By.id: id_gender1]... (DriverListner:91) 
[23:42:37.172] [INFO ] - Clicking on Element... (DriverListner:224) 
[23:42:37.322] [TRACE] - Clicked on element... (DriverListner:79) 
[23:42:38.510] [TRACE] - Finding element by [By.name: customer_firstname] (DriverListner:236) 
[23:42:38.545] [TRACE] - Element found using [By.name: customer_firstname]... (DriverListner:91) 
[23:42:39.174] [INFO ] - Writing text [Sibyl]... (DriverListner:212) 
[23:42:39.439] [TRACE] - Text [Sibyl] has been entered... (DriverListner:67) 
[23:42:39.440] [TRACE] - Finding element by [By.name: customer_lastname] (DriverListner:236) 
[23:42:39.474] [TRACE] - Element found using [By.name: customer_lastname]... (DriverListner:91) 
[23:42:40.082] [INFO ] - Writing text [Rutherford]... (DriverListner:212) 
[23:42:40.393] [TRACE] - Text [Rutherford] has been entered... (DriverListner:67) 
[23:42:40.394] [TRACE] - Finding element by [By.id: passwd] (DriverListner:236) 
[23:42:40.430] [TRACE] - Element found using [By.id: passwd]... (DriverListner:91) 
[23:42:41.039] [INFO ] - Writing text [Pass@123]... (DriverListner:212) 
[23:42:41.375] [TRACE] - Text [Pass@123] has been entered... (DriverListner:67) 
[23:42:41.378] [TRACE] - Finding element by [By.id: days] (DriverListner:236) 
[23:42:41.414] [TRACE] - Element found using [By.id: days]... (DriverListner:91) 
[23:42:41.949] [TRACE] - Finding element by [By.id: days] (DriverListner:236) 
[23:42:41.985] [TRACE] - Element found using [By.id: days]... (DriverListner:91) 
[23:42:42.536] [TRACE] - Finding element by [By.id: days] (DriverListner:236) 
[23:42:42.560] [TRACE] - Element found using [By.id: days]... (DriverListner:91) 
[23:42:43.087] [TRACE] - Finding element by [By.id: days] (DriverListner:236) 
[23:42:43.122] [TRACE] - Element found using [By.id: days]... (DriverListner:91) 
[23:42:43.660] [TRACE] - Finding element by [By.id: days] (DriverListner:236) 
[23:42:43.694] [TRACE] - Element found using [By.id: days]... (DriverListner:91) 
[23:42:44.248] [TRACE] - Finding element by [By.id: days] (DriverListner:236) 
[23:42:44.283] [TRACE] - Element found using [By.id: days]... (DriverListner:91) 
[23:42:44.829] [TRACE] - Finding element by [By.id: days] (DriverListner:236) 
[23:42:44.862] [TRACE] - Element found using [By.id: days]... (DriverListner:91) 
[23:42:45.435] [TRACE] - Finding element by [By.id: days] (DriverListner:236) 
[23:42:45.469] [TRACE] - Element found using [By.id: days]... (DriverListner:91) 
[23:42:46.021] [TRACE] - Finding element by [By.id: days] (DriverListner:236) 
[23:42:46.059] [TRACE] - Element found using [By.id: days]... (DriverListner:91) 
[23:42:46.625] [TRACE] - Finding element by [By.id: days] (DriverListner:236) 
[23:42:46.659] [TRACE] - Element found using [By.id: days]... (DriverListner:91) 
[23:42:47.204] [TRACE] - Finding element by [By.id: days] (DriverListner:236) 
[23:42:47.238] [TRACE] - Element found using [By.id: days]... (DriverListner:91) 
[23:42:47.785] [TRACE] - Finding element by [By.id: days] (DriverListner:236) 
[23:42:47.818] [TRACE] - Element found using [By.id: days]... (DriverListner:91) 
[23:42:48.365] [TRACE] - Finding element by [By.id: days] (DriverListner:236) 
[23:42:48.397] [TRACE] - Element found using [By.id: days]... (DriverListner:91) 
[23:42:48.955] [TRACE] - Finding element by [By.id: days] (DriverListner:236) 
[23:42:48.988] [TRACE] - Element found using [By.id: days]... (DriverListner:91) 
[23:42:49.534] [TRACE] - Finding element by [By.id: days] (DriverListner:236) 
[23:42:49.570] [TRACE] - Element found using [By.id: days]... (DriverListner:91) 
[23:42:50.118] [TRACE] - Finding element by [By.id: days] (DriverListner:236) 
[23:42:50.148] [TRACE] - Element found using [By.id: days]... (DriverListner:91) 
[23:42:50.681] [TRACE] - Finding element by [By.id: days] (DriverListner:236) 
[23:42:50.712] [TRACE] - Element found using [By.id: days]... (DriverListner:91) 
[23:42:51.256] [TRACE] - Finding element by [By.id: days] (DriverListner:236) 
[23:42:51.283] [TRACE] - Element found using [By.id: days]... (DriverListner:91) 
[23:42:51.812] [TRACE] - Finding element by [By.id: days] (DriverListner:236) 
[23:42:51.844] [TRACE] - Element found using [By.id: days]... (DriverListner:91) 
[23:42:52.443] [TRACE] - Finding element by [By.id: days] (DriverListner:236) 
[23:42:52.475] [TRACE] - Element found using [By.id: days]... (DriverListner:91) 
[23:42:53.023] [TRACE] - Finding element by [By.id: days] (DriverListner:236) 
[23:42:53.054] [TRACE] - Element found using [By.id: days]... (DriverListner:91) 
[23:42:53.603] [TRACE] - Finding element by [By.id: days] (DriverListner:236) 
[23:42:53.633] [TRACE] - Element found using [By.id: days]... (DriverListner:91) 
[23:42:54.182] [TRACE] - Finding element by [By.id: days] (DriverListner:236) 
[23:42:54.212] [TRACE] - Element found using [By.id: days]... (DriverListner:91) 
[23:42:54.763] [TRACE] - Finding element by [By.id: days] (DriverListner:236) 
[23:42:54.786] [TRACE] - Element found using [By.id: days]... (DriverListner:91) 
[23:42:55.316] [TRACE] - Finding element by [By.id: days] (DriverListner:236) 
[23:42:55.341] [TRACE] - Element found using [By.id: days]... (DriverListner:91) 
[23:42:55.876] [TRACE] - Finding element by [By.id: days] (DriverListner:236) 
[23:42:55.900] [TRACE] - Element found using [By.id: days]... (DriverListner:91) 
[23:42:56.427] [TRACE] - Finding element by [By.id: days] (DriverListner:236) 
[23:42:56.445] [TRACE] - Element found using [By.id: days]... (DriverListner:91) 
[23:42:56.973] [TRACE] - Finding element by [By.id: days] (DriverListner:236) 
[23:42:56.995] [TRACE] - Element found using [By.id: days]... (DriverListner:91) 
[23:42:57.519] [TRACE] - Finding element by [By.id: days] (DriverListner:236) 
[23:42:57.550] [TRACE] - Element found using [By.id: days]... (DriverListner:91) 
[23:42:58.105] [TRACE] - Finding element by [By.id: days] (DriverListner:236) 
[23:42:58.139] [TRACE] - Element found using [By.id: days]... (DriverListner:91) 
[23:42:58.683] [TRACE] - Finding element by [By.id: days] (DriverListner:236) 
[23:42:58.714] [TRACE] - Element found using [By.id: days]... (DriverListner:91) 
[23:42:59.258] [TRACE] - Finding element by [By.id: days] (DriverListner:236) 
[23:42:59.291] [TRACE] - Element found using [By.id: days]... (DriverListner:91) 
[23:42:59.844] [TRACE] - Finding element by [By.id: days] (DriverListner:236) 
[23:42:59.878] [TRACE] - Element found using [By.id: days]... (DriverListner:91) 
[23:43:00.425] [TRACE] - Finding element by [By.id: days] (DriverListner:236) 
[23:43:00.451] [TRACE] - Element found using [By.id: days]... (DriverListner:91) 
[23:43:00.977] [TRACE] - Finding element by [By.id: days] (DriverListner:236) 
[23:43:01.000] [TRACE] - Element found using [By.id: days]... (DriverListner:91) 
[23:43:01.534] [TRACE] - Finding element by [By.id: days] (DriverListner:236) 
[23:43:01.550] [TRACE] - Element found using [By.id: days]... (DriverListner:91) 
[23:43:02.077] [TRACE] - Finding element by [By.id: days] (DriverListner:236) 
[23:43:02.126] [TRACE] - Element found using [By.id: days]... (DriverListner:91) 
[23:43:02.665] [TRACE] - Finding element by [By.id: days] (DriverListner:236) 
[23:43:02.683] [TRACE] - Element found using [By.id: days]... (DriverListner:91) 
[23:43:03.214] [TRACE] - Finding element by [By.id: days] (DriverListner:236) 
[23:43:03.234] [TRACE] - Element found using [By.id: days]... (DriverListner:91) 
[23:43:03.775] [TRACE] - Finding element by [By.id: days] (DriverListner:236) 
[23:43:03.803] [TRACE] - Element found using [By.id: days]... (DriverListner:91) 
[23:43:04.342] [TRACE] - Finding element by [By.id: days] (DriverListner:236) 
[23:43:04.359] [TRACE] - Element found using [By.id: days]... (DriverListner:91) 
[23:43:04.886] [TRACE] - Finding element by [By.id: days] (DriverListner:236) 
[23:43:04.920] [TRACE] - Element found using [By.id: days]... (DriverListner:91) 
[23:43:05.467] [TRACE] - Finding element by [By.id: days] (DriverListner:236) 
[23:43:05.501] [TRACE] - Element found using [By.id: days]... (DriverListner:91) 
[23:43:06.051] [TRACE] - Finding element by [By.id: days] (DriverListner:236) 
[23:43:06.082] [TRACE] - Element found using [By.id: days]... (DriverListner:91) 
[23:43:06.630] [TRACE] - Finding element by [By.id: days] (DriverListner:236) 
[23:43:06.662] [TRACE] - Element found using [By.id: days]... (DriverListner:91) 
[23:43:07.208] [TRACE] - Finding element by [By.id: days] (DriverListner:236) 
[23:43:07.243] [TRACE] - Element found using [By.id: days]... (DriverListner:91) 
[23:43:07.792] [TRACE] - Finding element by [By.id: days] (DriverListner:236) 
[23:43:07.809] [TRACE] - Element found using [By.id: days]... (DriverListner:91) 
[23:43:08.336] [TRACE] - Finding element by [By.id: days] (DriverListner:236) 
[23:43:08.383] [TRACE] - Element found using [By.id: days]... (DriverListner:91) 
[23:43:08.910] [TRACE] - Finding element by [By.id: days] (DriverListner:236) 
[23:43:08.928] [TRACE] - Element found using [By.id: days]... (DriverListner:91) 
[23:43:09.457] [TRACE] - Finding element by [By.id: days] (DriverListner:236) 
[23:43:09.475] [TRACE] - Element found using [By.id: days]... (DriverListner:91) 
[23:43:10.002] [TRACE] - Finding element by [By.id: days] (DriverListner:236) 
[23:43:10.020] [TRACE] - Element found using [By.id: days]... (DriverListner:91) 
[23:43:10.546] [TRACE] - Finding element by [By.id: days] (DriverListner:236) 
[23:43:10.579] [TRACE] - Element found using [By.id: days]... (DriverListner:91) 
[23:43:11.131] [TRACE] - Finding element by [By.id: days] (DriverListner:236) 
[23:43:11.147] [TRACE] - Element found using [By.id: days]... (DriverListner:91) 
[23:43:11.673] [TRACE] - Finding element by [By.id: days] (DriverListner:236) 
[23:43:11.710] [TRACE] - Element found using [By.id: days]... (DriverListner:91) 
[23:43:12.262] [TRACE] - Finding element by [By.id: days] (DriverListner:236) 
[23:43:12.277] [TRACE] - Element found using [By.id: days]... (DriverListner:91) 
[23:43:12.801] [TRACE] - Finding element by [By.id: days] (DriverListner:236) 
[23:43:12.819] [TRACE] - Element found using [By.id: days]... (DriverListner:91) 
[23:43:13.346] [TRACE] - Finding element by [By.id: days] (DriverListner:236) 
[23:43:13.363] [TRACE] - Element found using [By.id: days]... (DriverListner:91) 
[23:43:13.889] [TRACE] - Finding element by [By.id: days] (DriverListner:236) 
[23:43:13.927] [TRACE] - Element found using [By.id: days]... (DriverListner:91) 
[23:43:14.474] [TRACE] - Finding element by [By.id: days] (DriverListner:236) 
[23:43:14.507] [TRACE] - Element found using [By.id: days]... (DriverListner:91) 
[23:43:15.055] [TRACE] - Finding element by [By.id: days] (DriverListner:236) 
[23:43:15.072] [TRACE] - Element found using [By.id: days]... (DriverListner:91) 
[23:43:15.596] [TRACE] - Finding element by [By.id: days] (DriverListner:236) 
[23:43:15.615] [TRACE] - Element found using [By.id: days]... (DriverListner:91) 
[23:43:16.139] [TRACE] - Finding element by [By.id: days] (DriverListner:236) 
[23:43:16.173] [TRACE] - Element found using [By.id: days]... (DriverListner:91) 
[23:43:16.719] [TRACE] - Finding element by [By.id: days] (DriverListner:236) 
[23:43:16.750] [TRACE] - Element found using [By.id: days]... (DriverListner:91) 
[23:43:17.299] [TRACE] - Finding element by [By.id: days] (DriverListner:236) 
[23:43:17.333] [TRACE] - Element found using [By.id: days]... (DriverListner:91) 
[23:43:17.872] [TRACE] - Finding element by [By.id: days] (DriverListner:236) 
[23:43:17.893] [TRACE] - Element found using [By.id: days]... (DriverListner:91) 
[23:43:18.419] [TRACE] - Finding element by [By.id: days] (DriverListner:236) 
[23:43:18.434] [TRACE] - Element found using [By.id: days]... (DriverListner:91) 
[23:43:18.971] [TRACE] - Finding element by [By.id: days] (DriverListner:236) 
[23:43:19.005] [TRACE] - Element found using [By.id: days]... (DriverListner:91) 
[23:43:19.556] [TRACE] - Finding element by [By.id: days] (DriverListner:236) 
[23:43:19.581] [TRACE] - Element found using [By.id: days]... (DriverListner:91) 
[23:43:20.111] [TRACE] - Finding element by [By.id: days] (DriverListner:236) 
[23:43:20.143] [TRACE] - Element found using [By.id: days]... (DriverListner:91) 
[23:43:20.675] [TRACE] - Finding element by [By.id: days] (DriverListner:236) 
[23:43:20.710] [TRACE] - Element found using [By.id: days]... (DriverListner:91) 
[23:43:21.256] [TRACE] - Finding element by [By.id: days] (DriverListner:236) 
[23:43:21.285] [TRACE] - Element found using [By.id: days]... (DriverListner:91) 
[23:43:21.813] [TRACE] - Finding element by [By.id: days] (DriverListner:236) 
[23:43:21.830] [TRACE] - Element found using [By.id: days]... (DriverListner:91) 
[23:43:22.353] [TRACE] - Finding element by [By.id: days] (DriverListner:236) 
[23:43:22.393] [TRACE] - Element found using [By.id: days]... (DriverListner:91) 
[23:43:22.926] [TRACE] - Finding element by [By.id: days] (DriverListner:236) 
[23:43:23.051] [TRACE] - Element found using [By.id: days]... (DriverListner:91) 
[23:43:23.601] [TRACE] - Finding element by [By.id: days] (DriverListner:236) 
[23:43:23.635] [TRACE] - Element found using [By.id: days]... (DriverListner:91) 
[23:43:24.179] [TRACE] - Finding element by [By.id: days] (DriverListner:236) 
[23:43:24.210] [TRACE] - Element found using [By.id: days]... (DriverListner:91) 
[23:43:24.755] [TRACE] - Finding element by [By.id: days] (DriverListner:236) 
[23:43:24.785] [TRACE] - Element found using [By.id: days]... (DriverListner:91) 
[23:43:25.329] [TRACE] - Finding element by [By.id: days] (DriverListner:236) 
[23:43:25.360] [TRACE] - Element found using [By.id: days]... (DriverListner:91) 
[23:43:25.907] [TRACE] - Finding element by [By.id: days] (DriverListner:236) 
[23:43:25.940] [TRACE] - Element found using [By.id: days]... (DriverListner:91) 
[23:43:26.489] [TRACE] - Finding element by [By.id: days] (DriverListner:236) 
[23:43:26.519] [TRACE] - Element found using [By.id: days]... (DriverListner:91) 
[23:43:27.070] [TRACE] - Finding element by [By.id: days] (DriverListner:236) 
[23:43:27.100] [TRACE] - Element found using [By.id: days]... (DriverListner:91) 
[23:43:27.654] [TRACE] - Finding element by [By.id: days] (DriverListner:236) 
[23:43:27.684] [TRACE] - Element found using [By.id: days]... (DriverListner:91) 
[23:43:28.237] [TRACE] - Finding element by [By.id: days] (DriverListner:236) 
[23:43:28.255] [TRACE] - Element found using [By.id: days]... (DriverListner:91) 
[23:43:28.781] [TRACE] - Finding element by [By.id: days] (DriverListner:236) 
[23:43:28.809] [TRACE] - Element found using [By.id: days]... (DriverListner:91) 
[23:43:29.342] [TRACE] - Finding element by [By.id: days] (DriverListner:236) 
[23:43:29.380] [TRACE] - Element found using [By.id: days]... (DriverListner:91) 
[23:43:29.929] [TRACE] - Finding element by [By.id: days] (DriverListner:236) 
[23:43:29.959] [TRACE] - Element found using [By.id: days]... (DriverListner:91) 
[23:43:30.509] [TRACE] - Finding element by [By.id: days] (DriverListner:236) 
[23:43:30.543] [TRACE] - Element found using [By.id: days]... (DriverListner:91) 
[23:43:31.103] [TRACE] - Finding element by [By.id: days] (DriverListner:236) 
[23:43:31.133] [TRACE] - Element found using [By.id: days]... (DriverListner:91) 
[23:43:31.677] [TRACE] - Finding element by [By.id: days] (DriverListner:236) 
[23:43:31.707] [TRACE] - Element found using [By.id: days]... (DriverListner:91) 
[23:43:32.252] [TRACE] - Finding element by [By.id: days] (DriverListner:236) 
[23:43:32.288] [TRACE] - Element found using [By.id: days]... (DriverListner:91) 
[23:43:32.825] [TRACE] - Finding element by [By.id: days] (DriverListner:236) 
[23:43:32.855] [TRACE] - Element found using [By.id: days]... (DriverListner:91) 
[23:43:33.406] [TRACE] - Finding element by [By.id: days] (DriverListner:236) 
[23:43:33.438] [TRACE] - Element found using [By.id: days]... (DriverListner:91) 
[23:43:33.988] [TRACE] - Finding element by [By.id: days] (DriverListner:236) 
[23:43:34.020] [TRACE] - Element found using [By.id: days]... (DriverListner:91) 
[23:43:34.566] [TRACE] - Finding element by [By.id: days] (DriverListner:236) 
[23:43:34.599] [TRACE] - Element found using [By.id: days]... (DriverListner:91) 
[23:43:35.144] [TRACE] - Finding element by [By.id: days] (DriverListner:236) 
[23:43:35.176] [TRACE] - Element found using [By.id: days]... (DriverListner:91) 
[23:43:35.726] [TRACE] - Finding element by [By.id: days] (DriverListner:236) 
[23:43:35.762] [TRACE] - Element found using [By.id: days]... (DriverListner:91) 
[23:43:36.311] [TRACE] - Finding element by [By.id: days] (DriverListner:236) 
[23:43:36.343] [TRACE] - Element found using [By.id: days]... (DriverListner:91) 
[23:43:36.892] [TRACE] - Finding element by [By.id: days] (DriverListner:236) 
[23:43:36.922] [TRACE] - Element found using [By.id: days]... (DriverListner:91) 
[23:43:37.468] [TRACE] - Finding element by [By.id: days] (DriverListner:236) 
[23:43:37.510] [TRACE] - Element found using [By.id: days]... (DriverListner:91) 
[23:43:38.056] [TRACE] - Finding element by [By.id: days] (DriverListner:236) 
[23:43:38.100] [TRACE] - Element found using [By.id: days]... (DriverListner:91) 
[23:43:38.698] [TRACE] - Finding element by [By.id: days] (DriverListner:236) 
[23:43:38.731] [TRACE] - Element found using [By.id: days]... (DriverListner:91) 
[23:43:39.278] [TRACE] - Finding element by [By.id: days] (DriverListner:236) 
[23:43:39.308] [TRACE] - Element found using [By.id: days]... (DriverListner:91) 
[23:43:39.856] [TRACE] - Finding element by [By.id: days] (DriverListner:236) 
[23:43:39.887] [TRACE] - Element found using [By.id: days]... (DriverListner:91) 
[23:43:40.430] [TRACE] - Finding element by [By.id: days] (DriverListner:236) 
[23:43:40.506] [TRACE] - Element found using [By.id: days]... (DriverListner:91) 
[23:43:41.119] [TRACE] - Finding element by [By.id: days] (DriverListner:236) 
[23:43:41.149] [TRACE] - Element found using [By.id: days]... (DriverListner:91) 
[23:43:41.692] [TRACE] - Finding element by [By.id: days] (DriverListner:236) 
[23:43:41.722] [TRACE] - Element found using [By.id: days]... (DriverListner:91) 
[23:43:41.798] [INFO ] - Finding elements available on the page. (PageFactory:51) 
[23:43:41.799] [INFO ] - Finding element signInLink using locator By.linkText: Sign in. (PageFactory:83) 
[23:43:41.801] [TRACE] - Finding element by [By.linkText: Sign out] (DriverListner:236) 
