[00:39:05.044] [INFO ] - Starting the browser... (Browser:212) 
[00:39:05.082] [INFO ] - Setting up Chrome driver... (Browser:75) 
[00:39:13.812] [INFO ] - Setting screen size of Browser to NORMAL... (Browser:253) 
[00:39:13.813] [INFO ] - Setting screen resolution to [ScreenResolution{height=768, width=1280}]... (Browser:264) 
[00:39:14.952] [INFO ] - Finding elements available on the page. (PageFactory:51) 
[00:39:14.966] [INFO ] - Finding element signInLink using locator By.linkText: Sign in. (PageFactory:83) 
[00:39:15.003] [INFO ] - Navigating to [http://automationpractice.com/index.php]... (DriverListner:299) 
[00:39:22.918] [TRACE] - Navigated to url [http://automationpractice.com/index.php]... (DriverListner:154) 
[00:39:22.923] [INFO ] - Finding elements available on the page. (PageFactory:51) 
[00:39:22.924] [INFO ] - Finding element signInLink using locator By.linkText: Sign in. (PageFactory:83) 
[00:39:22.933] [TRACE] - Finding element by [By.linkText: Sign in] (DriverListner:236) 
[00:39:22.983] [TRACE] - Element found using [By.linkText: Sign in]... (DriverListner:91) 
[00:39:23.687] [INFO ] - Clicking on Element... (DriverListner:224) 
[00:39:25.568] [TRACE] - Clicked on element... (DriverListner:79) 
[00:39:25.615] [INFO ] - Finding elements available on the page. (PageFactory:51) 
[00:39:25.617] [INFO ] - Finding element createAccountButton using locator By.id: SubmitCreate. (PageFactory:83) 
[00:39:25.618] [INFO ] - Finding element emailId using locator By.id: email_create. (PageFactory:83) 
[00:39:25.619] [INFO ] - Finding element password using locator By.id: passwd. (PageFactory:83) 
[00:39:25.621] [INFO ] - Finding element signInButton using locator By.id: SubmitLogin. (PageFactory:83) 
[00:39:25.622] [INFO ] - Finding element signInEmail using locator By.id: email. (PageFactory:83) 
[00:39:25.711] [TRACE] - Finding element by [By.id: email_create] (DriverListner:236) 
[00:39:25.755] [TRACE] - Element found using [By.id: email_create]... (DriverListner:91) 
[00:39:26.379] [INFO ] - Clicking on Element... (DriverListner:224) 
[00:39:26.501] [TRACE] - Clicked on element... (DriverListner:79) 
[00:39:26.503] [TRACE] - Finding element by [By.id: email_create] (DriverListner:236) 
[00:39:26.541] [TRACE] - Element found using [By.id: email_create]... (DriverListner:91) 
[00:39:27.283] [TRACE] - Finding element by [By.id: email_create] (DriverListner:236) 
[00:39:27.307] [TRACE] - Element found using [By.id: email_create]... (DriverListner:91) 
[00:39:27.850] [INFO ] - Writing text [jacqui.balistreri@yahoo.com]... (DriverListner:212) 
[00:39:28.156] [TRACE] - Text [jacqui.balistreri@yahoo.com] has been entered... (DriverListner:67) 
[00:39:28.156] [TRACE] - Finding element by [By.id: SubmitCreate] (DriverListner:236) 
[00:39:28.193] [TRACE] - Element found using [By.id: SubmitCreate]... (DriverListner:91) 
[00:39:28.832] [INFO ] - Clicking on Element... (DriverListner:224) 
[00:39:28.968] [TRACE] - Clicked on element... (DriverListner:79) 
[00:39:28.972] [INFO ] - Finding elements available on the page. (PageFactory:51) 
[00:39:28.973] [INFO ] - Finding element addressLine1 using locator By.id: address1. (PageFactory:83) 
[00:39:28.974] [INFO ] - Finding element addressLine2 using locator By.id: address2. (PageFactory:83) 
[00:39:28.975] [INFO ] - Finding element city using locator By.id: city. (PageFactory:83) 
[00:39:28.976] [INFO ] - Finding element company using locator By.id: company. (PageFactory:83) 
[00:39:28.978] [INFO ] - Finding element country using locator By.id: id_country. (PageFactory:83) 
[00:39:28.979] [INFO ] - Finding element day using locator By.cssSelector: #uniform-days > #days. (PageFactory:83) 
[00:39:28.980] [INFO ] - Finding element firstName using locator By.name: customer_firstname. (PageFactory:83) 
[00:39:28.981] [INFO ] - Finding element lastName using locator By.name: customer_lastname. (PageFactory:83) 
[00:39:28.982] [INFO ] - Finding element mobilePhone using locator By.id: phone_mobile. (PageFactory:83) 
[00:39:28.985] [INFO ] - Finding element month using locator By.cssSelector: #months. (PageFactory:83) 
[00:39:28.986] [INFO ] - Finding element mrRadioBtn using locator By.cssSelector: #uniform-id_gender1. (PageFactory:83) 
[00:39:28.988] [INFO ] - Finding element mrsRadioBtn using locator By.cssSelector: #uniform-id_gender2. (PageFactory:83) 
[00:39:28.989] [INFO ] - Finding element password using locator By.id: passwd. (PageFactory:83) 
[00:39:28.990] [INFO ] - Finding element receiveOffers using locator By.id: optin. (PageFactory:83) 
[00:39:28.991] [INFO ] - Finding element registerButton using locator By.id: submitAccount. (PageFactory:83) 
[00:39:28.992] [INFO ] - Finding element signUp using locator By.id: newsletter. (PageFactory:83) 
[00:39:28.993] [INFO ] - Finding element state using locator By.id: uniform-id_state. (PageFactory:83) 
[00:39:28.996] [INFO ] - Finding element year using locator By.cssSelector: #years. (PageFactory:83) 
[00:39:28.998] [INFO ] - Finding element zipCode using locator By.id: postcode. (PageFactory:83) 
[00:39:29.001] [TRACE] - Finding element by [By.cssSelector: #uniform-id_gender1] (DriverListner:236) 
[00:39:31.258] [TRACE] - Element found using [By.cssSelector: #uniform-id_gender1]... (DriverListner:91) 
[00:39:31.867] [INFO ] - Clicking on Element... (DriverListner:224) 
[00:39:31.971] [TRACE] - Clicked on element... (DriverListner:79) 
[00:39:33.204] [TRACE] - Finding element by [By.name: customer_firstname] (DriverListner:236) 
[00:39:33.243] [TRACE] - Element found using [By.name: customer_firstname]... (DriverListner:91) 
[00:39:33.850] [INFO ] - Writing text [Millard]... (DriverListner:212) 
[00:39:34.097] [TRACE] - Text [Millard] has been entered... (DriverListner:67) 
[00:39:34.098] [TRACE] - Finding element by [By.name: customer_lastname] (DriverListner:236) 
[00:39:34.131] [TRACE] - Element found using [By.name: customer_lastname]... (DriverListner:91) 
[00:39:34.742] [INFO ] - Writing text [Gerhold]... (DriverListner:212) 
[00:39:34.969] [TRACE] - Text [Gerhold] has been entered... (DriverListner:67) 
[00:39:34.970] [TRACE] - Finding element by [By.id: passwd] (DriverListner:236) 
[00:39:35.007] [TRACE] - Element found using [By.id: passwd]... (DriverListner:91) 
[00:39:35.597] [INFO ] - Writing text [Pass@123]... (DriverListner:212) 
[00:39:35.791] [TRACE] - Text [Pass@123] has been entered... (DriverListner:67) 
[00:39:35.792] [TRACE] - Finding element by [By.cssSelector: #uniform-days > #days] (DriverListner:236) 
[00:39:35.827] [TRACE] - Element found using [By.cssSelector: #uniform-days > #days]... (DriverListner:91) 
[00:39:36.367] [TRACE] - Finding element by [By.cssSelector: #uniform-days > #days] (DriverListner:236) 
[00:39:36.382] [TRACE] - Element found using [By.cssSelector: #uniform-days > #days]... (DriverListner:91) 
[00:39:36.904] [TRACE] - Finding element by [By.cssSelector: #uniform-days > #days] (DriverListner:236) 
[00:39:36.920] [TRACE] - Element found using [By.cssSelector: #uniform-days > #days]... (DriverListner:91) 
[00:39:37.447] [TRACE] - Finding element by [By.cssSelector: #uniform-days > #days] (DriverListner:236) 
[00:39:37.464] [TRACE] - Element found using [By.cssSelector: #uniform-days > #days]... (DriverListner:91) 
[00:39:37.990] [TRACE] - Finding element by [By.cssSelector: #uniform-days > #days] (DriverListner:236) 
[00:39:38.007] [TRACE] - Element found using [By.cssSelector: #uniform-days > #days]... (DriverListner:91) 
[00:39:38.531] [TRACE] - Finding element by [By.cssSelector: #uniform-days > #days] (DriverListner:236) 
[00:39:38.546] [TRACE] - Element found using [By.cssSelector: #uniform-days > #days]... (DriverListner:91) 
[00:39:39.086] [TRACE] - Finding element by [By.cssSelector: #uniform-days > #days] (DriverListner:236) 
[00:39:39.103] [TRACE] - Element found using [By.cssSelector: #uniform-days > #days]... (DriverListner:91) 
[00:39:39.625] [TRACE] - Finding element by [By.cssSelector: #uniform-days > #days] (DriverListner:236) 
[00:39:39.640] [TRACE] - Element found using [By.cssSelector: #uniform-days > #days]... (DriverListner:91) 
[00:39:40.168] [TRACE] - Finding element by [By.cssSelector: #uniform-days > #days] (DriverListner:236) 
[00:39:40.184] [TRACE] - Element found using [By.cssSelector: #uniform-days > #days]... (DriverListner:91) 
[00:39:40.709] [TRACE] - Finding element by [By.cssSelector: #uniform-days > #days] (DriverListner:236) 
[00:39:40.725] [TRACE] - Element found using [By.cssSelector: #uniform-days > #days]... (DriverListner:91) 
[00:39:41.248] [TRACE] - Finding element by [By.cssSelector: #uniform-days > #days] (DriverListner:236) 
[00:39:41.264] [TRACE] - Element found using [By.cssSelector: #uniform-days > #days]... (DriverListner:91) 
[00:39:41.785] [TRACE] - Finding element by [By.cssSelector: #uniform-days > #days] (DriverListner:236) 
[00:39:41.801] [TRACE] - Element found using [By.cssSelector: #uniform-days > #days]... (DriverListner:91) 
[00:39:42.325] [TRACE] - Finding element by [By.cssSelector: #uniform-days > #days] (DriverListner:236) 
[00:39:42.340] [TRACE] - Element found using [By.cssSelector: #uniform-days > #days]... (DriverListner:91) 
[00:39:42.861] [TRACE] - Finding element by [By.cssSelector: #uniform-days > #days] (DriverListner:236) 
[00:39:42.877] [TRACE] - Element found using [By.cssSelector: #uniform-days > #days]... (DriverListner:91) 
[00:39:43.399] [TRACE] - Finding element by [By.cssSelector: #uniform-days > #days] (DriverListner:236) 
[00:39:43.414] [TRACE] - Element found using [By.cssSelector: #uniform-days > #days]... (DriverListner:91) 
[00:39:43.937] [TRACE] - Finding element by [By.cssSelector: #uniform-days > #days] (DriverListner:236) 
[00:39:43.954] [TRACE] - Element found using [By.cssSelector: #uniform-days > #days]... (DriverListner:91) 
[00:39:44.479] [TRACE] - Finding element by [By.cssSelector: #uniform-days > #days] (DriverListner:236) 
[00:39:44.494] [TRACE] - Element found using [By.cssSelector: #uniform-days > #days]... (DriverListner:91) 
[00:39:45.016] [TRACE] - Finding element by [By.cssSelector: #uniform-days > #days] (DriverListner:236) 
[00:39:45.031] [TRACE] - Element found using [By.cssSelector: #uniform-days > #days]... (DriverListner:91) 
[00:39:45.553] [TRACE] - Finding element by [By.cssSelector: #uniform-days > #days] (DriverListner:236) 
[00:39:45.568] [TRACE] - Element found using [By.cssSelector: #uniform-days > #days]... (DriverListner:91) 
[00:39:46.093] [TRACE] - Finding element by [By.cssSelector: #uniform-days > #days] (DriverListner:236) 
[00:39:46.109] [TRACE] - Element found using [By.cssSelector: #uniform-days > #days]... (DriverListner:91) 
[00:39:46.632] [TRACE] - Finding element by [By.cssSelector: #uniform-days > #days] (DriverListner:236) 
[00:39:46.648] [TRACE] - Element found using [By.cssSelector: #uniform-days > #days]... (DriverListner:91) 
[00:39:47.172] [TRACE] - Finding element by [By.cssSelector: #uniform-days > #days] (DriverListner:236) 
[00:39:47.187] [TRACE] - Element found using [By.cssSelector: #uniform-days > #days]... (DriverListner:91) 
[00:39:47.709] [TRACE] - Finding element by [By.cssSelector: #uniform-days > #days] (DriverListner:236) 
[00:39:47.725] [TRACE] - Element found using [By.cssSelector: #uniform-days > #days]... (DriverListner:91) 
[00:39:48.247] [TRACE] - Finding element by [By.cssSelector: #uniform-days > #days] (DriverListner:236) 
[00:39:48.262] [TRACE] - Element found using [By.cssSelector: #uniform-days > #days]... (DriverListner:91) 
[00:39:48.785] [TRACE] - Finding element by [By.cssSelector: #uniform-days > #days] (DriverListner:236) 
[00:39:48.802] [TRACE] - Element found using [By.cssSelector: #uniform-days > #days]... (DriverListner:91) 
[00:39:49.325] [TRACE] - Finding element by [By.cssSelector: #uniform-days > #days] (DriverListner:236) 
[00:39:49.339] [TRACE] - Element found using [By.cssSelector: #uniform-days > #days]... (DriverListner:91) 
[00:39:49.862] [TRACE] - Finding element by [By.cssSelector: #uniform-days > #days] (DriverListner:236) 
[00:39:49.879] [TRACE] - Element found using [By.cssSelector: #uniform-days > #days]... (DriverListner:91) 
[00:39:50.404] [TRACE] - Finding element by [By.cssSelector: #uniform-days > #days] (DriverListner:236) 
[00:39:50.419] [TRACE] - Element found using [By.cssSelector: #uniform-days > #days]... (DriverListner:91) 
[00:39:50.959] [TRACE] - Finding element by [By.cssSelector: #uniform-days > #days] (DriverListner:236) 
[00:39:50.973] [TRACE] - Element found using [By.cssSelector: #uniform-days > #days]... (DriverListner:91) 
[00:39:51.500] [TRACE] - Finding element by [By.cssSelector: #uniform-days > #days] (DriverListner:236) 
[00:39:51.516] [TRACE] - Element found using [By.cssSelector: #uniform-days > #days]... (DriverListner:91) 
[00:39:52.038] [TRACE] - Finding element by [By.cssSelector: #uniform-days > #days] (DriverListner:236) 
[00:39:52.053] [TRACE] - Element found using [By.cssSelector: #uniform-days > #days]... (DriverListner:91) 
[00:39:52.577] [TRACE] - Finding element by [By.cssSelector: #uniform-days > #days] (DriverListner:236) 
[00:39:52.593] [TRACE] - Element found using [By.cssSelector: #uniform-days > #days]... (DriverListner:91) 
[00:39:53.115] [TRACE] - Finding element by [By.cssSelector: #uniform-days > #days] (DriverListner:236) 
[00:39:53.132] [TRACE] - Element found using [By.cssSelector: #uniform-days > #days]... (DriverListner:91) 
[00:39:53.657] [TRACE] - Finding element by [By.cssSelector: #uniform-days > #days] (DriverListner:236) 
[00:39:53.673] [TRACE] - Element found using [By.cssSelector: #uniform-days > #days]... (DriverListner:91) 
[00:39:54.198] [TRACE] - Finding element by [By.cssSelector: #uniform-days > #days] (DriverListner:236) 
[00:39:54.213] [TRACE] - Element found using [By.cssSelector: #uniform-days > #days]... (DriverListner:91) 
[00:39:54.737] [TRACE] - Finding element by [By.cssSelector: #uniform-days > #days] (DriverListner:236) 
[00:39:54.755] [TRACE] - Element found using [By.cssSelector: #uniform-days > #days]... (DriverListner:91) 
[00:39:55.280] [TRACE] - Finding element by [By.cssSelector: #uniform-days > #days] (DriverListner:236) 
[00:39:55.298] [TRACE] - Element found using [By.cssSelector: #uniform-days > #days]... (DriverListner:91) 
[00:39:55.825] [TRACE] - Finding element by [By.cssSelector: #uniform-days > #days] (DriverListner:236) 
[00:39:55.842] [TRACE] - Element found using [By.cssSelector: #uniform-days > #days]... (DriverListner:91) 
[00:39:56.365] [TRACE] - Finding element by [By.cssSelector: #uniform-days > #days] (DriverListner:236) 
[00:39:56.380] [TRACE] - Element found using [By.cssSelector: #uniform-days > #days]... (DriverListner:91) 
[00:39:56.902] [TRACE] - Finding element by [By.cssSelector: #uniform-days > #days] (DriverListner:236) 
[00:39:56.917] [TRACE] - Element found using [By.cssSelector: #uniform-days > #days]... (DriverListner:91) 
[00:39:57.442] [TRACE] - Finding element by [By.cssSelector: #uniform-days > #days] (DriverListner:236) 
[00:39:57.456] [TRACE] - Element found using [By.cssSelector: #uniform-days > #days]... (DriverListner:91) 
[00:39:57.981] [TRACE] - Finding element by [By.cssSelector: #uniform-days > #days] (DriverListner:236) 
[00:39:57.996] [TRACE] - Element found using [By.cssSelector: #uniform-days > #days]... (DriverListner:91) 
[00:39:58.520] [TRACE] - Finding element by [By.cssSelector: #uniform-days > #days] (DriverListner:236) 
[00:39:58.542] [TRACE] - Element found using [By.cssSelector: #uniform-days > #days]... (DriverListner:91) 
[00:39:59.083] [TRACE] - Finding element by [By.cssSelector: #uniform-days > #days] (DriverListner:236) 
[00:39:59.100] [TRACE] - Element found using [By.cssSelector: #uniform-days > #days]... (DriverListner:91) 
[00:39:59.625] [TRACE] - Finding element by [By.cssSelector: #uniform-days > #days] (DriverListner:236) 
[00:39:59.647] [TRACE] - Element found using [By.cssSelector: #uniform-days > #days]... (DriverListner:91) 
[00:40:00.178] [TRACE] - Finding element by [By.cssSelector: #uniform-days > #days] (DriverListner:236) 
[00:40:00.208] [TRACE] - Element found using [By.cssSelector: #uniform-days > #days]... (DriverListner:91) 
[00:40:00.739] [TRACE] - Finding element by [By.cssSelector: #uniform-days > #days] (DriverListner:236) 
[00:40:00.756] [TRACE] - Element found using [By.cssSelector: #uniform-days > #days]... (DriverListner:91) 
[00:40:01.283] [TRACE] - Finding element by [By.cssSelector: #uniform-days > #days] (DriverListner:236) 
[00:40:01.302] [TRACE] - Element found using [By.cssSelector: #uniform-days > #days]... (DriverListner:91) 
[00:40:01.832] [TRACE] - Finding element by [By.cssSelector: #uniform-days > #days] (DriverListner:236) 
[00:40:01.848] [TRACE] - Element found using [By.cssSelector: #uniform-days > #days]... (DriverListner:91) 
[00:40:02.372] [TRACE] - Finding element by [By.cssSelector: #uniform-days > #days] (DriverListner:236) 
[00:40:02.389] [TRACE] - Element found using [By.cssSelector: #uniform-days > #days]... (DriverListner:91) 
[00:40:02.917] [TRACE] - Finding element by [By.cssSelector: #uniform-days > #days] (DriverListner:236) 
[00:40:02.934] [TRACE] - Element found using [By.cssSelector: #uniform-days > #days]... (DriverListner:91) 
[00:40:03.481] [TRACE] - Finding element by [By.cssSelector: #uniform-days > #days] (DriverListner:236) 
[00:40:03.498] [TRACE] - Element found using [By.cssSelector: #uniform-days > #days]... (DriverListner:91) 
[00:40:04.024] [TRACE] - Finding element by [By.cssSelector: #uniform-days > #days] (DriverListner:236) 
[00:40:04.043] [TRACE] - Element found using [By.cssSelector: #uniform-days > #days]... (DriverListner:91) 
[00:40:04.568] [TRACE] - Finding element by [By.cssSelector: #uniform-days > #days] (DriverListner:236) 
[00:40:04.585] [TRACE] - Element found using [By.cssSelector: #uniform-days > #days]... (DriverListner:91) 
[00:40:05.110] [TRACE] - Finding element by [By.cssSelector: #uniform-days > #days] (DriverListner:236) 
[00:40:05.125] [TRACE] - Element found using [By.cssSelector: #uniform-days > #days]... (DriverListner:91) 
[00:40:05.649] [TRACE] - Finding element by [By.cssSelector: #uniform-days > #days] (DriverListner:236) 
[00:40:05.669] [TRACE] - Element found using [By.cssSelector: #uniform-days > #days]... (DriverListner:91) 
[00:40:06.193] [TRACE] - Finding element by [By.cssSelector: #uniform-days > #days] (DriverListner:236) 
[00:40:06.215] [TRACE] - Element found using [By.cssSelector: #uniform-days > #days]... (DriverListner:91) 
[00:40:06.740] [TRACE] - Finding element by [By.cssSelector: #uniform-days > #days] (DriverListner:236) 
[00:40:06.756] [TRACE] - Element found using [By.cssSelector: #uniform-days > #days]... (DriverListner:91) 
[00:40:07.278] [TRACE] - Finding element by [By.cssSelector: #uniform-days > #days] (DriverListner:236) 
[00:40:07.295] [TRACE] - Element found using [By.cssSelector: #uniform-days > #days]... (DriverListner:91) 
[00:40:07.817] [TRACE] - Finding element by [By.cssSelector: #uniform-days > #days] (DriverListner:236) 
[00:40:07.837] [TRACE] - Element found using [By.cssSelector: #uniform-days > #days]... (DriverListner:91) 
[00:40:08.363] [TRACE] - Finding element by [By.cssSelector: #uniform-days > #days] (DriverListner:236) 
[00:40:08.380] [TRACE] - Element found using [By.cssSelector: #uniform-days > #days]... (DriverListner:91) 
[00:40:08.909] [TRACE] - Finding element by [By.cssSelector: #uniform-days > #days] (DriverListner:236) 
[00:40:08.926] [TRACE] - Element found using [By.cssSelector: #uniform-days > #days]... (DriverListner:91) 
[00:40:09.450] [TRACE] - Finding element by [By.cssSelector: #uniform-days > #days] (DriverListner:236) 
[00:40:09.466] [TRACE] - Element found using [By.cssSelector: #uniform-days > #days]... (DriverListner:91) 
[00:40:09.988] [TRACE] - Finding element by [By.cssSelector: #uniform-days > #days] (DriverListner:236) 
[00:40:10.003] [TRACE] - Element found using [By.cssSelector: #uniform-days > #days]... (DriverListner:91) 
[00:40:10.526] [TRACE] - Finding element by [By.cssSelector: #uniform-days > #days] (DriverListner:236) 
[00:40:10.542] [TRACE] - Element found using [By.cssSelector: #uniform-days > #days]... (DriverListner:91) 
[00:40:11.066] [TRACE] - Finding element by [By.cssSelector: #uniform-days > #days] (DriverListner:236) 
[00:40:11.083] [TRACE] - Element found using [By.cssSelector: #uniform-days > #days]... (DriverListner:91) 
[00:40:11.606] [TRACE] - Finding element by [By.cssSelector: #uniform-days > #days] (DriverListner:236) 
[00:40:11.622] [TRACE] - Element found using [By.cssSelector: #uniform-days > #days]... (DriverListner:91) 
[00:40:12.143] [TRACE] - Finding element by [By.cssSelector: #uniform-days > #days] (DriverListner:236) 
[00:40:12.158] [TRACE] - Element found using [By.cssSelector: #uniform-days > #days]... (DriverListner:91) 
[00:40:12.682] [TRACE] - Finding element by [By.cssSelector: #uniform-days > #days] (DriverListner:236) 
[00:40:12.697] [TRACE] - Element found using [By.cssSelector: #uniform-days > #days]... (DriverListner:91) 
[00:40:13.221] [TRACE] - Finding element by [By.cssSelector: #uniform-days > #days] (DriverListner:236) 
[00:40:13.237] [TRACE] - Element found using [By.cssSelector: #uniform-days > #days]... (DriverListner:91) 
[00:40:13.759] [TRACE] - Finding element by [By.cssSelector: #uniform-days > #days] (DriverListner:236) 
[00:40:13.774] [TRACE] - Element found using [By.cssSelector: #uniform-days > #days]... (DriverListner:91) 
[00:40:14.296] [TRACE] - Finding element by [By.cssSelector: #uniform-days > #days] (DriverListner:236) 
[00:40:14.313] [TRACE] - Element found using [By.cssSelector: #uniform-days > #days]... (DriverListner:91) 
[00:40:14.839] [TRACE] - Finding element by [By.cssSelector: #uniform-days > #days] (DriverListner:236) 
[00:40:14.856] [TRACE] - Element found using [By.cssSelector: #uniform-days > #days]... (DriverListner:91) 
[00:40:15.384] [TRACE] - Finding element by [By.cssSelector: #uniform-days > #days] (DriverListner:236) 
[00:40:15.401] [TRACE] - Element found using [By.cssSelector: #uniform-days > #days]... (DriverListner:91) 
[00:40:15.927] [TRACE] - Finding element by [By.cssSelector: #uniform-days > #days] (DriverListner:236) 
[00:40:15.944] [TRACE] - Element found using [By.cssSelector: #uniform-days > #days]... (DriverListner:91) 
[00:40:16.467] [TRACE] - Finding element by [By.cssSelector: #uniform-days > #days] (DriverListner:236) 
[00:40:16.485] [TRACE] - Element found using [By.cssSelector: #uniform-days > #days]... (DriverListner:91) 
[00:40:17.013] [TRACE] - Finding element by [By.cssSelector: #uniform-days > #days] (DriverListner:236) 
[00:40:17.028] [TRACE] - Element found using [By.cssSelector: #uniform-days > #days]... (DriverListner:91) 
[00:40:17.552] [TRACE] - Finding element by [By.cssSelector: #uniform-days > #days] (DriverListner:236) 
[00:40:17.567] [TRACE] - Element found using [By.cssSelector: #uniform-days > #days]... (DriverListner:91) 
[00:40:18.091] [TRACE] - Finding element by [By.cssSelector: #uniform-days > #days] (DriverListner:236) 
[00:40:18.109] [TRACE] - Element found using [By.cssSelector: #uniform-days > #days]... (DriverListner:91) 
[00:40:18.634] [TRACE] - Finding element by [By.cssSelector: #uniform-days > #days] (DriverListner:236) 
[00:40:18.652] [TRACE] - Element found using [By.cssSelector: #uniform-days > #days]... (DriverListner:91) 
[00:40:19.180] [TRACE] - Finding element by [By.cssSelector: #uniform-days > #days] (DriverListner:236) 
[00:40:19.197] [TRACE] - Element found using [By.cssSelector: #uniform-days > #days]... (DriverListner:91) 
[00:40:19.722] [TRACE] - Finding element by [By.cssSelector: #uniform-days > #days] (DriverListner:236) 
[00:40:19.741] [TRACE] - Element found using [By.cssSelector: #uniform-days > #days]... (DriverListner:91) 
[00:40:20.271] [TRACE] - Finding element by [By.cssSelector: #uniform-days > #days] (DriverListner:236) 
[00:40:20.288] [TRACE] - Element found using [By.cssSelector: #uniform-days > #days]... (DriverListner:91) 
[00:40:20.815] [TRACE] - Finding element by [By.cssSelector: #uniform-days > #days] (DriverListner:236) 
[00:40:20.835] [TRACE] - Element found using [By.cssSelector: #uniform-days > #days]... (DriverListner:91) 
[00:40:21.380] [TRACE] - Finding element by [By.cssSelector: #uniform-days > #days] (DriverListner:236) 
[00:40:21.396] [TRACE] - Element found using [By.cssSelector: #uniform-days > #days]... (DriverListner:91) 
[00:40:21.923] [TRACE] - Finding element by [By.cssSelector: #uniform-days > #days] (DriverListner:236) 
[00:40:21.938] [TRACE] - Element found using [By.cssSelector: #uniform-days > #days]... (DriverListner:91) 
[00:40:22.462] [TRACE] - Finding element by [By.cssSelector: #uniform-days > #days] (DriverListner:236) 
[00:40:22.477] [TRACE] - Element found using [By.cssSelector: #uniform-days > #days]... (DriverListner:91) 
[00:40:23.011] [TRACE] - Finding element by [By.cssSelector: #uniform-days > #days] (DriverListner:236) 
[00:40:23.026] [TRACE] - Element found using [By.cssSelector: #uniform-days > #days]... (DriverListner:91) 
[00:40:23.550] [TRACE] - Finding element by [By.cssSelector: #uniform-days > #days] (DriverListner:236) 
[00:40:23.565] [TRACE] - Element found using [By.cssSelector: #uniform-days > #days]... (DriverListner:91) 
[00:40:24.089] [TRACE] - Finding element by [By.cssSelector: #uniform-days > #days] (DriverListner:236) 
[00:40:24.106] [TRACE] - Element found using [By.cssSelector: #uniform-days > #days]... (DriverListner:91) 
[00:40:24.629] [TRACE] - Finding element by [By.cssSelector: #uniform-days > #days] (DriverListner:236) 
[00:40:24.645] [TRACE] - Element found using [By.cssSelector: #uniform-days > #days]... (DriverListner:91) 
[00:40:25.171] [TRACE] - Finding element by [By.cssSelector: #uniform-days > #days] (DriverListner:236) 
[00:40:25.187] [TRACE] - Element found using [By.cssSelector: #uniform-days > #days]... (DriverListner:91) 
[00:40:25.711] [TRACE] - Finding element by [By.cssSelector: #uniform-days > #days] (DriverListner:236) 
[00:40:25.726] [TRACE] - Element found using [By.cssSelector: #uniform-days > #days]... (DriverListner:91) 
[00:40:26.251] [TRACE] - Finding element by [By.cssSelector: #uniform-days > #days] (DriverListner:236) 
[00:40:26.269] [TRACE] - Element found using [By.cssSelector: #uniform-days > #days]... (DriverListner:91) 
[00:40:26.796] [TRACE] - Finding element by [By.cssSelector: #uniform-days > #days] (DriverListner:236) 
[00:40:26.814] [TRACE] - Element found using [By.cssSelector: #uniform-days > #days]... (DriverListner:91) 
[00:40:27.343] [TRACE] - Finding element by [By.cssSelector: #uniform-days > #days] (DriverListner:236) 
[00:40:27.360] [TRACE] - Element found using [By.cssSelector: #uniform-days > #days]... (DriverListner:91) 
[00:40:27.886] [TRACE] - Finding element by [By.cssSelector: #uniform-days > #days] (DriverListner:236) 
[00:40:27.940] [TRACE] - Element found using [By.cssSelector: #uniform-days > #days]... (DriverListner:91) 
[00:40:28.478] [TRACE] - Finding element by [By.cssSelector: #uniform-days > #days] (DriverListner:236) 
[00:40:28.497] [TRACE] - Element found using [By.cssSelector: #uniform-days > #days]... (DriverListner:91) 
[00:40:29.020] [TRACE] - Finding element by [By.cssSelector: #uniform-days > #days] (DriverListner:236) 
[00:40:29.037] [TRACE] - Element found using [By.cssSelector: #uniform-days > #days]... (DriverListner:91) 
[00:40:29.562] [TRACE] - Finding element by [By.cssSelector: #uniform-days > #days] (DriverListner:236) 
[00:40:29.581] [TRACE] - Element found using [By.cssSelector: #uniform-days > #days]... (DriverListner:91) 
[00:40:30.108] [TRACE] - Finding element by [By.cssSelector: #uniform-days > #days] (DriverListner:236) 
[00:40:30.126] [TRACE] - Element found using [By.cssSelector: #uniform-days > #days]... (DriverListner:91) 
[00:40:30.653] [TRACE] - Finding element by [By.cssSelector: #uniform-days > #days] (DriverListner:236) 
[00:40:30.669] [TRACE] - Element found using [By.cssSelector: #uniform-days > #days]... (DriverListner:91) 
[00:40:31.191] [TRACE] - Finding element by [By.cssSelector: #uniform-days > #days] (DriverListner:236) 
[00:40:31.206] [TRACE] - Element found using [By.cssSelector: #uniform-days > #days]... (DriverListner:91) 
[00:40:31.726] [TRACE] - Finding element by [By.cssSelector: #uniform-days > #days] (DriverListner:236) 
[00:40:31.742] [TRACE] - Element found using [By.cssSelector: #uniform-days > #days]... (DriverListner:91) 
[00:40:32.266] [TRACE] - Finding element by [By.cssSelector: #uniform-days > #days] (DriverListner:236) 
[00:40:32.282] [TRACE] - Element found using [By.cssSelector: #uniform-days > #days]... (DriverListner:91) 
[00:40:32.803] [TRACE] - Finding element by [By.cssSelector: #uniform-days > #days] (DriverListner:236) 
[00:40:32.819] [TRACE] - Element found using [By.cssSelector: #uniform-days > #days]... (DriverListner:91) 
[00:40:33.341] [TRACE] - Finding element by [By.cssSelector: #uniform-days > #days] (DriverListner:236) 
[00:40:33.356] [TRACE] - Element found using [By.cssSelector: #uniform-days > #days]... (DriverListner:91) 
[00:40:33.878] [TRACE] - Finding element by [By.cssSelector: #uniform-days > #days] (DriverListner:236) 
[00:40:33.895] [TRACE] - Element found using [By.cssSelector: #uniform-days > #days]... (DriverListner:91) 
[00:40:34.420] [TRACE] - Finding element by [By.cssSelector: #uniform-days > #days] (DriverListner:236) 
[00:40:34.435] [TRACE] - Element found using [By.cssSelector: #uniform-days > #days]... (DriverListner:91) 
[00:40:34.961] [TRACE] - Finding element by [By.cssSelector: #uniform-days > #days] (DriverListner:236) 
[00:40:34.990] [TRACE] - Element found using [By.cssSelector: #uniform-days > #days]... (DriverListner:91) 
[00:40:35.526] [TRACE] - Finding element by [By.cssSelector: #uniform-days > #days] (DriverListner:236) 
[00:40:35.540] [TRACE] - Element found using [By.cssSelector: #uniform-days > #days]... (DriverListner:91) 
[00:40:36.072] [TRACE] - Finding element by [By.cssSelector: #uniform-days > #days] (DriverListner:236) 
[00:40:36.087] [TRACE] - Element found using [By.cssSelector: #uniform-days > #days]... (DriverListner:91) 
[00:40:36.129] [TRACE] - Finding element by [By.linkText: Sign out] (DriverListner:236) 
