[00:36:40.306] [INFO ] - Starting the browser... (Browser:) 
[00:36:40.343] [INFO ] - Setting up Chrome driver... (Browser:) 
[00:36:49.080] [INFO ] - Setting screen size of Browser to NORMAL... (Browser:) 
[00:36:49.081] [INFO ] - Setting screen resolution to [ScreenResolution{height=768, width=1280}]... (Browser:) 
[00:36:50.222] [INFO ] - Finding elements available on the page. (PageFactory:) 
[00:36:50.233] [INFO ] - Finding element signInLink using locator By.linkText: Sign in. (PageFactory:) 
[00:36:50.265] [INFO ] - Navigating to [http://automationpractice.com/index.php]... (DriverListner:) 
[00:36:56.968] [INFO ] - Finding elements available on the page. (PageFactory:) 
[00:36:56.969] [INFO ] - Finding element signInLink using locator By.linkText: Sign in. (PageFactory:) 
[00:36:57.716] [INFO ] - Clicking on Element... (DriverListner:) 
[00:36:59.759] [INFO ] - Finding elements available on the page. (PageFactory:) 
[00:36:59.762] [INFO ] - Finding element createAccountButton using locator By.id: SubmitCreate. (PageFactory:) 
[00:36:59.764] [INFO ] - Finding element emailId using locator By.id: email_create. (PageFactory:) 
[00:36:59.765] [INFO ] - Finding element password using locator By.id: passwd. (PageFactory:) 
[00:36:59.767] [INFO ] - Finding element signInButton using locator By.id: SubmitLogin. (PageFactory:) 
[00:36:59.768] [INFO ] - Finding element signInEmail using locator By.id: email. (PageFactory:) 
[00:37:00.586] [INFO ] - Clicking on Element... (DriverListner:) 
[00:37:02.212] [INFO ] - Writing text [ardath.walsh@hotmail.com]... (DriverListner:) 
[00:37:03.173] [INFO ] - Clicking on Element... (DriverListner:) 
[00:37:03.361] [INFO ] - Finding elements available on the page. (PageFactory:) 
[00:37:03.362] [INFO ] - Finding element addressLine1 using locator By.id: address1. (PageFactory:) 
[00:37:03.363] [INFO ] - Finding element addressLine2 using locator By.id: address2. (PageFactory:) 
[00:37:03.364] [INFO ] - Finding element city using locator By.id: city. (PageFactory:) 
[00:37:03.365] [INFO ] - Finding element company using locator By.id: company. (PageFactory:) 
[00:37:03.367] [INFO ] - Finding element country using locator By.id: id_country. (PageFactory:) 
[00:37:03.368] [INFO ] - Finding element day using locator By.cssSelector: #uniform-days > #days. (PageFactory:) 
[00:37:03.370] [INFO ] - Finding element firstName using locator By.name: customer_firstname. (PageFactory:) 
[00:37:03.371] [INFO ] - Finding element lastName using locator By.name: customer_lastname. (PageFactory:) 
[00:37:03.372] [INFO ] - Finding element mobilePhone using locator By.id: phone_mobile. (PageFactory:) 
[00:37:03.374] [INFO ] - Finding element month using locator By.cssSelector: #months. (PageFactory:) 
[00:37:03.375] [INFO ] - Finding element mrRadioBtn using locator By.cssSelector: #uniform-id_gender1. (PageFactory:) 
[00:37:03.376] [INFO ] - Finding element mrsRadioBtn using locator By.cssSelector: #uniform-id_gender2. (PageFactory:) 
[00:37:03.377] [INFO ] - Finding element password using locator By.id: passwd. (PageFactory:) 
[00:37:03.378] [INFO ] - Finding element receiveOffers using locator By.id: optin. (PageFactory:) 
[00:37:03.379] [INFO ] - Finding element registerButton using locator By.id: submitAccount. (PageFactory:) 
[00:37:03.380] [INFO ] - Finding element signUp using locator By.id: newsletter. (PageFactory:) 
[00:37:03.381] [INFO ] - Finding element state using locator By.id: uniform-id_state. (PageFactory:) 
[00:37:03.382] [INFO ] - Finding element year using locator By.cssSelector: #years. (PageFactory:) 
[00:37:03.383] [INFO ] - Finding element zipCode using locator By.id: postcode. (PageFactory:) 
[00:37:06.232] [INFO ] - Clicking on Element... (DriverListner:) 
[00:37:08.453] [INFO ] - Writing text [Doug]... (DriverListner:) 
[00:37:09.323] [INFO ] - Writing text [Stracke]... (DriverListner:) 
[00:37:10.275] [INFO ] - Writing text [Pass@123]... (DriverListner:) 
