[00:34:26.142] [INFO ] - Starting the browser... (Browser:) 
[00:34:26.177] [INFO ] - Setting up Chrome driver... (Browser:) 
[00:34:34.094] [INFO ] - Setting screen size of Browser to NORMAL... (Browser:) 
[00:34:34.096] [INFO ] - Setting screen resolution to [ScreenResolution{height=768, width=1280}]... (Browser:) 
[00:34:35.235] [INFO ] - Finding elements available on the page. (PageFactory:) 
[00:34:35.245] [INFO ] - Finding element signInLink using locator By.linkText: Sign in. (PageFactory:) 
[00:34:35.276] [INFO ] - Navigating to [http://automationpractice.com/index.php]... (DriverListner:) 
[00:34:42.208] [INFO ] - Finding elements available on the page. (PageFactory:) 
[00:34:42.209] [INFO ] - Finding element signInLink using locator By.linkText: Sign in. (PageFactory:) 
[00:34:42.937] [INFO ] - Clicking on Element... (DriverListner:) 
[00:34:45.136] [INFO ] - Finding elements available on the page. (PageFactory:) 
[00:34:45.138] [INFO ] - Finding element createAccountButton using locator By.id: SubmitCreate. (PageFactory:) 
[00:34:45.139] [INFO ] - Finding element emailId using locator By.id: email_create. (PageFactory:) 
[00:34:45.141] [INFO ] - Finding element password using locator By.id: passwd. (PageFactory:) 
[00:34:45.142] [INFO ] - Finding element signInButton using locator By.id: SubmitLogin. (PageFactory:) 
[00:34:45.143] [INFO ] - Finding element signInEmail using locator By.id: email. (PageFactory:) 
[00:34:46.056] [INFO ] - Clicking on Element... (DriverListner:) 
[00:34:47.593] [INFO ] - Writing text [sabine.bernhard@gmail.com]... (DriverListner:) 
[00:34:48.558] [INFO ] - Clicking on Element... (DriverListner:) 
[00:34:48.723] [INFO ] - Finding elements available on the page. (PageFactory:) 
[00:34:48.724] [INFO ] - Finding element addressLine1 using locator By.id: address1. (PageFactory:) 
[00:34:48.725] [INFO ] - Finding element addressLine2 using locator By.id: address2. (PageFactory:) 
[00:34:48.726] [INFO ] - Finding element city using locator By.id: city. (PageFactory:) 
[00:34:48.727] [INFO ] - Finding element company using locator By.id: company. (PageFactory:) 
[00:34:48.730] [INFO ] - Finding element country using locator By.id: id_country. (PageFactory:) 
[00:34:48.731] [INFO ] - Finding element day using locator By.cssSelector: #days. (PageFactory:) 
[00:34:48.732] [INFO ] - Finding element firstName using locator By.name: customer_firstname. (PageFactory:) 
[00:34:48.733] [INFO ] - Finding element lastName using locator By.name: customer_lastname. (PageFactory:) 
[00:34:48.734] [INFO ] - Finding element mobilePhone using locator By.id: phone_mobile. (PageFactory:) 
[00:34:48.736] [INFO ] - Finding element month using locator By.cssSelector: #months. (PageFactory:) 
[00:34:48.737] [INFO ] - Finding element mrRadioBtn using locator By.cssSelector: #uniform-id_gender1. (PageFactory:) 
[00:34:48.738] [INFO ] - Finding element mrsRadioBtn using locator By.cssSelector: #uniform-id_gender2. (PageFactory:) 
[00:34:48.739] [INFO ] - Finding element password using locator By.id: passwd. (PageFactory:) 
[00:34:48.740] [INFO ] - Finding element receiveOffers using locator By.id: optin. (PageFactory:) 
[00:34:48.741] [INFO ] - Finding element registerButton using locator By.id: submitAccount. (PageFactory:) 
[00:34:48.742] [INFO ] - Finding element signUp using locator By.id: newsletter. (PageFactory:) 
[00:34:48.743] [INFO ] - Finding element state using locator By.id: uniform-id_state. (PageFactory:) 
[00:34:48.745] [INFO ] - Finding element year using locator By.cssSelector: #years. (PageFactory:) 
[00:34:48.746] [INFO ] - Finding element zipCode using locator By.id: postcode. (PageFactory:) 
[00:34:51.590] [INFO ] - Clicking on Element... (DriverListner:) 
[00:34:53.729] [INFO ] - Writing text [Mario]... (DriverListner:) 
[00:34:54.585] [INFO ] - Writing text [Oberbrunner]... (DriverListner:) 
[00:34:55.455] [INFO ] - Writing text [Pass@123]... (DriverListner:) 
