[21:46:31.611] [INFO ] - Starting the browser... (Browser:212) 
[21:46:31.645] [INFO ] - Setting up Chrome driver... (Browser:75) 
[21:46:37.737] [INFO ] - Setting screen size of Browser to NORMAL... (Browser:253) 
[21:46:37.738] [INFO ] - Setting screen resolution to [ScreenResolution{height=768, width=1280}]... (Browser:264) 
[21:46:38.926] [INFO ] - Finding elements available on the page. (PageFactory:51) 
[21:46:38.947] [INFO ] - Finding element signInLink using locator By.linkText: Sign in. (PageFactory:83) 
[21:46:39.018] [INFO ] - Navigating to [http://automationpractice.com/index.php]... (DriverListner:299) 
[21:47:09.235] [TRACE] - Navigated to url [http://automationpractice.com/index.php]... (DriverListner:154) 
[21:47:09.241] [INFO ] - Finding elements available on the page. (PageFactory:51) 
[21:47:09.241] [INFO ] - Finding element signInLink using locator By.linkText: Sign in. (PageFactory:83) 
[21:47:09.251] [TRACE] - Finding element by [By.linkText: Sign in] (DriverListner:236) 
[21:47:09.297] [TRACE] - Element found using [By.linkText: Sign in]... (DriverListner:91) 
[21:47:09.992] [INFO ] - Clicking on Element... (DriverListner:224) 
[21:47:13.767] [TRACE] - Clicked on element... (DriverListner:79) 
[21:47:13.802] [INFO ] - Finding elements available on the page. (PageFactory:51) 
[21:47:13.803] [INFO ] - Finding element createAccountButton using locator By.id: SubmitCreate. (PageFactory:83) 
[21:47:13.806] [INFO ] - Finding element emailId using locator By.id: email_create. (PageFactory:83) 
[21:47:13.808] [INFO ] - Finding element password using locator By.id: passwd. (PageFactory:83) 
[21:47:13.810] [INFO ] - Finding element signInButton using locator By.id: SubmitLogin. (PageFactory:83) 
[21:47:13.812] [INFO ] - Finding element signInEmail using locator By.id: email. (PageFactory:83) 
[21:47:13.893] [TRACE] - Finding element by [By.id: email_create] (DriverListner:236) 
[21:47:13.935] [TRACE] - Element found using [By.id: email_create]... (DriverListner:91) 
[21:47:14.590] [INFO ] - Clicking on Element... (DriverListner:224) 
[21:47:14.781] [TRACE] - Clicked on element... (DriverListner:79) 
[21:47:14.784] [TRACE] - Finding element by [By.id: email_create] (DriverListner:236) 
[21:47:14.823] [TRACE] - Element found using [By.id: email_create]... (DriverListner:91) 
[21:47:15.614] [TRACE] - Finding element by [By.id: email_create] (DriverListner:236) 
[21:47:15.633] [TRACE] - Element found using [By.id: email_create]... (DriverListner:91) 
[21:47:16.176] [INFO ] - Writing text [merri.vandervort@yahoo.com]... (DriverListner:212) 
[21:47:16.600] [TRACE] - Text [merri.vandervort@yahoo.com] has been entered... (DriverListner:67) 
[21:47:16.601] [TRACE] - Finding element by [By.id: SubmitCreate] (DriverListner:236) 
[21:47:16.652] [TRACE] - Element found using [By.id: SubmitCreate]... (DriverListner:91) 
[21:47:17.304] [INFO ] - Clicking on Element... (DriverListner:224) 
[21:47:17.555] [TRACE] - Clicked on element... (DriverListner:79) 
[21:47:17.577] [INFO ] - Finding elements available on the page. (PageFactory:51) 
[21:47:17.578] [INFO ] - Finding element signInLink using locator By.linkText: Sign in. (PageFactory:83) 
[21:47:17.579] [TRACE] - Finding element by [By.linkText: Sign out] (DriverListner:236) 
