[21:46:31.611] [INFO ] - Starting the browser... (Browser:) 
[21:46:31.645] [INFO ] - Setting up Chrome driver... (Browser:) 
[21:46:37.737] [INFO ] - Setting screen size of Browser to NORMAL... (Browser:) 
[21:46:37.738] [INFO ] - Setting screen resolution to [ScreenResolution{height=768, width=1280}]... (Browser:) 
[21:46:38.926] [INFO ] - Finding elements available on the page. (PageFactory:) 
[21:46:38.947] [INFO ] - Finding element signInLink using locator By.linkText: Sign in. (PageFactory:) 
[21:46:39.018] [INFO ] - Navigating to [http://automationpractice.com/index.php]... (DriverListner:) 
[21:47:09.241] [INFO ] - Finding elements available on the page. (PageFactory:) 
[21:47:09.241] [INFO ] - Finding element signInLink using locator By.linkText: Sign in. (PageFactory:) 
[21:47:09.992] [INFO ] - Clicking on Element... (DriverListner:) 
[21:47:13.802] [INFO ] - Finding elements available on the page. (PageFactory:) 
[21:47:13.803] [INFO ] - Finding element createAccountButton using locator By.id: SubmitCreate. (PageFactory:) 
[21:47:13.806] [INFO ] - Finding element emailId using locator By.id: email_create. (PageFactory:) 
[21:47:13.808] [INFO ] - Finding element password using locator By.id: passwd. (PageFactory:) 
[21:47:13.810] [INFO ] - Finding element signInButton using locator By.id: SubmitLogin. (PageFactory:) 
[21:47:13.812] [INFO ] - Finding element signInEmail using locator By.id: email. (PageFactory:) 
[21:47:14.590] [INFO ] - Clicking on Element... (DriverListner:) 
[21:47:16.176] [INFO ] - Writing text [merri.vandervort@yahoo.com]... (DriverListner:) 
[21:47:17.304] [INFO ] - Clicking on Element... (DriverListner:) 
[21:47:17.577] [INFO ] - Finding elements available on the page. (PageFactory:) 
[21:47:17.578] [INFO ] - Finding element signInLink using locator By.linkText: Sign in. (PageFactory:) 
